#
# There is insufficient memory for the Java Runtime Environment to continue.
# Native memory allocation (malloc) failed to allocate 213136 bytes for Chunk::new
# Possible reasons:
#   The system is out of physical RAM or swap space
#   The process is running with CompressedOops enabled, and the Java Heap may be blocking the growth of the native heap
# Possible solutions:
#   Reduce memory load on the system
#   Increase physical memory or swap space
#   Check if swap backing store is full
#   Decrease Java heap size (-Xmx/-Xms)
#   Decrease number of Java threads
#   Decrease Java thread stack sizes (-Xss)
#   Set larger code cache with -XX:ReservedCodeCacheSize=
#   JVM is running with Zero Based Compressed Oops mode in which the Java heap is
#     placed in the first 32GB address space. The Java Heap base address is the
#     maximum limit for the native heap growth. Please use -XX:HeapBaseMinAddress
#     to set the Java Heap base and to place the Java Heap above 32GB virtual address.
# This output file may be truncated or incomplete.
#
#  Out of Memory Error (t:/workspace/open/src/hotspot/share/memory/arena.cpp:197), pid=16832, tid=7724
#
# JRE version: OpenJDK Runtime Environment (11.0.2+9) (build 11.0.2+9)
# Java VM: OpenJDK 64-Bit Server VM (11.0.2+9, mixed mode, tiered, compressed oops, g1 gc, windows-amd64)
# No core dump will be written. Minidumps are not enabled by default on client versions of Windows
#

---------------  S U M M A R Y ------------

Command Line: -Djavafx.embed.singleThread=true 

Host: Intel(R) Core(TM) i5-8400 CPU @ 2.80GHz, 6 cores, 11G,  Windows 10 , 64 bit Build 19041 (10.0.19041.546)
Time: Mon Nov  2 20:00:49 2020 Hora estándar romance elapsed time: 39 seconds (0d 0h 0m 39s)

---------------  T H R E A D  ---------------

Current thread (0x0000000024d60800):  JavaThread "C2 CompilerThread0" daemon [_thread_in_native, id=7724, stack(0x0000000025bf0000,0x0000000025df0000)]


Current CompileTask:
C2:  39848 6834   !   4       javafx.scene.CssStyleHelper::lookup (512 bytes)

Stack: [0x0000000025bf0000,0x0000000025df0000]
Native frames: (J=compiled Java code, j=interpreted, Vv=VM code, C=native code)
V  [jvm.dll+0x63489a]
V  [jvm.dll+0x771f9f]
V  [jvm.dll+0x773648]
V  [jvm.dll+0x773d03]
V  [jvm.dll+0x25eba8]
V  [jvm.dll+0xc2191]
V  [jvm.dll+0xc271c]
V  [jvm.dll+0x2cf964]
V  [jvm.dll+0x55129f]
V  [jvm.dll+0x21a125]
V  [jvm.dll+0x217a46]
V  [jvm.dll+0x194370]
V  [jvm.dll+0x226b3f]
V  [jvm.dll+0x225148]
V  [jvm.dll+0x73774d]
V  [jvm.dll+0x633942]
C  [ucrtbase.dll+0x214c2]
C  [KERNEL32.DLL+0x17034]
C  [ntdll.dll+0x4cec1]


---------------  P R O C E S S  ---------------

Threads class SMR info:
_java_thread_list=0x000000003c159980, length=33, elements={
0x0000000002ce2000, 0x0000000024cf5000, 0x0000000024cff000, 0x0000000024d5c800,
0x0000000024d5f000, 0x0000000024d60800, 0x0000000024d0c000, 0x0000000024d0f800,
0x0000000024eb9000, 0x0000000024ee1000, 0x00000000268f8800, 0x00000000269eb000,
0x00000000269bc000, 0x00000000269aa800, 0x0000000026ac7800, 0x0000000026fe7000,
0x0000000026a98800, 0x0000000026a99800, 0x0000000026ed1800, 0x000000002a3ed000,
0x000000002a3ec000, 0x000000002a3ea800, 0x000000002a3e8800, 0x0000000030cf5800,
0x0000000030cf3800, 0x0000000030cfb000, 0x0000000030cfc000, 0x0000000030cfc800,
0x0000000030cfd800, 0x0000000030cf8800, 0x0000000030cf7800, 0x0000000030cfe000,
0x0000000030cf3000
}

Java Threads: ( => current thread )
  0x0000000002ce2000 JavaThread "main" [_thread_blocked, id=19808, stack(0x00000000004e0000,0x00000000006e0000)]
  0x0000000024cf5000 JavaThread "Reference Handler" daemon [_thread_blocked, id=5788, stack(0x00000000252d0000,0x00000000254d0000)]
  0x0000000024cff000 JavaThread "Finalizer" daemon [_thread_blocked, id=20704, stack(0x00000000254d0000,0x00000000256d0000)]
  0x0000000024d5c800 JavaThread "Signal Dispatcher" daemon [_thread_blocked, id=14228, stack(0x00000000257f0000,0x00000000259f0000)]
  0x0000000024d5f000 JavaThread "Attach Listener" daemon [_thread_blocked, id=19300, stack(0x00000000259f0000,0x0000000025bf0000)]
=>0x0000000024d60800 JavaThread "C2 CompilerThread0" daemon [_thread_in_native, id=7724, stack(0x0000000025bf0000,0x0000000025df0000)]
  0x0000000024d0c000 JavaThread "C1 CompilerThread0" daemon [_thread_blocked, id=10340, stack(0x0000000025df0000,0x0000000025ff0000)]
  0x0000000024d0f800 JavaThread "Sweeper thread" daemon [_thread_blocked, id=17592, stack(0x0000000025ff0000,0x00000000261f0000)]
  0x0000000024eb9000 JavaThread "Service Thread" daemon [_thread_blocked, id=20284, stack(0x00000000261f0000,0x00000000263f0000)]
  0x0000000024ee1000 JavaThread "Common-Cleaner" daemon [_thread_blocked, id=4556, stack(0x00000000265f0000,0x00000000267f0000)]
  0x00000000268f8800 JavaThread "JavaFX-Launcher" [_thread_blocked, id=20280, stack(0x0000000026ff0000,0x00000000271f0000)]
  0x00000000269eb000 JavaThread "QuantumRenderer-0" daemon [_thread_blocked, id=1788, stack(0x00000000273b0000,0x00000000275b0000)]
  0x00000000269bc000 JavaThread "InvokeLaterDispatcher" daemon [_thread_blocked, id=9656, stack(0x00000000277c0000,0x00000000279c0000)]
  0x00000000269aa800 JavaThread "JavaFX Application Thread" [_thread_in_native, id=15192, stack(0x00000000279c0000,0x0000000027bc0000)]
  0x0000000026ac7800 JavaThread "Thread-2" daemon [_thread_in_native, id=10204, stack(0x0000000029dc0000,0x0000000029fc0000)]
  0x0000000026fe7000 JavaThread "Java2D Disposer" daemon [_thread_blocked, id=23344, stack(0x000000002b330000,0x000000002b530000)]
  0x0000000026a98800 JavaThread "AWT-Shutdown" [_thread_blocked, id=17336, stack(0x000000002b530000,0x000000002b730000)]
  0x0000000026a99800 JavaThread "AWT-Windows" daemon [_thread_in_native, id=23816, stack(0x000000002b730000,0x000000002b930000)]
  0x0000000026ed1800 JavaThread "Thread-3" [_thread_blocked, id=15136, stack(0x000000002b930000,0x000000002bb30000)]
  0x000000002a3ed000 JavaThread "AWT-EventQueue-0" [_thread_blocked, id=17236, stack(0x000000002f460000,0x000000002f660000)]
  0x000000002a3ec000 JavaThread "TimerQueue" daemon [_thread_blocked, id=19020, stack(0x000000002f660000,0x000000002f860000)]
  0x000000002a3ea800 JavaThread "Prism Font Disposer" daemon [_thread_blocked, id=23036, stack(0x000000002ef20000,0x000000002f120000)]
  0x000000002a3e8800 JavaThread "Thread-8" daemon [_thread_blocked, id=12764, stack(0x0000000034420000,0x0000000034620000)]
  0x0000000030cf5800 JavaThread "SwingNode Disposer" daemon [_thread_blocked, id=20484, stack(0x0000000036a60000,0x0000000036c60000)]
  0x0000000030cf3800 JavaThread "Hilo del compilador de BlueJ" [_thread_blocked, id=14140, stack(0x0000000037060000,0x0000000037260000)]
  0x0000000030cfb000 JavaThread "JDI Internal Event Handler" daemon [_thread_blocked, id=24084, stack(0x00000000382b0000,0x00000000384b0000)]
  0x0000000030cfc000 JavaThread "JDI Target VM Interface" daemon [_thread_in_native, id=10424, stack(0x00000000386b0000,0x00000000388b0000)]
  0x0000000030cfc800 JavaThread "Cleaner-0" daemon [_thread_blocked, id=6272, stack(0x00000000388b0000,0x0000000038ab0000)]
  0x0000000030cfd800 JavaThread "BlueJ I/O Handler" [_thread_in_native, id=10360, stack(0x0000000038ab0000,0x0000000038cb0000)]
  0x0000000030cf8800 JavaThread "BlueJ I/O Handler" [_thread_in_native, id=23072, stack(0x0000000038cb0000,0x0000000038eb0000)]
  0x0000000030cf7800 JavaThread "BlueJ I/O Handler" [_thread_blocked, id=16780, stack(0x0000000038eb0000,0x00000000390b0000)]
  0x0000000030cfe000 JavaThread "vm-event-handler" [_thread_blocked, id=2076, stack(0x00000000390b0000,0x00000000392b0000)]
  0x0000000030cf3000 JavaThread "Disposer" daemon [_thread_blocked, id=10716, stack(0x0000000036060000,0x0000000036260000)]

Other Threads:
  0x00000000240bf800 VMThread "VM Thread" [stack: 0x00000000250d0000,0x00000000252d0000] [id=1692]
  0x0000000024edc000 WatcherThread [stack: 0x00000000263f0000,0x00000000265f0000] [id=17104]
  0x0000000002cf7000 GCTaskThread "GC Thread#0" [stack: 0x00000000026a0000,0x00000000028a0000] [id=2556]
  0x000000002a066800 GCTaskThread "GC Thread#1" [stack: 0x000000002bd30000,0x000000002bf30000] [id=13968]
  0x0000000026d55000 GCTaskThread "GC Thread#2" [stack: 0x000000002bf30000,0x000000002c130000] [id=15744]
  0x000000002a063000 GCTaskThread "GC Thread#3" [stack: 0x000000002c130000,0x000000002c330000] [id=3912]
  0x000000002a057800 GCTaskThread "GC Thread#4" [stack: 0x000000002c330000,0x000000002c530000] [id=17736]
  0x000000002a058000 GCTaskThread "GC Thread#5" [stack: 0x000000002c530000,0x000000002c730000] [id=20804]
  0x0000000002d3c000 ConcurrentGCThread "G1 Main Marker" [stack: 0x0000000021470000,0x0000000021670000] [id=17416]
  0x0000000002d40000 ConcurrentGCThread "G1 Conc#0" [stack: 0x0000000021670000,0x0000000021870000] [id=21624]
  0x0000000026b66000 ConcurrentGCThread "G1 Conc#1" [stack: 0x000000002fa60000,0x000000002fc60000] [id=9764]
  0x0000000023f26800 ConcurrentGCThread "G1 Refine#0" [stack: 0x00000000240d0000,0x00000000242d0000] [id=21344]
  0x00000000268f6800 ConcurrentGCThread "G1 Refine#1" [stack: 0x000000002c730000,0x000000002c930000] [id=23568]
  0x0000000023f27800 ConcurrentGCThread "G1 Young RemSet Sampling" [stack: 0x00000000242d0000,0x00000000244d0000] [id=14564]

Threads with active compile tasks:
C2 CompilerThread06834   !   4       javafx.scene.CssStyleHelper::lookup (512 bytes)

VM state:not at safepoint (normal execution)

VM Mutex/Monitor currently owned by a thread: None

Heap address: 0x0000000741800000, size: 3048 MB, Compressed Oops mode: Zero based, Oop shift amount: 3
Narrow klass base: 0x0000000800000000, Narrow klass shift: 0
Compressed class space size: 1073741824 Address: 0x0000000800000000

Heap:
 garbage-first heap   total 236544K, used 122587K [0x0000000741800000, 0x0000000800000000)
  region size 1024K, 81 young (82944K), 5 survivors (5120K)
 Metaspace       used 64868K, capacity 67579K, committed 67664K, reserved 1107968K
  class space    used 8601K, capacity 9790K, committed 9852K, reserved 1048576K
Heap Regions: E=young(eden), S=young(survivor), O=old, HS=humongous(starts), HC=humongous(continues), CS=collection set, F=free, A=archive, TAMS=top-at-mark-start (previous, next)
|   0|0x0000000741800000, 0x0000000741900000, 0x0000000741900000|100%|HS|  |TAMS 0x0000000741900000, 0x0000000741800000| Complete 
|   1|0x0000000741900000, 0x0000000741a00000, 0x0000000741a00000|100%|HC|  |TAMS 0x0000000741a00000, 0x0000000741900000| Complete 
|   2|0x0000000741a00000, 0x0000000741b00000, 0x0000000741b00000|100%|HC|  |TAMS 0x0000000741b00000, 0x0000000741a00000| Complete 
|   3|0x0000000741b00000, 0x0000000741c00000, 0x0000000741c00000|100%|HC|  |TAMS 0x0000000741c00000, 0x0000000741b00000| Complete 
|   4|0x0000000741c00000, 0x0000000741d00000, 0x0000000741d00000|100%| O|  |TAMS 0x0000000741d00000, 0x0000000741c00000| Untracked 
|   5|0x0000000741d00000, 0x0000000741e00000, 0x0000000741e00000|100%| O|  |TAMS 0x0000000741e00000, 0x0000000741d00000| Untracked 
|   6|0x0000000741e00000, 0x0000000741f00000, 0x0000000741f00000|100%| O|  |TAMS 0x0000000741f00000, 0x0000000741e00000| Untracked 
|   7|0x0000000741f00000, 0x0000000742000000, 0x0000000742000000|100%| O|  |TAMS 0x0000000742000000, 0x0000000741f00000| Untracked 
|   8|0x0000000742000000, 0x0000000742100000, 0x0000000742100000|100%| O|  |TAMS 0x0000000742100000, 0x0000000742000000| Untracked 
|   9|0x0000000742100000, 0x0000000742200000, 0x0000000742200000|100%| O|  |TAMS 0x0000000742200000, 0x0000000742100000| Untracked 
|  10|0x0000000742200000, 0x0000000742300000, 0x0000000742300000|100%| O|  |TAMS 0x0000000742300000, 0x0000000742200000| Untracked 
|  11|0x0000000742300000, 0x0000000742400000, 0x0000000742400000|100%| O|  |TAMS 0x0000000742400000, 0x0000000742300000| Untracked 
|  12|0x0000000742400000, 0x0000000742500000, 0x0000000742500000|100%| O|  |TAMS 0x0000000742500000, 0x0000000742400000| Untracked 
|  13|0x0000000742500000, 0x0000000742600000, 0x0000000742600000|100%| O|  |TAMS 0x0000000742600000, 0x0000000742500000| Untracked 
|  14|0x0000000742600000, 0x0000000742700000, 0x0000000742700000|100%| O|  |TAMS 0x0000000742700000, 0x0000000742600000| Untracked 
|  15|0x0000000742700000, 0x0000000742800000, 0x0000000742800000|100%|HS|  |TAMS 0x0000000742800000, 0x0000000742700000| Complete 
|  16|0x0000000742800000, 0x0000000742900000, 0x0000000742900000|100%|HC|  |TAMS 0x0000000742900000, 0x0000000742800000| Complete 
|  17|0x0000000742900000, 0x0000000742a00000, 0x0000000742a00000|100%| O|  |TAMS 0x0000000742a00000, 0x0000000742900000| Untracked 
|  18|0x0000000742a00000, 0x0000000742b00000, 0x0000000742b00000|100%| O|  |TAMS 0x0000000742b00000, 0x0000000742a00000| Untracked 
|  19|0x0000000742b00000, 0x0000000742c00000, 0x0000000742c00000|100%| O|  |TAMS 0x0000000742c00000, 0x0000000742b00000| Untracked 
|  20|0x0000000742c00000, 0x0000000742d00000, 0x0000000742d00000|100%| O|  |TAMS 0x0000000742d00000, 0x0000000742c00000| Untracked 
|  21|0x0000000742d00000, 0x0000000742e00000, 0x0000000742e00000|100%| O|  |TAMS 0x0000000742e00000, 0x0000000742d00000| Untracked 
|  22|0x0000000742e00000, 0x0000000742f00000, 0x0000000742f00000|100%| O|  |TAMS 0x0000000742f00000, 0x0000000742e00000| Untracked 
|  23|0x0000000742f00000, 0x0000000743000000, 0x0000000743000000|100%| O|  |TAMS 0x0000000743000000, 0x0000000742f00000| Untracked 
|  24|0x0000000743000000, 0x0000000743100000, 0x0000000743100000|100%| O|  |TAMS 0x0000000743100000, 0x0000000743000000| Untracked 
|  25|0x0000000743100000, 0x0000000743200000, 0x0000000743200000|100%| O|  |TAMS 0x0000000743200000, 0x0000000743100000| Untracked 
|  26|0x0000000743200000, 0x0000000743300000, 0x0000000743300000|100%| O|  |TAMS 0x0000000743300000, 0x0000000743200000| Untracked 
|  27|0x0000000743300000, 0x0000000743400000, 0x0000000743400000|100%| O|  |TAMS 0x0000000743400000, 0x0000000743300000| Untracked 
|  28|0x0000000743400000, 0x0000000743500000, 0x0000000743500000|100%| O|  |TAMS 0x0000000743500000, 0x0000000743400000| Untracked 
|  29|0x0000000743500000, 0x0000000743600000, 0x0000000743600000|100%| O|  |TAMS 0x0000000743600000, 0x0000000743500000| Untracked 
|  30|0x0000000743600000, 0x0000000743700000, 0x0000000743700000|100%| O|  |TAMS 0x0000000743700000, 0x0000000743600000| Untracked 
|  31|0x0000000743700000, 0x0000000743800000, 0x0000000743800000|100%| O|  |TAMS 0x0000000743800000, 0x0000000743700000| Untracked 
|  32|0x0000000743800000, 0x0000000743900000, 0x0000000743900000|100%| O|  |TAMS 0x0000000743900000, 0x0000000743800000| Untracked 
|  33|0x0000000743900000, 0x0000000743a00000, 0x0000000743a00000|100%| O|  |TAMS 0x0000000743a00000, 0x0000000743900000| Untracked 
|  34|0x0000000743a00000, 0x0000000743b00000, 0x0000000743b00000|100%| O|  |TAMS 0x0000000743b00000, 0x0000000743a00000| Untracked 
|  35|0x0000000743b00000, 0x0000000743c00000, 0x0000000743c00000|100%| O|  |TAMS 0x0000000743c00000, 0x0000000743b00000| Untracked 
|  36|0x0000000743c00000, 0x0000000743d00000, 0x0000000743d00000|100%| O|  |TAMS 0x0000000743d00000, 0x0000000743c00000| Untracked 
|  37|0x0000000743d00000, 0x0000000743e00000, 0x0000000743e00000|100%| O|  |TAMS 0x0000000743e00000, 0x0000000743d00000| Untracked 
|  38|0x0000000743e00000, 0x0000000743f00000, 0x0000000743f00000|100%| O|  |TAMS 0x0000000743f00000, 0x0000000743e00000| Untracked 
|  39|0x0000000743f00000, 0x0000000743fb7200, 0x0000000744000000| 71%| O|  |TAMS 0x0000000743fb7200, 0x0000000743f00000| Untracked 
|  40|0x0000000744000000, 0x0000000744000000, 0x0000000744100000|  0%| F|  |TAMS 0x0000000744000000, 0x0000000744000000| Untracked 
|  41|0x0000000744100000, 0x0000000744100000, 0x0000000744200000|  0%| F|  |TAMS 0x0000000744100000, 0x0000000744100000| Untracked 
|  42|0x0000000744200000, 0x0000000744200000, 0x0000000744300000|  0%| F|  |TAMS 0x0000000744200000, 0x0000000744200000| Untracked 
|  43|0x0000000744300000, 0x0000000744300000, 0x0000000744400000|  0%| F|  |TAMS 0x0000000744300000, 0x0000000744300000| Untracked 
|  44|0x0000000744400000, 0x0000000744400000, 0x0000000744500000|  0%| F|  |TAMS 0x0000000744400000, 0x0000000744400000| Untracked 
|  45|0x0000000744500000, 0x0000000744500000, 0x0000000744600000|  0%| F|  |TAMS 0x0000000744500000, 0x0000000744500000| Untracked 
|  46|0x0000000744600000, 0x0000000744600000, 0x0000000744700000|  0%| F|  |TAMS 0x0000000744600000, 0x0000000744600000| Untracked 
|  47|0x0000000744700000, 0x0000000744700000, 0x0000000744800000|  0%| F|  |TAMS 0x0000000744700000, 0x0000000744700000| Untracked 
|  48|0x0000000744800000, 0x0000000744800000, 0x0000000744900000|  0%| F|  |TAMS 0x0000000744800000, 0x0000000744800000| Untracked 
|  49|0x0000000744900000, 0x0000000744900000, 0x0000000744a00000|  0%| F|  |TAMS 0x0000000744900000, 0x0000000744900000| Untracked 
|  50|0x0000000744a00000, 0x0000000744a00000, 0x0000000744b00000|  0%| F|  |TAMS 0x0000000744a00000, 0x0000000744a00000| Untracked 
|  51|0x0000000744b00000, 0x0000000744b00000, 0x0000000744c00000|  0%| F|  |TAMS 0x0000000744b00000, 0x0000000744b00000| Untracked 
|  52|0x0000000744c00000, 0x0000000744c00000, 0x0000000744d00000|  0%| F|  |TAMS 0x0000000744c00000, 0x0000000744c00000| Untracked 
|  53|0x0000000744d00000, 0x0000000744d00000, 0x0000000744e00000|  0%| F|  |TAMS 0x0000000744d00000, 0x0000000744d00000| Untracked 
|  54|0x0000000744e00000, 0x0000000744e00000, 0x0000000744f00000|  0%| F|  |TAMS 0x0000000744e00000, 0x0000000744e00000| Untracked 
|  55|0x0000000744f00000, 0x0000000744f00000, 0x0000000745000000|  0%| F|  |TAMS 0x0000000744f00000, 0x0000000744f00000| Untracked 
|  56|0x0000000745000000, 0x0000000745000000, 0x0000000745100000|  0%| F|  |TAMS 0x0000000745000000, 0x0000000745000000| Untracked 
|  57|0x0000000745100000, 0x0000000745100000, 0x0000000745200000|  0%| F|  |TAMS 0x0000000745100000, 0x0000000745100000| Untracked 
|  58|0x0000000745200000, 0x0000000745200000, 0x0000000745300000|  0%| F|  |TAMS 0x0000000745200000, 0x0000000745200000| Untracked 
|  59|0x0000000745300000, 0x0000000745300000, 0x0000000745400000|  0%| F|  |TAMS 0x0000000745300000, 0x0000000745300000| Untracked 
|  60|0x0000000745400000, 0x0000000745400000, 0x0000000745500000|  0%| F|  |TAMS 0x0000000745400000, 0x0000000745400000| Untracked 
|  61|0x0000000745500000, 0x0000000745500000, 0x0000000745600000|  0%| F|  |TAMS 0x0000000745500000, 0x0000000745500000| Untracked 
|  62|0x0000000745600000, 0x0000000745600000, 0x0000000745700000|  0%| F|  |TAMS 0x0000000745600000, 0x0000000745600000| Untracked 
|  63|0x0000000745700000, 0x0000000745700000, 0x0000000745800000|  0%| F|  |TAMS 0x0000000745700000, 0x0000000745700000| Untracked 
|  64|0x0000000745800000, 0x0000000745800000, 0x0000000745900000|  0%| F|  |TAMS 0x0000000745800000, 0x0000000745800000| Untracked 
|  65|0x0000000745900000, 0x0000000745900000, 0x0000000745a00000|  0%| F|  |TAMS 0x0000000745900000, 0x0000000745900000| Untracked 
|  66|0x0000000745a00000, 0x0000000745a00000, 0x0000000745b00000|  0%| F|  |TAMS 0x0000000745a00000, 0x0000000745a00000| Untracked 
|  67|0x0000000745b00000, 0x0000000745b00000, 0x0000000745c00000|  0%| F|  |TAMS 0x0000000745b00000, 0x0000000745b00000| Untracked 
|  68|0x0000000745c00000, 0x0000000745c00000, 0x0000000745d00000|  0%| F|  |TAMS 0x0000000745c00000, 0x0000000745c00000| Untracked 
|  69|0x0000000745d00000, 0x0000000745d00000, 0x0000000745e00000|  0%| F|  |TAMS 0x0000000745d00000, 0x0000000745d00000| Untracked 
|  70|0x0000000745e00000, 0x0000000745e00000, 0x0000000745f00000|  0%| F|  |TAMS 0x0000000745e00000, 0x0000000745e00000| Untracked 
|  71|0x0000000745f00000, 0x0000000745f00000, 0x0000000746000000|  0%| F|  |TAMS 0x0000000745f00000, 0x0000000745f00000| Untracked 
|  72|0x0000000746000000, 0x0000000746000000, 0x0000000746100000|  0%| F|  |TAMS 0x0000000746000000, 0x0000000746000000| Untracked 
|  73|0x0000000746100000, 0x0000000746100000, 0x0000000746200000|  0%| F|  |TAMS 0x0000000746100000, 0x0000000746100000| Untracked 
|  74|0x0000000746200000, 0x0000000746200000, 0x0000000746300000|  0%| F|  |TAMS 0x0000000746200000, 0x0000000746200000| Untracked 
|  75|0x0000000746300000, 0x0000000746300000, 0x0000000746400000|  0%| F|  |TAMS 0x0000000746300000, 0x0000000746300000| Untracked 
|  76|0x0000000746400000, 0x0000000746400000, 0x0000000746500000|  0%| F|  |TAMS 0x0000000746400000, 0x0000000746400000| Untracked 
|  77|0x0000000746500000, 0x0000000746500000, 0x0000000746600000|  0%| F|  |TAMS 0x0000000746500000, 0x0000000746500000| Untracked 
|  78|0x0000000746600000, 0x0000000746600000, 0x0000000746700000|  0%| F|  |TAMS 0x0000000746600000, 0x0000000746600000| Untracked 
|  79|0x0000000746700000, 0x0000000746700000, 0x0000000746800000|  0%| F|  |TAMS 0x0000000746700000, 0x0000000746700000| Untracked 
|  80|0x0000000746800000, 0x0000000746800000, 0x0000000746900000|  0%| F|  |TAMS 0x0000000746800000, 0x0000000746800000| Untracked 
|  81|0x0000000746900000, 0x0000000746900000, 0x0000000746a00000|  0%| F|  |TAMS 0x0000000746900000, 0x0000000746900000| Untracked 
|  82|0x0000000746a00000, 0x0000000746a00000, 0x0000000746b00000|  0%| F|  |TAMS 0x0000000746a00000, 0x0000000746a00000| Untracked 
|  83|0x0000000746b00000, 0x0000000746b00000, 0x0000000746c00000|  0%| F|  |TAMS 0x0000000746b00000, 0x0000000746b00000| Untracked 
|  84|0x0000000746c00000, 0x0000000746c00000, 0x0000000746d00000|  0%| F|  |TAMS 0x0000000746c00000, 0x0000000746c00000| Untracked 
|  85|0x0000000746d00000, 0x0000000746d00000, 0x0000000746e00000|  0%| F|  |TAMS 0x0000000746d00000, 0x0000000746d00000| Untracked 
|  86|0x0000000746e00000, 0x0000000746e00000, 0x0000000746f00000|  0%| F|  |TAMS 0x0000000746e00000, 0x0000000746e00000| Untracked 
|  87|0x0000000746f00000, 0x0000000746f00000, 0x0000000747000000|  0%| F|  |TAMS 0x0000000746f00000, 0x0000000746f00000| Untracked 
|  88|0x0000000747000000, 0x0000000747000000, 0x0000000747100000|  0%| F|  |TAMS 0x0000000747000000, 0x0000000747000000| Untracked 
|  89|0x0000000747100000, 0x0000000747100000, 0x0000000747200000|  0%| F|  |TAMS 0x0000000747100000, 0x0000000747100000| Untracked 
|  90|0x0000000747200000, 0x0000000747200000, 0x0000000747300000|  0%| F|  |TAMS 0x0000000747200000, 0x0000000747200000| Untracked 
|  91|0x0000000747300000, 0x0000000747300000, 0x0000000747400000|  0%| F|  |TAMS 0x0000000747300000, 0x0000000747300000| Untracked 
|  92|0x0000000747400000, 0x0000000747400000, 0x0000000747500000|  0%| F|  |TAMS 0x0000000747400000, 0x0000000747400000| Untracked 
|  93|0x0000000747500000, 0x0000000747500000, 0x0000000747600000|  0%| F|  |TAMS 0x0000000747500000, 0x0000000747500000| Untracked 
|  94|0x0000000747600000, 0x0000000747600000, 0x0000000747700000|  0%| F|  |TAMS 0x0000000747600000, 0x0000000747600000| Untracked 
|  95|0x0000000747700000, 0x0000000747700000, 0x0000000747800000|  0%| F|  |TAMS 0x0000000747700000, 0x0000000747700000| Untracked 
|  96|0x0000000747800000, 0x0000000747800000, 0x0000000747900000|  0%| F|  |TAMS 0x0000000747800000, 0x0000000747800000| Untracked 
|  97|0x0000000747900000, 0x0000000747900000, 0x0000000747a00000|  0%| F|  |TAMS 0x0000000747900000, 0x0000000747900000| Untracked 
|  98|0x0000000747a00000, 0x0000000747a00000, 0x0000000747b00000|  0%| F|  |TAMS 0x0000000747a00000, 0x0000000747a00000| Untracked 
|  99|0x0000000747b00000, 0x0000000747b00000, 0x0000000747c00000|  0%| F|  |TAMS 0x0000000747b00000, 0x0000000747b00000| Untracked 
| 100|0x0000000747c00000, 0x0000000747c00000, 0x0000000747d00000|  0%| F|  |TAMS 0x0000000747c00000, 0x0000000747c00000| Untracked 
| 101|0x0000000747d00000, 0x0000000747d00000, 0x0000000747e00000|  0%| F|  |TAMS 0x0000000747d00000, 0x0000000747d00000| Untracked 
| 102|0x0000000747e00000, 0x0000000747e00000, 0x0000000747f00000|  0%| F|  |TAMS 0x0000000747e00000, 0x0000000747e00000| Untracked 
| 103|0x0000000747f00000, 0x0000000747f00000, 0x0000000748000000|  0%| F|  |TAMS 0x0000000747f00000, 0x0000000747f00000| Untracked 
| 104|0x0000000748000000, 0x0000000748000000, 0x0000000748100000|  0%| F|  |TAMS 0x0000000748000000, 0x0000000748000000| Untracked 
| 105|0x0000000748100000, 0x0000000748100000, 0x0000000748200000|  0%| F|  |TAMS 0x0000000748100000, 0x0000000748100000| Untracked 
| 106|0x0000000748200000, 0x0000000748200000, 0x0000000748300000|  0%| F|  |TAMS 0x0000000748200000, 0x0000000748200000| Untracked 
| 107|0x0000000748300000, 0x0000000748300000, 0x0000000748400000|  0%| F|  |TAMS 0x0000000748300000, 0x0000000748300000| Untracked 
| 108|0x0000000748400000, 0x0000000748400000, 0x0000000748500000|  0%| F|  |TAMS 0x0000000748400000, 0x0000000748400000| Untracked 
| 109|0x0000000748500000, 0x0000000748500000, 0x0000000748600000|  0%| F|  |TAMS 0x0000000748500000, 0x0000000748500000| Untracked 
| 110|0x0000000748600000, 0x0000000748600000, 0x0000000748700000|  0%| F|  |TAMS 0x0000000748600000, 0x0000000748600000| Untracked 
| 111|0x0000000748700000, 0x0000000748700000, 0x0000000748800000|  0%| F|  |TAMS 0x0000000748700000, 0x0000000748700000| Untracked 
| 112|0x0000000748800000, 0x0000000748800000, 0x0000000748900000|  0%| F|  |TAMS 0x0000000748800000, 0x0000000748800000| Untracked 
| 113|0x0000000748900000, 0x0000000748900000, 0x0000000748a00000|  0%| F|  |TAMS 0x0000000748900000, 0x0000000748900000| Untracked 
| 114|0x0000000748a00000, 0x0000000748a00000, 0x0000000748b00000|  0%| F|  |TAMS 0x0000000748a00000, 0x0000000748a00000| Untracked 
| 115|0x0000000748b00000, 0x0000000748b00000, 0x0000000748c00000|  0%| F|  |TAMS 0x0000000748b00000, 0x0000000748b00000| Untracked 
| 116|0x0000000748c00000, 0x0000000748c00000, 0x0000000748d00000|  0%| F|  |TAMS 0x0000000748c00000, 0x0000000748c00000| Untracked 
| 117|0x0000000748d00000, 0x0000000748d00000, 0x0000000748e00000|  0%| F|  |TAMS 0x0000000748d00000, 0x0000000748d00000| Untracked 
| 118|0x0000000748e00000, 0x0000000748e00000, 0x0000000748f00000|  0%| F|  |TAMS 0x0000000748e00000, 0x0000000748e00000| Untracked 
| 119|0x0000000748f00000, 0x0000000748f00000, 0x0000000749000000|  0%| F|  |TAMS 0x0000000748f00000, 0x0000000748f00000| Untracked 
| 120|0x0000000749000000, 0x0000000749000000, 0x0000000749100000|  0%| F|  |TAMS 0x0000000749000000, 0x0000000749000000| Untracked 
| 121|0x0000000749100000, 0x0000000749100000, 0x0000000749200000|  0%| F|  |TAMS 0x0000000749100000, 0x0000000749100000| Untracked 
| 122|0x0000000749200000, 0x0000000749200000, 0x0000000749300000|  0%| F|  |TAMS 0x0000000749200000, 0x0000000749200000| Untracked 
| 123|0x0000000749300000, 0x0000000749300000, 0x0000000749400000|  0%| F|  |TAMS 0x0000000749300000, 0x0000000749300000| Untracked 
| 124|0x0000000749400000, 0x0000000749400000, 0x0000000749500000|  0%| F|  |TAMS 0x0000000749400000, 0x0000000749400000| Untracked 
| 125|0x0000000749500000, 0x0000000749500000, 0x0000000749600000|  0%| F|  |TAMS 0x0000000749500000, 0x0000000749500000| Untracked 
| 126|0x0000000749600000, 0x0000000749600000, 0x0000000749700000|  0%| F|  |TAMS 0x0000000749600000, 0x0000000749600000| Untracked 
| 127|0x0000000749700000, 0x0000000749700000, 0x0000000749800000|  0%| F|  |TAMS 0x0000000749700000, 0x0000000749700000| Untracked 
| 128|0x0000000749800000, 0x0000000749800000, 0x0000000749900000|  0%| F|  |TAMS 0x0000000749800000, 0x0000000749800000| Untracked 
| 129|0x0000000749900000, 0x0000000749900000, 0x0000000749a00000|  0%| F|  |TAMS 0x0000000749900000, 0x0000000749900000| Untracked 
| 130|0x0000000749a00000, 0x0000000749a00000, 0x0000000749b00000|  0%| F|  |TAMS 0x0000000749a00000, 0x0000000749a00000| Untracked 
| 131|0x0000000749b00000, 0x0000000749b00000, 0x0000000749c00000|  0%| F|  |TAMS 0x0000000749b00000, 0x0000000749b00000| Untracked 
| 132|0x0000000749c00000, 0x0000000749c00000, 0x0000000749d00000|  0%| F|  |TAMS 0x0000000749c00000, 0x0000000749c00000| Untracked 
| 133|0x0000000749d00000, 0x0000000749d00000, 0x0000000749e00000|  0%| F|  |TAMS 0x0000000749d00000, 0x0000000749d00000| Untracked 
| 134|0x0000000749e00000, 0x0000000749e00000, 0x0000000749f00000|  0%| F|  |TAMS 0x0000000749e00000, 0x0000000749e00000| Untracked 
| 135|0x0000000749f00000, 0x0000000749f00000, 0x000000074a000000|  0%| F|  |TAMS 0x0000000749f00000, 0x0000000749f00000| Untracked 
| 136|0x000000074a000000, 0x000000074a000000, 0x000000074a100000|  0%| F|  |TAMS 0x000000074a000000, 0x000000074a000000| Untracked 
| 137|0x000000074a100000, 0x000000074a100000, 0x000000074a200000|  0%| F|  |TAMS 0x000000074a100000, 0x000000074a100000| Untracked 
| 138|0x000000074a200000, 0x000000074a200000, 0x000000074a300000|  0%| F|  |TAMS 0x000000074a200000, 0x000000074a200000| Untracked 
| 139|0x000000074a300000, 0x000000074a300000, 0x000000074a400000|  0%| F|  |TAMS 0x000000074a300000, 0x000000074a300000| Untracked 
| 140|0x000000074a400000, 0x000000074a400000, 0x000000074a500000|  0%| F|  |TAMS 0x000000074a400000, 0x000000074a400000| Untracked 
| 141|0x000000074a500000, 0x000000074a500000, 0x000000074a600000|  0%| F|  |TAMS 0x000000074a500000, 0x000000074a500000| Untracked 
| 142|0x000000074a600000, 0x000000074a600000, 0x000000074a700000|  0%| F|  |TAMS 0x000000074a600000, 0x000000074a600000| Untracked 
| 143|0x000000074a700000, 0x000000074a700000, 0x000000074a800000|  0%| F|  |TAMS 0x000000074a700000, 0x000000074a700000| Untracked 
| 144|0x000000074a800000, 0x000000074a800000, 0x000000074a900000|  0%| F|  |TAMS 0x000000074a800000, 0x000000074a800000| Untracked 
| 145|0x000000074a900000, 0x000000074a900000, 0x000000074aa00000|  0%| F|  |TAMS 0x000000074a900000, 0x000000074a900000| Untracked 
| 146|0x000000074aa00000, 0x000000074aa00000, 0x000000074ab00000|  0%| F|  |TAMS 0x000000074aa00000, 0x000000074aa00000| Untracked 
| 147|0x000000074ab00000, 0x000000074ab00000, 0x000000074ac00000|  0%| F|  |TAMS 0x000000074ab00000, 0x000000074ab00000| Untracked 
| 148|0x000000074ac00000, 0x000000074ac00000, 0x000000074ad00000|  0%| F|  |TAMS 0x000000074ac00000, 0x000000074ac00000| Untracked 
| 149|0x000000074ad00000, 0x000000074ad00000, 0x000000074ae00000|  0%| F|  |TAMS 0x000000074ad00000, 0x000000074ad00000| Untracked 
| 150|0x000000074ae00000, 0x000000074aec7978, 0x000000074af00000| 77%| E|  |TAMS 0x000000074ae00000, 0x000000074ae00000| Complete 
| 151|0x000000074af00000, 0x000000074b000000, 0x000000074b000000|100%| E|CS|TAMS 0x000000074af00000, 0x000000074af00000| Complete 
| 152|0x000000074b000000, 0x000000074b100000, 0x000000074b100000|100%| E|CS|TAMS 0x000000074b000000, 0x000000074b000000| Complete 
| 153|0x000000074b100000, 0x000000074b200000, 0x000000074b200000|100%| E|CS|TAMS 0x000000074b100000, 0x000000074b100000| Complete 
| 154|0x000000074b200000, 0x000000074b300000, 0x000000074b300000|100%| E|CS|TAMS 0x000000074b200000, 0x000000074b200000| Complete 
| 155|0x000000074b300000, 0x000000074b400000, 0x000000074b400000|100%| E|CS|TAMS 0x000000074b300000, 0x000000074b300000| Complete 
| 156|0x000000074b400000, 0x000000074b500000, 0x000000074b500000|100%| E|CS|TAMS 0x000000074b400000, 0x000000074b400000| Complete 
| 157|0x000000074b500000, 0x000000074b600000, 0x000000074b600000|100%| E|CS|TAMS 0x000000074b500000, 0x000000074b500000| Complete 
| 158|0x000000074b600000, 0x000000074b700000, 0x000000074b700000|100%| E|CS|TAMS 0x000000074b600000, 0x000000074b600000| Complete 
| 159|0x000000074b700000, 0x000000074b800000, 0x000000074b800000|100%| E|CS|TAMS 0x000000074b700000, 0x000000074b700000| Complete 
| 160|0x000000074b800000, 0x000000074b900000, 0x000000074b900000|100%| E|CS|TAMS 0x000000074b800000, 0x000000074b800000| Complete 
| 161|0x000000074b900000, 0x000000074ba00000, 0x000000074ba00000|100%| E|CS|TAMS 0x000000074b900000, 0x000000074b900000| Complete 
| 162|0x000000074ba00000, 0x000000074bb00000, 0x000000074bb00000|100%| E|CS|TAMS 0x000000074ba00000, 0x000000074ba00000| Complete 
| 163|0x000000074bb00000, 0x000000074bc00000, 0x000000074bc00000|100%| E|CS|TAMS 0x000000074bb00000, 0x000000074bb00000| Complete 
| 164|0x000000074bc00000, 0x000000074bd00000, 0x000000074bd00000|100%| E|CS|TAMS 0x000000074bc00000, 0x000000074bc00000| Complete 
| 165|0x000000074bd00000, 0x000000074be00000, 0x000000074be00000|100%| E|CS|TAMS 0x000000074bd00000, 0x000000074bd00000| Complete 
| 166|0x000000074be00000, 0x000000074bf00000, 0x000000074bf00000|100%| E|CS|TAMS 0x000000074be00000, 0x000000074be00000| Complete 
| 167|0x000000074bf00000, 0x000000074c000000, 0x000000074c000000|100%| E|CS|TAMS 0x000000074bf00000, 0x000000074bf00000| Complete 
| 168|0x000000074c000000, 0x000000074c100000, 0x000000074c100000|100%| E|CS|TAMS 0x000000074c000000, 0x000000074c000000| Complete 
| 169|0x000000074c100000, 0x000000074c200000, 0x000000074c200000|100%| E|CS|TAMS 0x000000074c100000, 0x000000074c100000| Complete 
| 170|0x000000074c200000, 0x000000074c300000, 0x000000074c300000|100%| E|CS|TAMS 0x000000074c200000, 0x000000074c200000| Complete 
| 171|0x000000074c300000, 0x000000074c400000, 0x000000074c400000|100%| E|CS|TAMS 0x000000074c300000, 0x000000074c300000| Complete 
| 172|0x000000074c400000, 0x000000074c500000, 0x000000074c500000|100%| E|CS|TAMS 0x000000074c400000, 0x000000074c400000| Complete 
| 173|0x000000074c500000, 0x000000074c600000, 0x000000074c600000|100%| E|CS|TAMS 0x000000074c500000, 0x000000074c500000| Complete 
| 174|0x000000074c600000, 0x000000074c700000, 0x000000074c700000|100%| E|CS|TAMS 0x000000074c600000, 0x000000074c600000| Complete 
| 175|0x000000074c700000, 0x000000074c800000, 0x000000074c800000|100%| E|CS|TAMS 0x000000074c700000, 0x000000074c700000| Complete 
| 176|0x000000074c800000, 0x000000074c900000, 0x000000074c900000|100%| E|CS|TAMS 0x000000074c800000, 0x000000074c800000| Complete 
| 177|0x000000074c900000, 0x000000074ca00000, 0x000000074ca00000|100%| E|CS|TAMS 0x000000074c900000, 0x000000074c900000| Complete 
| 178|0x000000074ca00000, 0x000000074cb00000, 0x000000074cb00000|100%| E|CS|TAMS 0x000000074ca00000, 0x000000074ca00000| Complete 
| 179|0x000000074cb00000, 0x000000074cc00000, 0x000000074cc00000|100%| E|CS|TAMS 0x000000074cb00000, 0x000000074cb00000| Complete 
| 180|0x000000074cc00000, 0x000000074ccffae0, 0x000000074cd00000| 99%| S|CS|TAMS 0x000000074cc00000, 0x000000074cc00000| Complete 
| 181|0x000000074cd00000, 0x000000074ce00000, 0x000000074ce00000|100%| S|CS|TAMS 0x000000074cd00000, 0x000000074cd00000| Complete 
| 182|0x000000074ce00000, 0x000000074cf00000, 0x000000074cf00000|100%| S|CS|TAMS 0x000000074ce00000, 0x000000074ce00000| Complete 
| 183|0x000000074cf00000, 0x000000074d000000, 0x000000074d000000|100%| S|CS|TAMS 0x000000074cf00000, 0x000000074cf00000| Complete 
| 184|0x000000074d000000, 0x000000074d100000, 0x000000074d100000|100%| S|CS|TAMS 0x000000074d000000, 0x000000074d000000| Complete 
| 185|0x000000074d100000, 0x000000074d200000, 0x000000074d200000|100%| E|CS|TAMS 0x000000074d100000, 0x000000074d100000| Complete 
| 186|0x000000074d200000, 0x000000074d300000, 0x000000074d300000|100%| E|CS|TAMS 0x000000074d200000, 0x000000074d200000| Complete 
| 187|0x000000074d300000, 0x000000074d400000, 0x000000074d400000|100%| E|CS|TAMS 0x000000074d300000, 0x000000074d300000| Complete 
| 188|0x000000074d400000, 0x000000074d500000, 0x000000074d500000|100%| E|CS|TAMS 0x000000074d400000, 0x000000074d400000| Complete 
| 189|0x000000074d500000, 0x000000074d600000, 0x000000074d600000|100%| E|CS|TAMS 0x000000074d500000, 0x000000074d500000| Complete 
| 190|0x000000074d600000, 0x000000074d700000, 0x000000074d700000|100%| E|CS|TAMS 0x000000074d600000, 0x000000074d600000| Complete 
| 191|0x000000074d700000, 0x000000074d800000, 0x000000074d800000|100%| E|CS|TAMS 0x000000074d700000, 0x000000074d700000| Complete 
| 192|0x000000074d800000, 0x000000074d900000, 0x000000074d900000|100%| E|CS|TAMS 0x000000074d800000, 0x000000074d800000| Complete 
| 193|0x000000074d900000, 0x000000074da00000, 0x000000074da00000|100%| E|CS|TAMS 0x000000074d900000, 0x000000074d900000| Complete 
| 194|0x000000074da00000, 0x000000074db00000, 0x000000074db00000|100%| E|CS|TAMS 0x000000074da00000, 0x000000074da00000| Complete 
| 195|0x000000074db00000, 0x000000074dc00000, 0x000000074dc00000|100%| E|CS|TAMS 0x000000074db00000, 0x000000074db00000| Complete 
| 196|0x000000074dc00000, 0x000000074dd00000, 0x000000074dd00000|100%| E|CS|TAMS 0x000000074dc00000, 0x000000074dc00000| Complete 
| 197|0x000000074dd00000, 0x000000074de00000, 0x000000074de00000|100%| E|CS|TAMS 0x000000074dd00000, 0x000000074dd00000| Complete 
| 198|0x000000074de00000, 0x000000074df00000, 0x000000074df00000|100%| E|CS|TAMS 0x000000074de00000, 0x000000074de00000| Complete 
| 199|0x000000074df00000, 0x000000074e000000, 0x000000074e000000|100%| E|CS|TAMS 0x000000074df00000, 0x000000074df00000| Complete 
| 200|0x000000074e000000, 0x000000074e100000, 0x000000074e100000|100%| E|CS|TAMS 0x000000074e000000, 0x000000074e000000| Complete 
| 201|0x000000074e100000, 0x000000074e200000, 0x000000074e200000|100%| E|CS|TAMS 0x000000074e100000, 0x000000074e100000| Complete 
| 202|0x000000074e200000, 0x000000074e300000, 0x000000074e300000|100%| E|CS|TAMS 0x000000074e200000, 0x000000074e200000| Complete 
| 203|0x000000074e300000, 0x000000074e400000, 0x000000074e400000|100%| E|CS|TAMS 0x000000074e300000, 0x000000074e300000| Complete 
| 204|0x000000074e400000, 0x000000074e500000, 0x000000074e500000|100%| E|CS|TAMS 0x000000074e400000, 0x000000074e400000| Complete 
| 205|0x000000074e500000, 0x000000074e600000, 0x000000074e600000|100%| E|CS|TAMS 0x000000074e500000, 0x000000074e500000| Complete 
| 206|0x000000074e600000, 0x000000074e700000, 0x000000074e700000|100%| E|CS|TAMS 0x000000074e600000, 0x000000074e600000| Complete 
| 207|0x000000074e700000, 0x000000074e800000, 0x000000074e800000|100%| E|CS|TAMS 0x000000074e700000, 0x000000074e700000| Complete 
| 208|0x000000074e800000, 0x000000074e900000, 0x000000074e900000|100%| E|CS|TAMS 0x000000074e800000, 0x000000074e800000| Complete 
| 209|0x000000074e900000, 0x000000074ea00000, 0x000000074ea00000|100%| E|CS|TAMS 0x000000074e900000, 0x000000074e900000| Complete 
| 210|0x000000074ea00000, 0x000000074eb00000, 0x000000074eb00000|100%| E|CS|TAMS 0x000000074ea00000, 0x000000074ea00000| Complete 
| 211|0x000000074eb00000, 0x000000074ec00000, 0x000000074ec00000|100%| E|CS|TAMS 0x000000074eb00000, 0x000000074eb00000| Complete 
| 212|0x000000074ec00000, 0x000000074ed00000, 0x000000074ed00000|100%| E|CS|TAMS 0x000000074ec00000, 0x000000074ec00000| Complete 
| 213|0x000000074ed00000, 0x000000074ee00000, 0x000000074ee00000|100%| E|CS|TAMS 0x000000074ed00000, 0x000000074ed00000| Complete 
| 214|0x000000074ee00000, 0x000000074ef00000, 0x000000074ef00000|100%| E|CS|TAMS 0x000000074ee00000, 0x000000074ee00000| Complete 
| 215|0x000000074ef00000, 0x000000074f000000, 0x000000074f000000|100%| E|CS|TAMS 0x000000074ef00000, 0x000000074ef00000| Complete 
| 216|0x000000074f000000, 0x000000074f100000, 0x000000074f100000|100%| E|CS|TAMS 0x000000074f000000, 0x000000074f000000| Complete 
| 217|0x000000074f100000, 0x000000074f200000, 0x000000074f200000|100%| E|CS|TAMS 0x000000074f100000, 0x000000074f100000| Complete 
| 218|0x000000074f200000, 0x000000074f300000, 0x000000074f300000|100%| E|CS|TAMS 0x000000074f200000, 0x000000074f200000| Complete 
| 219|0x000000074f300000, 0x000000074f400000, 0x000000074f400000|100%| E|CS|TAMS 0x000000074f300000, 0x000000074f300000| Complete 
| 220|0x000000074f400000, 0x000000074f500000, 0x000000074f500000|100%| E|CS|TAMS 0x000000074f400000, 0x000000074f400000| Complete 
| 221|0x000000074f500000, 0x000000074f600000, 0x000000074f600000|100%| E|CS|TAMS 0x000000074f500000, 0x000000074f500000| Complete 
| 222|0x000000074f600000, 0x000000074f700000, 0x000000074f700000|100%| E|CS|TAMS 0x000000074f600000, 0x000000074f600000| Complete 
| 223|0x000000074f700000, 0x000000074f800000, 0x000000074f800000|100%| E|CS|TAMS 0x000000074f700000, 0x000000074f700000| Complete 
| 224|0x000000074f800000, 0x000000074f900000, 0x000000074f900000|100%| E|CS|TAMS 0x000000074f800000, 0x000000074f800000| Complete 
| 225|0x000000074f900000, 0x000000074fa00000, 0x000000074fa00000|100%| E|CS|TAMS 0x000000074f900000, 0x000000074f900000| Complete 
| 226|0x000000074fa00000, 0x000000074fb00000, 0x000000074fb00000|100%| E|CS|TAMS 0x000000074fa00000, 0x000000074fa00000| Complete 
| 227|0x000000074fb00000, 0x000000074fc00000, 0x000000074fc00000|100%| E|CS|TAMS 0x000000074fb00000, 0x000000074fb00000| Complete 
| 228|0x000000074fc00000, 0x000000074fd00000, 0x000000074fd00000|100%| E|CS|TAMS 0x000000074fc00000, 0x000000074fc00000| Complete 
| 229|0x000000074fd00000, 0x000000074fe00000, 0x000000074fe00000|100%| E|CS|TAMS 0x000000074fd00000, 0x000000074fd00000| Complete 
| 230|0x000000074fe00000, 0x000000074ff00000, 0x000000074ff00000|100%| E|CS|TAMS 0x000000074fe00000, 0x000000074fe00000| Complete 

Card table byte_map: [0x000000001a930000,0x000000001af30000] _byte_map_base: 0x0000000016f24000

Marking Bits (Prev, Next): (CMBitMap*) 0x0000000002d2f490, (CMBitMap*) 0x0000000002d2f458
 Prev Bits: [0x000000001e4d0000, 0x0000000021470000)
 Next Bits: [0x000000001b530000, 0x000000001e4d0000)

Polling page: 0x0000000000700000

Metaspace:

Usage:
  Non-class:     56.43 MB capacity,    54.95 MB ( 97%) used,     1.17 MB (  2%) free+waste,   325.69 KB ( <1%) overhead. 
      Class:      9.56 MB capacity,     8.40 MB ( 88%) used,     1.00 MB ( 10%) free+waste,   162.19 KB (  2%) overhead. 
       Both:     66.00 MB capacity,    63.35 MB ( 96%) used,     2.17 MB (  3%) free+waste,   487.88 KB ( <1%) overhead. 

Virtual space:
  Non-class space:       58.00 MB reserved,      56.46 MB ( 97%) committed 
      Class space:        1.00 GB reserved,       9.62 MB ( <1%) committed 
             Both:        1.06 GB reserved,      66.08 MB (  6%) committed 

Chunk freelists:
   Non-Class:  2.88 KB
       Class:  256 bytes
        Both:  3.13 KB

CodeHeap 'non-profiled nmethods': size=120064Kb used=2831Kb max_used=2831Kb free=117232Kb
 bounds [0x0000000012ac0000, 0x0000000012d90000, 0x000000001a000000]
CodeHeap 'profiled nmethods': size=120000Kb used=12031Kb max_used=12031Kb free=107968Kb
 bounds [0x000000000b590000, 0x000000000c160000, 0x0000000012ac0000]
CodeHeap 'non-nmethods': size=5696Kb used=1591Kb max_used=1641Kb free=4104Kb
 bounds [0x000000000b000000, 0x000000000b270000, 0x000000000b590000]
 total_blobs=9298 nmethods=6259 adapters=1036
 compilation: enabled
              stopped_count=0, restarted_count=0
 full_count=0

Compilation events (10 events):
Event: 39.820 Thread 0x0000000024d0c000 nmethod 6831 0x000000000c153810 code [0x000000000c1539e0, 0x000000000c153d50]
Event: 39.820 Thread 0x0000000024d0c000 6832       1       com.sun.javafx.scene.SceneEventDispatcher::getFirstDispatcher (5 bytes)
Event: 39.820 Thread 0x0000000024d0c000 nmethod 6832 0x0000000012d80e10 code [0x0000000012d80fc0, 0x0000000012d810d8]
Event: 39.832 Thread 0x0000000024d60800 6833       4       com.sun.javafx.css.ParsedValueImpl::containsFontRelativeSize (231 bytes)
Event: 39.833 Thread 0x0000000024d0c000 6835       3       com.sun.javafx.geom.DirtyRegionContainer::getDirtyRegion (7 bytes)
Event: 39.833 Thread 0x0000000024d0c000 nmethod 6835 0x000000000c153e90 code [0x000000000c154040, 0x000000000c1541d8]
Event: 39.835 Thread 0x0000000024d0c000 6836       3       javafx.scene.Parent::getOrderedChildren (22 bytes)
Event: 39.835 Thread 0x0000000024d0c000 nmethod 6836 0x000000000c154290 code [0x000000000c154460, 0x000000000c154710]
Event: 39.843 Thread 0x0000000024d60800 nmethod 6833 0x0000000012d81190 code [0x0000000012d81400, 0x0000000012d82040]
Event: 39.843 Thread 0x0000000024d60800 6834   !   4       javafx.scene.CssStyleHelper::lookup (512 bytes)

GC Heap History (10 events):
Event: 3.827 GC heap before
{Heap before GC invocations=8 (full 0):
 garbage-first heap   total 196608K, used 123446K [0x0000000741800000, 0x0000000800000000)
  region size 1024K, 106 young (108544K), 13 survivors (13312K)
 Metaspace       used 53597K, capacity 55943K, committed 56016K, reserved 1097728K
  class space    used 7150K, capacity 8138K, committed 8188K, reserved 1048576K
}
Event: 3.833 GC heap after
{Heap after GC invocations=9 (full 0):
 garbage-first heap   total 196608K, used 33243K [0x0000000741800000, 0x0000000800000000)
  region size 1024K, 10 young (10240K), 10 survivors (10240K)
 Metaspace       used 53597K, capacity 55943K, committed 56016K, reserved 1097728K
  class space    used 7150K, capacity 8138K, committed 8188K, reserved 1048576K
}
Event: 3.933 GC heap before
{Heap before GC invocations=9 (full 0):
 garbage-first heap   total 196608K, used 130523K [0x0000000741800000, 0x0000000800000000)
  region size 1024K, 106 young (108544K), 10 survivors (10240K)
 Metaspace       used 54091K, capacity 56392K, committed 56656K, reserved 1097728K
  class space    used 7207K, capacity 8180K, committed 8316K, reserved 1048576K
}
Event: 3.942 GC heap after
{Heap after GC invocations=10 (full 0):
 garbage-first heap   total 236544K, used 40213K [0x0000000741800000, 0x0000000800000000)
  region size 1024K, 14 young (14336K), 14 survivors (14336K)
 Metaspace       used 54091K, capacity 56392K, committed 56656K, reserved 1097728K
  class space    used 7207K, capacity 8180K, committed 8316K, reserved 1048576K
}
Event: 4.020 GC heap before
{Heap before GC invocations=10 (full 0):
 garbage-first heap   total 236544K, used 166165K [0x0000000741800000, 0x0000000800000000)
  region size 1024K, 138 young (141312K), 14 survivors (14336K)
 Metaspace       used 54541K, capacity 56844K, committed 57168K, reserved 1097728K
  class space    used 7269K, capacity 8224K, committed 8316K, reserved 1048576K
}
Event: 4.026 GC heap after
{Heap after GC invocations=11 (full 0):
 garbage-first heap   total 236544K, used 42520K [0x0000000741800000, 0x0000000800000000)
  region size 1024K, 11 young (11264K), 11 survivors (11264K)
 Metaspace       used 54541K, capacity 56844K, committed 57168K, reserved 1097728K
  class space    used 7269K, capacity 8224K, committed 8316K, reserved 1048576K
}
Event: 4.107 GC heap before
{Heap before GC invocations=11 (full 0):
 garbage-first heap   total 236544K, used 171544K [0x0000000741800000, 0x0000000800000000)
  region size 1024K, 138 young (141312K), 11 survivors (11264K)
 Metaspace       used 55036K, capacity 57330K, committed 57424K, reserved 1097728K
  class space    used 7310K, capacity 8258K, committed 8316K, reserved 1048576K
}
Event: 4.112 GC heap after
{Heap after GC invocations=12 (full 0):
 garbage-first heap   total 236544K, used 44764K [0x0000000741800000, 0x0000000800000000)
  region size 1024K, 4 young (4096K), 4 survivors (4096K)
 Metaspace       used 55036K, capacity 57330K, committed 57424K, reserved 1097728K
  class space    used 7310K, capacity 8258K, committed 8316K, reserved 1048576K
}
Event: 4.245 GC heap before
{Heap before GC invocations=12 (full 0):
 garbage-first heap   total 236544K, used 89820K [0x0000000741800000, 0x0000000800000000)
  region size 1024K, 50 young (51200K), 4 survivors (4096K)
 Metaspace       used 57974K, capacity 60343K, committed 60496K, reserved 1101824K
  class space    used 7712K, capacity 8711K, committed 8828K, reserved 1048576K
}
Event: 4.248 GC heap after
{Heap after GC invocations=13 (full 0):
 garbage-first heap   total 236544K, used 45787K [0x0000000741800000, 0x0000000800000000)
  region size 1024K, 5 young (5120K), 5 survivors (5120K)
 Metaspace       used 57974K, capacity 60343K, committed 60496K, reserved 1101824K
  class space    used 7712K, capacity 8711K, committed 8828K, reserved 1048576K
}

Deoptimization events (10 events):
Event: 4.884 Thread 0x00000000269eb000 Uncommon trap: reason=bimorphic_or_optimized_type_check action=maybe_recompile pc=0x0000000012d0c070 method=java.util.regex.Pattern$Branch.match(Ljava/util/regex/Matcher;ILjava/lang/CharSequence;)Z @ 32 c2
Event: 4.886 Thread 0x00000000269eb000 Uncommon trap: reason=bimorphic_or_optimized_type_check action=maybe_recompile pc=0x0000000012d0c070 method=java.util.regex.Pattern$Branch.match(Ljava/util/regex/Matcher;ILjava/lang/CharSequence;)Z @ 32 c2
Event: 5.077 Thread 0x00000000269aa800 Uncommon trap: reason=bimorphic_or_optimized_type_check action=maybe_recompile pc=0x0000000012d28ae8 method=org.reactfx.util.NotificationAccumulatorBase.isEmpty()Z @ 4 c2
Event: 5.077 Thread 0x00000000269aa800 Uncommon trap: reason=class_check action=maybe_recompile pc=0x0000000012d25818 method=org.reactfx.util.NotificationAccumulatorBase.takeOne()Ljava/lang/Runnable; @ 5 c2
Event: 5.077 Thread 0x00000000269aa800 Uncommon trap: reason=bimorphic_or_optimized_type_check action=maybe_recompile pc=0x0000000012d28ae8 method=org.reactfx.util.NotificationAccumulatorBase.isEmpty()Z @ 4 c2
Event: 5.077 Thread 0x00000000269aa800 Uncommon trap: reason=class_check action=maybe_recompile pc=0x0000000012d25818 method=org.reactfx.util.NotificationAccumulatorBase.takeOne()Ljava/lang/Runnable; @ 5 c2
Event: 5.077 Thread 0x00000000269aa800 Uncommon trap: reason=bimorphic_or_optimized_type_check action=maybe_recompile pc=0x0000000012d28ae8 method=org.reactfx.util.NotificationAccumulatorBase.isEmpty()Z @ 4 c2
Event: 5.077 Thread 0x00000000269aa800 Uncommon trap: reason=class_check action=maybe_recompile pc=0x0000000012d25818 method=org.reactfx.util.NotificationAccumulatorBase.takeOne()Ljava/lang/Runnable; @ 5 c2
Event: 5.077 Thread 0x00000000269aa800 Uncommon trap: reason=bimorphic_or_optimized_type_check action=maybe_recompile pc=0x0000000012d28ae8 method=org.reactfx.util.NotificationAccumulatorBase.isEmpty()Z @ 4 c2
Event: 5.081 Thread 0x00000000269aa800 Uncommon trap: reason=class_check action=maybe_recompile pc=0x0000000012d25818 method=org.reactfx.util.NotificationAccumulatorBase.takeOne()Ljava/lang/Runnable; @ 5 c2

Classes redefined (0 events):
No events

Internal exceptions (10 events):
Event: 4.574 Thread 0x00000000269aa800 Exception <a 'java/lang/NoSuchMethodError'{0x000000074dcf1d10}: java.lang.invoke.Invokers$Holder.linkToTargetMethod(Ljava/lang/Object;IIILjava/lang/Object;)Ljava/lang/Object;> (0x000000074dcf1d10) thrown at [t:/workspace/open/src/hotspot/share/interpreter
Event: 4.580 Thread 0x00000000269aa800 Exception <a 'java/lang/IncompatibleClassChangeError'{0x000000074db4dcc8}: Found class java.lang.Object, but interface was expected> (0x000000074db4dcc8) thrown at [t:/workspace/open/src/hotspot/share/interpreter/linkResolver.cpp, line 838]
Event: 4.581 Thread 0x00000000269aa800 Exception <a 'java/lang/IncompatibleClassChangeError'{0x000000074db584b0}: Found class java.lang.Object, but interface was expected> (0x000000074db584b0) thrown at [t:/workspace/open/src/hotspot/share/interpreter/linkResolver.cpp, line 838]
Event: 4.808 Thread 0x00000000269aa800 Exception <a 'java/lang/NoSuchMethodError'{0x000000074d51f848}: java.lang.invoke.DirectMethodHandle$Holder.invokeInterface(Ljava/lang/Object;Ljava/lang/Object;Ljava/lang/Object;Ljava/lang/Object;)Ljava/lang/Object;> (0x000000074d51f848) thrown at [t:/work
Event: 4.809 Thread 0x00000000269aa800 Exception <a 'java/lang/NoSuchMethodError'{0x000000074d53a680}: java.lang.invoke.DirectMethodHandle$Holder.invokeStatic(Ljava/lang/Object;Ljava/lang/Object;Ljava/lang/Object;ILjava/lang/Object;Ljava/lang/Object;Ljava/lang/Object;)Ljava/lang/Object;> (0x00
Event: 4.810 Thread 0x00000000269aa800 Exception <a 'java/lang/NoSuchMethodError'{0x000000074d545620}: java.lang.invoke.DirectMethodHandle$Holder.invokeStatic(Ljava/lang/Object;Ljava/lang/Object;Ljava/lang/Object;ILjava/lang/Object;Ljava/lang/Object;Ljava/lang/Object;Ljava/lang/Object;)Ljava/l
Event: 4.810 Thread 0x00000000269aa800 Exception <a 'java/lang/NoSuchMethodError'{0x000000074d54e0c0}: java.lang.invoke.DirectMethodHandle$Holder.invokeStatic(Ljava/lang/Object;Ljava/lang/Object;Ljava/lang/Object;ILjava/lang/Object;Ljava/lang/Object;)Ljava/lang/Object;> (0x000000074d54e0c0) th
Event: 4.810 Thread 0x00000000269aa800 Exception <a 'java/lang/NoSuchMethodError'{0x000000074d555180}: java.lang.invoke.Invokers$Holder.linkToTargetMethod(Ljava/lang/Object;Ljava/lang/Object;ILjava/lang/Object;Ljava/lang/Object;Ljava/lang/Object;)Ljava/lang/Object;> (0x000000074d555180) thrown
Event: 4.812 Thread 0x00000000269aa800 Exception <a 'java/lang/NoSuchMethodError'{0x000000074d57d920}: java.lang.invoke.DirectMethodHandle$Holder.invokeSpecialIFC(Ljava/lang/Object;Ljava/lang/Object;Ljava/lang/Object;Ljava/lang/Object;Ljava/lang/Object;)Ljava/lang/Object;> (0x000000074d57d920)
Event: 4.819 Thread 0x00000000269aa800 Exception <a 'java/lang/IncompatibleClassChangeError'{0x000000074d5efc80}: Found class java.lang.Object, but interface was expected> (0x000000074d5efc80) thrown at [t:/workspace/open/src/hotspot/share/interpreter/linkResolver.cpp, line 838]

Events (10 events):
Event: 13.602 Thread 0x0000000030cef800 Thread added: 0x0000000030cef800
Event: 13.604 Thread 0x0000000030cef800 Thread exited: 0x0000000030cef800
Event: 14.613 Thread 0x0000000030cf0800 Thread added: 0x0000000030cf0800
Event: 14.614 Thread 0x0000000030cf0800 Thread exited: 0x0000000030cf0800
Event: 39.828 loading class javafx/util/Pair
Event: 39.828 loading class javafx/util/Pair done
Event: 39.828 loading class javafx/util/Pair
Event: 39.828 loading class javafx/util/Pair done
Event: 39.828 loading class javafx/util/Pair
Event: 39.828 loading class javafx/util/Pair done


Dynamic libraries:
0x0000000000400000 - 0x00000000004d2000 	C:\Program Files\BlueJ\BlueJ.exe
0x00007fffcb550000 - 0x00007fffcb746000 	C:\WINDOWS\SYSTEM32\ntdll.dll
0x00007fffa6870000 - 0x00007fffa6882000 	C:\Program Files\AVAST Software\Avast\aswhook.dll
0x00007fffc9810000 - 0x00007fffc98cd000 	C:\WINDOWS\System32\KERNEL32.DLL
0x00007fffc8ca0000 - 0x00007fffc8f68000 	C:\WINDOWS\System32\KERNELBASE.dll
0x00007fffc6620000 - 0x00007fffc66b0000 	C:\WINDOWS\SYSTEM32\apphelp.dll
0x00007fffca330000 - 0x00007fffca3ce000 	C:\WINDOWS\System32\msvcrt.dll
0x00007fffcabc0000 - 0x00007fffcb300000 	C:\WINDOWS\System32\SHELL32.dll
0x00007fffc9470000 - 0x00007fffc950d000 	C:\WINDOWS\System32\msvcp_win.dll
0x00007fffc8f70000 - 0x00007fffc9070000 	C:\WINDOWS\System32\ucrtbase.dll
0x00007fffca0b0000 - 0x00007fffca250000 	C:\WINDOWS\System32\USER32.dll
0x00007fffc9140000 - 0x00007fffc9162000 	C:\WINDOWS\System32\win32u.dll
0x00007fffc97e0000 - 0x00007fffc980a000 	C:\WINDOWS\System32\GDI32.dll
0x00007fffc9170000 - 0x00007fffc9279000 	C:\WINDOWS\System32\gdi32full.dll
0x00007fffc9e10000 - 0x00007fffc9e65000 	C:\WINDOWS\System32\SHLWAPI.dll
0x00007fffc2750000 - 0x00007fffc275a000 	C:\WINDOWS\SYSTEM32\VERSION.dll
0x00007fffc9ed0000 - 0x00007fffc9f00000 	C:\WINDOWS\System32\IMM32.DLL
0x00007fffca250000 - 0x00007fffca2fe000 	C:\WINDOWS\System32\shcore.dll
0x00007fffc9a00000 - 0x00007fffc9d55000 	C:\WINDOWS\System32\combase.dll
0x00007fffca3d0000 - 0x00007fffca4f4000 	C:\WINDOWS\System32\RPCRT4.dll
0x00007fff803f0000 - 0x00007fff80f13000 	C:\Program Files\BlueJ\jdk\bin\server\jvm.dll
0x00007fffc9950000 - 0x00007fffc99fa000 	C:\WINDOWS\System32\ADVAPI32.dll
0x00007fffca6b0000 - 0x00007fffca74b000 	C:\WINDOWS\System32\sechost.dll
0x00007fffc9620000 - 0x00007fffc9628000 	C:\WINDOWS\System32\PSAPI.DLL
0x00007fffbe250000 - 0x00007fffbe259000 	C:\WINDOWS\SYSTEM32\WSOCK32.dll
0x00007fffca640000 - 0x00007fffca6ab000 	C:\WINDOWS\System32\WS2_32.dll
0x00007fffbd400000 - 0x00007fffbd427000 	C:\WINDOWS\SYSTEM32\WINMM.dll
0x00007fffacab0000 - 0x00007fffacac6000 	C:\Program Files\BlueJ\jdk\bin\VCRUNTIME140.dll
0x00007fffaaf90000 - 0x00007fffaafa1000 	C:\Program Files\BlueJ\jdk\bin\verify.dll
0x00007fffbffa0000 - 0x00007fffc0184000 	C:\WINDOWS\SYSTEM32\DBGHELP.DLL
0x00007fffbfda0000 - 0x00007fffbfdcc000 	C:\WINDOWS\SYSTEM32\dbgcore.DLL
0x00007fffc9070000 - 0x00007fffc90ef000 	C:\WINDOWS\System32\bcryptPrimitives.dll
0x00007fffa7770000 - 0x00007fffa7798000 	C:\Program Files\BlueJ\jdk\bin\java.dll
0x00007fffa6a70000 - 0x00007fffa6a86000 	C:\Program Files\BlueJ\jdk\bin\zip.dll
0x00007fffc5e20000 - 0x00007fffc5e2a000 	C:\Program Files\BlueJ\jdk\bin\jimage.dll
0x00007fffc6c10000 - 0x00007fffc6c22000 	C:\WINDOWS\SYSTEM32\kernel.appcore.dll
0x00007fffc6e10000 - 0x00007fffc75a4000 	C:\WINDOWS\SYSTEM32\windows.storage.dll
0x00007fffc8710000 - 0x00007fffc873c000 	C:\WINDOWS\SYSTEM32\Wldp.dll
0x00007fffc8bd0000 - 0x00007fffc8bf6000 	C:\WINDOWS\SYSTEM32\profapi.dll
0x00007fffa6430000 - 0x00007fffa6449000 	C:\Program Files\BlueJ\jdk\bin\net.dll
0x00007fffc25c0000 - 0x00007fffc26c0000 	C:\WINDOWS\SYSTEM32\WINHTTP.dll
0x00007fffb1620000 - 0x00007fffb180d000 	C:\WINDOWS\SYSTEM32\urlmon.dll
0x00007fffb0280000 - 0x00007fffb0530000 	C:\WINDOWS\SYSTEM32\iertutil.dll
0x00007fffc8490000 - 0x00007fffc84fa000 	C:\WINDOWS\system32\mswsock.dll
0x00007fffa5c60000 - 0x00007fffa5c73000 	C:\Program Files\BlueJ\jdk\bin\nio.dll
0x0000000180000000 - 0x0000000180003000 	C:\Program Files\BlueJ\lib\javafx\bin\api-ms-win-core-console-l1-1-0.dll
0x0000000000740000 - 0x0000000000743000 	C:\Program Files\BlueJ\lib\javafx\bin\api-ms-win-core-datetime-l1-1-0.dll
0x0000000000750000 - 0x0000000000753000 	C:\Program Files\BlueJ\lib\javafx\bin\api-ms-win-core-debug-l1-1-0.dll
0x0000000000760000 - 0x0000000000763000 	C:\Program Files\BlueJ\lib\javafx\bin\api-ms-win-core-errorhandling-l1-1-0.dll
0x0000000000770000 - 0x0000000000774000 	C:\Program Files\BlueJ\lib\javafx\bin\api-ms-win-core-file-l1-1-0.dll
0x0000000000780000 - 0x0000000000783000 	C:\Program Files\BlueJ\lib\javafx\bin\api-ms-win-core-file-l1-2-0.dll
0x0000000000790000 - 0x0000000000793000 	C:\Program Files\BlueJ\lib\javafx\bin\api-ms-win-core-file-l2-1-0.dll
0x00000000007a0000 - 0x00000000007a3000 	C:\Program Files\BlueJ\lib\javafx\bin\api-ms-win-core-handle-l1-1-0.dll
0x00000000007b0000 - 0x00000000007b3000 	C:\Program Files\BlueJ\lib\javafx\bin\api-ms-win-core-heap-l1-1-0.dll
0x00000000007d0000 - 0x00000000007d3000 	C:\Program Files\BlueJ\lib\javafx\bin\api-ms-win-core-interlocked-l1-1-0.dll
0x0000000002ca0000 - 0x0000000002ca3000 	C:\Program Files\BlueJ\lib\javafx\bin\api-ms-win-core-libraryloader-l1-1-0.dll
0x0000000002cb0000 - 0x0000000002cb3000 	C:\Program Files\BlueJ\lib\javafx\bin\api-ms-win-core-localization-l1-2-0.dll
0x00000000271f0000 - 0x00000000271f3000 	C:\Program Files\BlueJ\lib\javafx\bin\api-ms-win-core-memory-l1-1-0.dll
0x0000000027200000 - 0x0000000027203000 	C:\Program Files\BlueJ\lib\javafx\bin\api-ms-win-core-namedpipe-l1-1-0.dll
0x0000000027210000 - 0x0000000027213000 	C:\Program Files\BlueJ\lib\javafx\bin\api-ms-win-core-processenvironment-l1-1-0.dll
0x0000000027220000 - 0x0000000027223000 	C:\Program Files\BlueJ\lib\javafx\bin\api-ms-win-core-processthreads-l1-1-0.dll
0x0000000027230000 - 0x0000000027233000 	C:\Program Files\BlueJ\lib\javafx\bin\api-ms-win-core-processthreads-l1-1-1.dll
0x0000000027240000 - 0x0000000027243000 	C:\Program Files\BlueJ\lib\javafx\bin\api-ms-win-core-profile-l1-1-0.dll
0x0000000027250000 - 0x0000000027253000 	C:\Program Files\BlueJ\lib\javafx\bin\api-ms-win-core-rtlsupport-l1-1-0.dll
0x0000000027260000 - 0x0000000027263000 	C:\Program Files\BlueJ\lib\javafx\bin\api-ms-win-core-string-l1-1-0.dll
0x0000000027270000 - 0x0000000027273000 	C:\Program Files\BlueJ\lib\javafx\bin\api-ms-win-core-synch-l1-1-0.dll
0x0000000027280000 - 0x0000000027283000 	C:\Program Files\BlueJ\lib\javafx\bin\api-ms-win-core-synch-l1-2-0.dll
0x0000000027290000 - 0x0000000027293000 	C:\Program Files\BlueJ\lib\javafx\bin\api-ms-win-core-sysinfo-l1-1-0.dll
0x00000000272a0000 - 0x00000000272a3000 	C:\Program Files\BlueJ\lib\javafx\bin\api-ms-win-core-timezone-l1-1-0.dll
0x00000000272b0000 - 0x00000000272b3000 	C:\Program Files\BlueJ\lib\javafx\bin\api-ms-win-core-util-l1-1-0.dll
0x00000000272c0000 - 0x00000000272c3000 	C:\Program Files\BlueJ\lib\javafx\bin\api-ms-win-crt-conio-l1-1-0.dll
0x00000000272d0000 - 0x00000000272d4000 	C:\Program Files\BlueJ\lib\javafx\bin\api-ms-win-crt-convert-l1-1-0.dll
0x00000000272e0000 - 0x00000000272e3000 	C:\Program Files\BlueJ\lib\javafx\bin\api-ms-win-crt-environment-l1-1-0.dll
0x00000000272f0000 - 0x00000000272f3000 	C:\Program Files\BlueJ\lib\javafx\bin\api-ms-win-crt-filesystem-l1-1-0.dll
0x0000000027300000 - 0x0000000027303000 	C:\Program Files\BlueJ\lib\javafx\bin\api-ms-win-crt-heap-l1-1-0.dll
0x0000000027310000 - 0x0000000027313000 	C:\Program Files\BlueJ\lib\javafx\bin\api-ms-win-crt-locale-l1-1-0.dll
0x0000000027320000 - 0x0000000027325000 	C:\Program Files\BlueJ\lib\javafx\bin\api-ms-win-crt-math-l1-1-0.dll
0x0000000027330000 - 0x0000000027335000 	C:\Program Files\BlueJ\lib\javafx\bin\api-ms-win-crt-multibyte-l1-1-0.dll
0x0000000027340000 - 0x0000000027350000 	C:\Program Files\BlueJ\lib\javafx\bin\api-ms-win-crt-private-l1-1-0.dll
0x0000000027350000 - 0x0000000027353000 	C:\Program Files\BlueJ\lib\javafx\bin\api-ms-win-crt-process-l1-1-0.dll
0x0000000027360000 - 0x0000000027364000 	C:\Program Files\BlueJ\lib\javafx\bin\api-ms-win-crt-runtime-l1-1-0.dll
0x0000000027370000 - 0x0000000027374000 	C:\Program Files\BlueJ\lib\javafx\bin\api-ms-win-crt-stdio-l1-1-0.dll
0x0000000027380000 - 0x0000000027384000 	C:\Program Files\BlueJ\lib\javafx\bin\api-ms-win-crt-string-l1-1-0.dll
0x0000000027390000 - 0x0000000027393000 	C:\Program Files\BlueJ\lib\javafx\bin\api-ms-win-crt-time-l1-1-0.dll
0x00000000273a0000 - 0x00000000273a3000 	C:\Program Files\BlueJ\lib\javafx\bin\api-ms-win-crt-utility-l1-1-0.dll
0x00007fff92590000 - 0x00007fff9268a000 	C:\Program Files\BlueJ\lib\javafx\bin\ucrtbase.dll
0x00007fffa53b0000 - 0x00007fffa53c6000 	C:\Program Files\BlueJ\lib\javafx\bin\vcruntime140.dll
0x00007fff913a0000 - 0x00007fff91446000 	C:\Program Files\BlueJ\lib\javafx\bin\msvcp140.dll
0x00007fff98b70000 - 0x00007fff98bc1000 	C:\Program Files\BlueJ\lib\javafx\bin\concrt140.dll
0x00007fff9fee0000 - 0x00007fff9ff03000 	C:\Program Files\BlueJ\lib\javafx\bin\prism_d3d.dll
0x00007fffbf830000 - 0x00007fffbf9fe000 	C:\WINDOWS\system32\d3d9.dll
0x00007fffc6a30000 - 0x00007fffc6a5f000 	C:\WINDOWS\SYSTEM32\dwmapi.dll
0x00007fffc6750000 - 0x00007fffc67ef000 	C:\WINDOWS\system32\uxtheme.dll
0x00007fffc09e0000 - 0x00007fffc10d6000 	C:\WINDOWS\SYSTEM32\d3d10warp.dll
0x00007fff9afd0000 - 0x00007fff9b015000 	C:\Program Files\BlueJ\lib\javafx\bin\glass.dll
0x00007fffcb360000 - 0x00007fffcb43a000 	C:\WINDOWS\System32\COMDLG32.dll
0x00007fffca500000 - 0x00007fffca62a000 	C:\WINDOWS\System32\ole32.dll
0x00007fffcb440000 - 0x00007fffcb50d000 	C:\WINDOWS\System32\OLEAUT32.dll
0x00007fffbf780000 - 0x00007fffbf830000 	C:\WINDOWS\WinSxS\amd64_microsoft.windows.common-controls_6595b64144ccf1df_5.82.19041.488_none_4238de57f6b64d28\COMCTL32.dll
0x00007fffc9f00000 - 0x00007fffca015000 	C:\WINDOWS\System32\MSCTF.dll
0x00007fffc04d0000 - 0x00007fffc050b000 	C:\WINDOWS\SYSTEM32\dxcore.dll
0x00007fffc90f0000 - 0x00007fffc913e000 	C:\WINDOWS\System32\cfgmgr32.dll
0x00007fff8c2b0000 - 0x00007fff8c44e000 	C:\Program Files\BlueJ\jdk\bin\awt.dll
0x00007fffc52c0000 - 0x00007fffc5880000 	C:\WINDOWS\SYSTEM32\d2d1.dll
0x00007fffa2170000 - 0x00007fffa2184000 	C:\Program Files\BlueJ\lib\javafx\bin\javafx_font.dll
0x00007fffaa740000 - 0x00007fffaa9bf000 	C:\WINDOWS\SYSTEM32\dwrite.dll
0x00007fffc9d60000 - 0x00007fffc9e09000 	C:\WINDOWS\System32\clbcatq.dll
0x00007fffbc7c0000 - 0x00007fffbca5b000 	C:\WINDOWS\WinSxS\amd64_microsoft.windows.common-controls_6595b64144ccf1df_6.0.19041.488_none_ca04af081b815d21\comctl32.dll
0x00007fffc3000000 - 0x00007fffc31b4000 	C:\WINDOWS\SYSTEM32\WindowsCodecs.dll
0x00007fffc9280000 - 0x00007fffc92a7000 	C:\WINDOWS\System32\bcrypt.dll
0x00007fffb4a60000 - 0x00007fffb4a9e000 	C:\WINDOWS\system32\dataexchange.dll
0x00007fffc4a90000 - 0x00007fffc4cf4000 	C:\WINDOWS\system32\d3d11.dll
0x00007fffc59e0000 - 0x00007fffc5bc5000 	C:\WINDOWS\system32\dcomp.dll
0x00007fffc75f0000 - 0x00007fffc76e3000 	C:\WINDOWS\system32\dxgi.dll
0x00007fffc3430000 - 0x00007fffc3638000 	C:\WINDOWS\system32\twinapi.appcore.dll
0x00007fff99a80000 - 0x00007fff99ab4000 	C:\Program Files\Common Files\Microsoft Shared\Ink\rtscom.dll
0x00007fffbd5c0000 - 0x00007fffbd6bc000 	C:\WINDOWS\SYSTEM32\textinputframework.dll
0x00007fffc5f50000 - 0x00007fffc62ae000 	C:\WINDOWS\System32\CoreUIComponents.dll
0x00007fffc62f0000 - 0x00007fffc63e2000 	C:\WINDOWS\System32\CoreMessaging.dll
0x00007fffc79e0000 - 0x00007fffc7a13000 	C:\WINDOWS\SYSTEM32\ntmarta.dll
0x00007fffc5880000 - 0x00007fffc59d6000 	C:\WINDOWS\SYSTEM32\wintypes.dll
0x00007fff8b010000 - 0x00007fff8b135000 	C:\WINDOWS\system32\opengl32.dll
0x00007fff9f240000 - 0x00007fff9f26c000 	C:\WINDOWS\SYSTEM32\GLU32.dll
0x00007fffc5c00000 - 0x00007fffc5c0d000 	C:\Program Files\BlueJ\jdk\bin\sunmscapi.dll
0x00007fffc9310000 - 0x00007fffc946d000 	C:\WINDOWS\System32\CRYPT32.dll
0x00007fffc8780000 - 0x00007fffc87a7000 	C:\WINDOWS\SYSTEM32\ncrypt.dll
0x00007fffc8740000 - 0x00007fffc877b000 	C:\WINDOWS\SYSTEM32\NTASN1.dll
0x00007fff9ebf0000 - 0x00007fff9ec17000 	C:\Program Files\BlueJ\jdk\bin\sunec.dll

dbghelp: loaded successfully - version: 4.0.5 - missing functions: none
symbol engine: initialized successfully - sym options: 0x614 - pdb path: .;C:\Program Files\BlueJ;C:\WINDOWS\SYSTEM32;C:\Program Files\AVAST Software\Avast;C:\Program Files\BlueJ\jdk\bin\server;C:\Program Files\BlueJ\jdk\bin;C:\Program Files\BlueJ\lib\javafx\bin;C:\WINDOWS\WinSxS\amd64_microsoft.windows.common-controls_6595b64144ccf1df_5.82.19041.488_none_4238de57f6b64d28;C:\WINDOWS\WinSxS\amd64_microsoft.windows.common-controls_6595b64144ccf1df_6.0.19041.488_none_ca04af081b815d21;C:\Program Files\Common Files\Microsoft Shared\Ink

VM Arguments:
jvm_args: -Djavafx.embed.singleThread=true 
java_command: <unknown>
java_class_path (initial): C:\Program Files\BlueJ\lib\bluej.jar;C:\Program Files\BlueJ\lib\javafx\lib\javafx.base.jar;C:\Program Files\BlueJ\lib\javafx\lib\javafx.controls.jar;C:\Program Files\BlueJ\lib\javafx\lib\javafx.fxml.jar;C:\Program Files\BlueJ\lib\javafx\lib\javafx.graphics.jar;C:\Program Files\BlueJ\lib\javafx\lib\javafx.media.jar;C:\Program Files\BlueJ\lib\javafx\lib\javafx.properties.jar;C:\Program Files\BlueJ\lib\javafx\lib\javafx.swing.jar;C:\Program Files\BlueJ\lib\javafx\lib\javafx.web.jar
Launcher Type: generic

[Global flags]
     intx CICompilerCount                          = 3                                         {product} {ergonomic}
     uint ConcGCThreads                            = 2                                         {product} {ergonomic}
     uint G1ConcRefinementThreads                  = 6                                         {product} {ergonomic}
   size_t G1HeapRegionSize                         = 1048576                                   {product} {ergonomic}
    uintx GCDrainStackTargetSize                   = 64                                        {product} {ergonomic}
   size_t InitialHeapSize                          = 201326592                                 {product} {ergonomic}
   size_t MarkStackSize                            = 4194304                                   {product} {ergonomic}
   size_t MaxHeapSize                              = 3196059648                                {product} {ergonomic}
   size_t MaxNewSize                               = 1916796928                                {product} {ergonomic}
   size_t MinHeapDeltaBytes                        = 1048576                                   {product} {ergonomic}
    uintx NonNMethodCodeHeapSize                   = 5830092                                {pd product} {ergonomic}
    uintx NonProfiledCodeHeapSize                  = 122914074                              {pd product} {ergonomic}
    uintx ProfiledCodeHeapSize                     = 122914074                              {pd product} {ergonomic}
    uintx ReservedCodeCacheSize                    = 251658240                              {pd product} {ergonomic}
     bool SegmentedCodeCache                       = true                                      {product} {ergonomic}
     bool UseCompressedClassPointers               = true                                 {lp64_product} {ergonomic}
     bool UseCompressedOops                        = true                                 {lp64_product} {ergonomic}
     bool UseG1GC                                  = true                                      {product} {ergonomic}
     bool UseLargePagesIndividualAllocation        = false                                  {pd product} {ergonomic}

Logging:
Log output configuration:
 #0: stdout all=warning uptime,level,tags
 #1: stderr all=off uptime,level,tags

Environment Variables:
JAVA_HOME=C:\Program Files\Java\jdk-11.0.8
PATH=C:\Program Files\Common Files\Oracle\Java\javapath;C:\Program Files (x86)\Common Files\Oracle\Java\javapath;C:\Program Files (x86)\Intel\Intel(R) Management Engine Components\iCLS\;C:\Program Files\Intel\Intel(R) Management Engine Components\iCLS\;C:\windows\system32;C:\windows;C:\windows\System32\Wbem;C:\windows\System32\WindowsPowerShell\v1.0\;C:\Program Files (x86)\Intel\Intel(R) Management Engine Components\DAL;C:\Program Files\Intel\Intel(R) Management Engine Components\DAL;C:\Program Files (x86)\Intel\Intel(R) Management Engine Components\IPT;C:\Program Files\Intel\Intel(R) Management Engine Components\IPT;C:\Program Files (x86)\NVIDIA Corporation\PhysX\Common;C:\WINDOWS\system32;C:\WINDOWS;C:\WINDOWS\System32\Wbem;C:\WINDOWS\System32\WindowsPowerShell\v1.0\;C:\WINDOWS\System32\OpenSSH\;C:\Program Files\NVIDIA Corporation\NVIDIA NvDLISR;C:\Program Files\Java\jdk-11.0.8\bin;;C:\WINDOWS\system32;C:\WINDOWS;C:\WINDOWS\System32\Wbem;C:\WINDOWS\System32\WindowsPowerShell\v1.0\;C:\WINDOWS\System32\OpenSSH\;C:\Users\kiara\AppData\Local\Microsoft\WindowsApps
USERNAME=kiara
OS=Windows_NT
PROCESSOR_IDENTIFIER=Intel64 Family 6 Model 158 Stepping 10, GenuineIntel



---------------  S Y S T E M  ---------------

OS: Windows 10 , 64 bit Build 19041 (10.0.19041.546)

CPU:total 6 (initial active 6) (6 cores per cpu, 1 threads per core) family 6 model 158 stepping 10, cmov, cx8, fxsr, mmx, sse, sse2, sse3, ssse3, sse4.1, sse4.2, popcnt, avx, avx2, aes, clmul, erms, 3dnowpref, lzcnt, tsc, tscinvbit, bmi1, bmi2, adx, fma

Memory: 4k page, system-wide physical 12191M (834M free)
TotalPageFile size 49055M (AvailPageFile size 4M)
current process WorkingSet (physical memory assigned to process): 449M, peak: 489M
current process commit charge ("private bytes"): 475M, peak: 515M

vm_info: OpenJDK 64-Bit Server VM (11.0.2+9) for windows-amd64 JRE (11.0.2+9), built on Jan 18 2019 05:23:22 by "mach5one" with MS VC++ 15.5 (VS2017)

END.
