#
# There is insufficient memory for the Java Runtime Environment to continue.
# Native memory allocation (malloc) failed to allocate 32744 bytes for ChunkPool::allocate
# Possible reasons:
#   The system is out of physical RAM or swap space
#   The process is running with CompressedOops enabled, and the Java Heap may be blocking the growth of the native heap
# Possible solutions:
#   Reduce memory load on the system
#   Increase physical memory or swap space
#   Check if swap backing store is full
#   Decrease Java heap size (-Xmx/-Xms)
#   Decrease number of Java threads
#   Decrease Java thread stack sizes (-Xss)
#   Set larger code cache with -XX:ReservedCodeCacheSize=
#   JVM is running with Zero Based Compressed Oops mode in which the Java heap is
#     placed in the first 32GB address space. The Java Heap base address is the
#     maximum limit for the native heap growth. Please use -XX:HeapBaseMinAddress
#     to set the Java Heap base and to place the Java Heap above 32GB virtual address.
# This output file may be truncated or incomplete.
#
#  Out of Memory Error (t:/workspace/open/src/hotspot/share/memory/arena.cpp:81), pid=20520, tid=19204
#
# JRE version: OpenJDK Runtime Environment (11.0.2+9) (build 11.0.2+9)
# Java VM: OpenJDK 64-Bit Server VM (11.0.2+9, mixed mode, tiered, compressed oops, g1 gc, windows-amd64)
# No core dump will be written. Minidumps are not enabled by default on client versions of Windows
#

---------------  S U M M A R Y ------------

Command Line: -Djavafx.embed.singleThread=true 

Host: Intel(R) Core(TM) i5-8400 CPU @ 2.80GHz, 6 cores, 11G,  Windows 10 , 64 bit Build 19041 (10.0.19041.546)
Time: Mon Nov  2 19:57:18 2020 Hora estándar romance elapsed time: 49 seconds (0d 0h 0m 49s)

---------------  T H R E A D  ---------------

Current thread (0x0000000024dd2800):  JavaThread "C2 CompilerThread0" daemon [_thread_in_native, id=19204, stack(0x0000000025c60000,0x0000000025e60000)]


Current CompileTask:
C2:  49764 8832       4       java.util.Collections$UnmodifiableCollection::contains (11 bytes)

Stack: [0x0000000025c60000,0x0000000025e60000]
Native frames: (J=compiled Java code, j=interpreted, Vv=VM code, C=native code)
V  [jvm.dll+0x63489a]
V  [jvm.dll+0x771f9f]
V  [jvm.dll+0x773648]
V  [jvm.dll+0x773d03]
V  [jvm.dll+0x25eba8]
V  [jvm.dll+0xc23bb]
V  [jvm.dll+0xc271c]
V  [jvm.dll+0x355d9a]
V  [jvm.dll+0x6887ae]
V  [jvm.dll+0x1a96d0]
V  [jvm.dll+0x218ad2]
V  [jvm.dll+0x217b6a]
V  [jvm.dll+0x194370]
V  [jvm.dll+0x226b3f]
V  [jvm.dll+0x225148]
V  [jvm.dll+0x73774d]
V  [jvm.dll+0x633942]
C  [ucrtbase.dll+0x214c2]
C  [KERNEL32.DLL+0x17034]
C  [ntdll.dll+0x4cec1]


---------------  P R O C E S S  ---------------

Threads class SMR info:
_java_thread_list=0x000000003954c5f0, length=33, elements={
0x0000000002d52000, 0x0000000024d65000, 0x0000000024d6f000, 0x0000000024dcc800,
0x0000000024dcf000, 0x0000000024dd2800, 0x000000002413e000, 0x0000000024dff800,
0x0000000024f19000, 0x0000000024f25000, 0x000000002694d800, 0x00000000269ca000,
0x0000000026adb000, 0x0000000026ac0800, 0x0000000026b2a800, 0x0000000026b5d800,
0x0000000026b5e800, 0x0000000026b5f000, 0x00000000269d1800, 0x000000002ca53800,
0x000000002ca52800, 0x000000002ca56000, 0x000000002ca51000, 0x0000000032c25800,
0x0000000032c21800, 0x0000000032c2a800, 0x0000000032c28800, 0x0000000032c2b000,
0x0000000032c2e800, 0x0000000032c2f000, 0x0000000032c30000, 0x0000000034aaa000,
0x0000000034aaf800
}

Java Threads: ( => current thread )
  0x0000000002d52000 JavaThread "main" [_thread_blocked, id=10220, stack(0x00000000004e0000,0x00000000006e0000)]
  0x0000000024d65000 JavaThread "Reference Handler" daemon [_thread_blocked, id=5092, stack(0x0000000025340000,0x0000000025540000)]
  0x0000000024d6f000 JavaThread "Finalizer" daemon [_thread_blocked, id=22956, stack(0x0000000025540000,0x0000000025740000)]
  0x0000000024dcc800 JavaThread "Signal Dispatcher" daemon [_thread_blocked, id=1896, stack(0x0000000025860000,0x0000000025a60000)]
  0x0000000024dcf000 JavaThread "Attach Listener" daemon [_thread_blocked, id=12356, stack(0x0000000025a60000,0x0000000025c60000)]
=>0x0000000024dd2800 JavaThread "C2 CompilerThread0" daemon [_thread_in_native, id=19204, stack(0x0000000025c60000,0x0000000025e60000)]
  0x000000002413e000 JavaThread "C1 CompilerThread0" daemon [_thread_blocked, id=17608, stack(0x0000000025e60000,0x0000000026060000)]
  0x0000000024dff800 JavaThread "Sweeper thread" daemon [_thread_blocked, id=22536, stack(0x0000000026060000,0x0000000026260000)]
  0x0000000024f19000 JavaThread "Service Thread" daemon [_thread_blocked, id=11644, stack(0x0000000026260000,0x0000000026460000)]
  0x0000000024f25000 JavaThread "Common-Cleaner" daemon [_thread_blocked, id=7724, stack(0x0000000026660000,0x0000000026860000)]
  0x000000002694d800 JavaThread "JavaFX-Launcher" [_thread_blocked, id=17144, stack(0x0000000027060000,0x0000000027260000)]
  0x00000000269ca000 JavaThread "QuantumRenderer-0" daemon [_thread_blocked, id=9864, stack(0x00000000273b0000,0x00000000275b0000)]
  0x0000000026adb000 JavaThread "InvokeLaterDispatcher" daemon [_thread_blocked, id=7768, stack(0x0000000027a20000,0x0000000027c20000)]
  0x0000000026ac0800 JavaThread "JavaFX Application Thread" [_thread_in_native, id=22532, stack(0x0000000027c20000,0x0000000027e20000)]
  0x0000000026b2a800 JavaThread "Thread-2" daemon [_thread_in_native, id=12820, stack(0x000000002f210000,0x000000002f410000)]
  0x0000000026b5d800 JavaThread "Java2D Disposer" daemon [_thread_blocked, id=22964, stack(0x000000002f780000,0x000000002f980000)]
  0x0000000026b5e800 JavaThread "AWT-Shutdown" [_thread_blocked, id=13540, stack(0x000000002f980000,0x000000002fb80000)]
  0x0000000026b5f000 JavaThread "AWT-Windows" daemon [_thread_in_native, id=22836, stack(0x000000002fb80000,0x000000002fd80000)]
  0x00000000269d1800 JavaThread "Thread-3" [_thread_blocked, id=22992, stack(0x000000002fd80000,0x000000002ff80000)]
  0x000000002ca53800 JavaThread "AWT-EventQueue-0" [_thread_blocked, id=2084, stack(0x0000000031ef0000,0x00000000320f0000)]
  0x000000002ca52800 JavaThread "TimerQueue" daemon [_thread_blocked, id=12588, stack(0x0000000033cc0000,0x0000000033ec0000)]
  0x000000002ca56000 JavaThread "Prism Font Disposer" daemon [_thread_blocked, id=11756, stack(0x0000000031ce0000,0x0000000031ee0000)]
  0x000000002ca51000 JavaThread "Thread-8" daemon [_thread_blocked, id=24084, stack(0x00000000386b0000,0x00000000388b0000)]
  0x0000000032c25800 JavaThread "SwingNode Disposer" daemon [_thread_blocked, id=23612, stack(0x0000000038110000,0x0000000038310000)]
  0x0000000032c21800 JavaThread "Hilo del compilador de BlueJ" [_thread_blocked, id=17192, stack(0x000000003c1e0000,0x000000003c3e0000)]
  0x0000000032c2a800 JavaThread "JDI Internal Event Handler" daemon [_thread_blocked, id=6864, stack(0x000000003c3e0000,0x000000003c5e0000)]
  0x0000000032c28800 JavaThread "JDI Target VM Interface" daemon [_thread_in_native, id=8872, stack(0x000000003c5e0000,0x000000003c7e0000)]
  0x0000000032c2b000 JavaThread "Cleaner-0" daemon [_thread_blocked, id=14368, stack(0x000000003c9e0000,0x000000003cbe0000)]
  0x0000000032c2e800 JavaThread "BlueJ I/O Handler" [_thread_in_native, id=22032, stack(0x000000003d5e0000,0x000000003d7e0000)]
  0x0000000032c2f000 JavaThread "BlueJ I/O Handler" [_thread_in_native, id=16404, stack(0x000000003d7e0000,0x000000003d9e0000)]
  0x0000000032c30000 JavaThread "BlueJ I/O Handler" [_thread_blocked, id=10400, stack(0x000000003d9e0000,0x000000003dbe0000)]
  0x0000000034aaa000 JavaThread "vm-event-handler" [_thread_blocked, id=18284, stack(0x000000003dbe0000,0x000000003dde0000)]
  0x0000000034aaf800 JavaThread "Disposer" daemon [_thread_blocked, id=8788, stack(0x000000003a4a0000,0x000000003a6a0000)]

Other Threads:
  0x000000002412f000 VMThread "VM Thread" [stack: 0x0000000025140000,0x0000000025340000] [id=6452]
  0x0000000024f1c000 WatcherThread [stack: 0x0000000026460000,0x0000000026660000] [id=10340]
  0x0000000002d67000 GCTaskThread "GC Thread#0" [stack: 0x0000000002710000,0x0000000002910000] [id=23268]
  0x000000002c2a8800 GCTaskThread "GC Thread#1" [stack: 0x0000000030180000,0x0000000030380000] [id=19696]
  0x000000002c2a9800 GCTaskThread "GC Thread#2" [stack: 0x0000000030380000,0x0000000030580000] [id=15856]
  0x000000002c2aa000 GCTaskThread "GC Thread#3" [stack: 0x0000000030580000,0x0000000030780000] [id=15300]
  0x000000002c2aa800 GCTaskThread "GC Thread#4" [stack: 0x0000000030780000,0x0000000030980000] [id=7732]
  0x000000002c29a800 GCTaskThread "GC Thread#5" [stack: 0x0000000030980000,0x0000000030b80000] [id=9488]
  0x0000000002dac000 ConcurrentGCThread "G1 Main Marker" [stack: 0x00000000214e0000,0x00000000216e0000] [id=11692]
  0x0000000002db0000 ConcurrentGCThread "G1 Conc#0" [stack: 0x00000000216e0000,0x00000000218e0000] [id=6516]
  0x000000002cba3800 ConcurrentGCThread "G1 Conc#1" [stack: 0x00000000324f0000,0x00000000326f0000] [id=12016]
  0x0000000023f96800 ConcurrentGCThread "G1 Refine#0" [stack: 0x0000000024140000,0x0000000024340000] [id=13192]
  0x0000000023f97800 ConcurrentGCThread "G1 Young RemSet Sampling" [stack: 0x0000000024340000,0x0000000024540000] [id=5356]

Threads with active compile tasks:
C2 CompilerThread08832       4       java.util.Collections$UnmodifiableCollection::contains (11 bytes)

VM state:not at safepoint (normal execution)

VM Mutex/Monitor currently owned by a thread: None

Heap address: 0x0000000741800000, size: 3048 MB, Compressed Oops mode: Zero based, Oop shift amount: 3
Narrow klass base: 0x0000000800000000, Narrow klass shift: 0
Compressed class space size: 1073741824 Address: 0x0000000800000000

Heap:
 garbage-first heap   total 196608K, used 91801K [0x0000000741800000, 0x0000000800000000)
  region size 1024K, 52 young (53248K), 15 survivors (15360K)
 Metaspace       used 68163K, capacity 71366K, committed 71680K, reserved 1110016K
  class space    used 9035K, capacity 10390K, committed 10496K, reserved 1048576K
Heap Regions: E=young(eden), S=young(survivor), O=old, HS=humongous(starts), HC=humongous(continues), CS=collection set, F=free, A=archive, TAMS=top-at-mark-start (previous, next)
|   0|0x0000000741800000, 0x0000000741900000, 0x0000000741900000|100%|HS|  |TAMS 0x0000000741900000, 0x0000000741800000| Complete 
|   1|0x0000000741900000, 0x0000000741a00000, 0x0000000741a00000|100%| O|  |TAMS 0x0000000741a00000, 0x0000000741900000| Untracked 
|   2|0x0000000741a00000, 0x0000000741b00000, 0x0000000741b00000|100%| O|  |TAMS 0x0000000741b00000, 0x0000000741a00000| Untracked 
|   3|0x0000000741b00000, 0x0000000741c00000, 0x0000000741c00000|100%| O|  |TAMS 0x0000000741c00000, 0x0000000741b00000| Untracked 
|   4|0x0000000741c00000, 0x0000000741d00000, 0x0000000741d00000|100%| O|  |TAMS 0x0000000741d00000, 0x0000000741c00000| Untracked 
|   5|0x0000000741d00000, 0x0000000741e00000, 0x0000000741e00000|100%| O|  |TAMS 0x0000000741e00000, 0x0000000741d00000| Untracked 
|   6|0x0000000741e00000, 0x0000000741f00000, 0x0000000741f00000|100%| O|  |TAMS 0x0000000741f00000, 0x0000000741e00000| Untracked 
|   7|0x0000000741f00000, 0x0000000742000000, 0x0000000742000000|100%| O|  |TAMS 0x0000000742000000, 0x0000000741f00000| Untracked 
|   8|0x0000000742000000, 0x0000000742100000, 0x0000000742100000|100%| O|  |TAMS 0x0000000742100000, 0x0000000742000000| Untracked 
|   9|0x0000000742100000, 0x0000000742200000, 0x0000000742200000|100%| O|  |TAMS 0x0000000742200000, 0x0000000742100000| Untracked 
|  10|0x0000000742200000, 0x0000000742300000, 0x0000000742300000|100%| O|  |TAMS 0x0000000742300000, 0x0000000742200000| Untracked 
|  11|0x0000000742300000, 0x0000000742400000, 0x0000000742400000|100%| O|  |TAMS 0x0000000742400000, 0x0000000742300000| Untracked 
|  12|0x0000000742400000, 0x0000000742500000, 0x0000000742500000|100%|HS|  |TAMS 0x0000000742500000, 0x0000000742400000| Complete 
|  13|0x0000000742500000, 0x0000000742600000, 0x0000000742600000|100%|HC|  |TAMS 0x0000000742600000, 0x0000000742500000| Complete 
|  14|0x0000000742600000, 0x0000000742700000, 0x0000000742700000|100%| O|  |TAMS 0x0000000742700000, 0x0000000742600000| Untracked 
|  15|0x0000000742700000, 0x0000000742800000, 0x0000000742800000|100%| O|  |TAMS 0x0000000742800000, 0x0000000742700000| Untracked 
|  16|0x0000000742800000, 0x0000000742900000, 0x0000000742900000|100%| O|  |TAMS 0x0000000742900000, 0x0000000742800000| Untracked 
|  17|0x0000000742900000, 0x0000000742a00000, 0x0000000742a00000|100%| O|  |TAMS 0x0000000742a00000, 0x0000000742900000| Untracked 
|  18|0x0000000742a00000, 0x0000000742b00000, 0x0000000742b00000|100%| O|  |TAMS 0x0000000742b00000, 0x0000000742a00000| Untracked 
|  19|0x0000000742b00000, 0x0000000742c00000, 0x0000000742c00000|100%| O|  |TAMS 0x0000000742c00000, 0x0000000742b00000| Untracked 
|  20|0x0000000742c00000, 0x0000000742d00000, 0x0000000742d00000|100%| O|  |TAMS 0x0000000742d00000, 0x0000000742c00000| Untracked 
|  21|0x0000000742d00000, 0x0000000742e00000, 0x0000000742e00000|100%| O|  |TAMS 0x0000000742e00000, 0x0000000742d00000| Untracked 
|  22|0x0000000742e00000, 0x0000000742f00000, 0x0000000742f00000|100%| O|  |TAMS 0x0000000742f00000, 0x0000000742e00000| Untracked 
|  23|0x0000000742f00000, 0x0000000743000000, 0x0000000743000000|100%| O|  |TAMS 0x0000000743000000, 0x0000000742f00000| Untracked 
|  24|0x0000000743000000, 0x0000000743100000, 0x0000000743100000|100%| O|  |TAMS 0x0000000743100000, 0x0000000743000000| Untracked 
|  25|0x0000000743100000, 0x0000000743200000, 0x0000000743200000|100%| O|  |TAMS 0x0000000743200000, 0x0000000743100000| Untracked 
|  26|0x0000000743200000, 0x0000000743300000, 0x0000000743300000|100%| O|  |TAMS 0x0000000743300000, 0x0000000743200000| Untracked 
|  27|0x0000000743300000, 0x0000000743400000, 0x0000000743400000|100%| O|  |TAMS 0x0000000743400000, 0x0000000743300000| Untracked 
|  28|0x0000000743400000, 0x0000000743500000, 0x0000000743500000|100%| O|  |TAMS 0x0000000743500000, 0x0000000743400000| Untracked 
|  29|0x0000000743500000, 0x0000000743600000, 0x0000000743600000|100%| O|  |TAMS 0x0000000743600000, 0x0000000743500000| Untracked 
|  30|0x0000000743600000, 0x0000000743700000, 0x0000000743700000|100%| O|  |TAMS 0x0000000743700000, 0x0000000743600000| Untracked 
|  31|0x0000000743700000, 0x0000000743800000, 0x0000000743800000|100%| O|  |TAMS 0x0000000743800000, 0x0000000743700000| Untracked 
|  32|0x0000000743800000, 0x0000000743900000, 0x0000000743900000|100%| O|  |TAMS 0x0000000743900000, 0x0000000743800000| Untracked 
|  33|0x0000000743900000, 0x0000000743a00000, 0x0000000743a00000|100%| O|  |TAMS 0x0000000743a00000, 0x0000000743900000| Untracked 
|  34|0x0000000743a00000, 0x0000000743b00000, 0x0000000743b00000|100%| O|  |TAMS 0x0000000743b00000, 0x0000000743a00000| Untracked 
|  35|0x0000000743b00000, 0x0000000743c00000, 0x0000000743c00000|100%| O|  |TAMS 0x0000000743c00000, 0x0000000743b00000| Untracked 
|  36|0x0000000743c00000, 0x0000000743d00000, 0x0000000743d00000|100%| O|  |TAMS 0x0000000743d00000, 0x0000000743c00000| Untracked 
|  37|0x0000000743d00000, 0x0000000743e00000, 0x0000000743e00000|100%| O|  |TAMS 0x0000000743e00000, 0x0000000743d00000| Untracked 
|  38|0x0000000743e00000, 0x0000000743f00000, 0x0000000743f00000|100%| O|  |TAMS 0x0000000743f00000, 0x0000000743e00000| Untracked 
|  39|0x0000000743f00000, 0x0000000744000000, 0x0000000744000000|100%| O|  |TAMS 0x0000000744000000, 0x0000000743f00000| Untracked 
|  40|0x0000000744000000, 0x000000074402aa00, 0x0000000744100000| 16%| O|  |TAMS 0x000000074402aa00, 0x0000000744000000| Untracked 
|  41|0x0000000744100000, 0x0000000744100000, 0x0000000744200000|  0%| F|  |TAMS 0x0000000744100000, 0x0000000744100000| Untracked 
|  42|0x0000000744200000, 0x0000000744200000, 0x0000000744300000|  0%| F|  |TAMS 0x0000000744200000, 0x0000000744200000| Untracked 
|  43|0x0000000744300000, 0x0000000744300000, 0x0000000744400000|  0%| F|  |TAMS 0x0000000744300000, 0x0000000744300000| Untracked 
|  44|0x0000000744400000, 0x0000000744400000, 0x0000000744500000|  0%| F|  |TAMS 0x0000000744400000, 0x0000000744400000| Untracked 
|  45|0x0000000744500000, 0x0000000744500000, 0x0000000744600000|  0%| F|  |TAMS 0x0000000744500000, 0x0000000744500000| Untracked 
|  46|0x0000000744600000, 0x0000000744600000, 0x0000000744700000|  0%| F|  |TAMS 0x0000000744600000, 0x0000000744600000| Untracked 
|  47|0x0000000744700000, 0x0000000744700000, 0x0000000744800000|  0%| F|  |TAMS 0x0000000744700000, 0x0000000744700000| Untracked 
|  48|0x0000000744800000, 0x0000000744800000, 0x0000000744900000|  0%| F|  |TAMS 0x0000000744800000, 0x0000000744800000| Untracked 
|  49|0x0000000744900000, 0x0000000744900000, 0x0000000744a00000|  0%| F|  |TAMS 0x0000000744900000, 0x0000000744900000| Untracked 
|  50|0x0000000744a00000, 0x0000000744a00000, 0x0000000744b00000|  0%| F|  |TAMS 0x0000000744a00000, 0x0000000744a00000| Untracked 
|  51|0x0000000744b00000, 0x0000000744b00000, 0x0000000744c00000|  0%| F|  |TAMS 0x0000000744b00000, 0x0000000744b00000| Untracked 
|  52|0x0000000744c00000, 0x0000000744c00000, 0x0000000744d00000|  0%| F|  |TAMS 0x0000000744c00000, 0x0000000744c00000| Untracked 
|  53|0x0000000744d00000, 0x0000000744d00000, 0x0000000744e00000|  0%| F|  |TAMS 0x0000000744d00000, 0x0000000744d00000| Untracked 
|  54|0x0000000744e00000, 0x0000000744e00000, 0x0000000744f00000|  0%| F|  |TAMS 0x0000000744e00000, 0x0000000744e00000| Untracked 
|  55|0x0000000744f00000, 0x0000000744f00000, 0x0000000745000000|  0%| F|  |TAMS 0x0000000744f00000, 0x0000000744f00000| Untracked 
|  56|0x0000000745000000, 0x0000000745000000, 0x0000000745100000|  0%| F|  |TAMS 0x0000000745000000, 0x0000000745000000| Untracked 
|  57|0x0000000745100000, 0x0000000745100000, 0x0000000745200000|  0%| F|  |TAMS 0x0000000745100000, 0x0000000745100000| Untracked 
|  58|0x0000000745200000, 0x0000000745200000, 0x0000000745300000|  0%| F|  |TAMS 0x0000000745200000, 0x0000000745200000| Untracked 
|  59|0x0000000745300000, 0x0000000745300000, 0x0000000745400000|  0%| F|  |TAMS 0x0000000745300000, 0x0000000745300000| Untracked 
|  60|0x0000000745400000, 0x0000000745400000, 0x0000000745500000|  0%| F|  |TAMS 0x0000000745400000, 0x0000000745400000| Untracked 
|  61|0x0000000745500000, 0x0000000745500000, 0x0000000745600000|  0%| F|  |TAMS 0x0000000745500000, 0x0000000745500000| Untracked 
|  62|0x0000000745600000, 0x0000000745600000, 0x0000000745700000|  0%| F|  |TAMS 0x0000000745600000, 0x0000000745600000| Untracked 
|  63|0x0000000745700000, 0x0000000745700000, 0x0000000745800000|  0%| F|  |TAMS 0x0000000745700000, 0x0000000745700000| Untracked 
|  64|0x0000000745800000, 0x000000074587bac0, 0x0000000745900000| 48%| S|CS|TAMS 0x0000000745800000, 0x0000000745800000| Complete 
|  65|0x0000000745900000, 0x0000000745a00000, 0x0000000745a00000|100%| S|CS|TAMS 0x0000000745900000, 0x0000000745900000| Complete 
|  66|0x0000000745a00000, 0x0000000745b00000, 0x0000000745b00000|100%| S|CS|TAMS 0x0000000745a00000, 0x0000000745a00000| Complete 
|  67|0x0000000745b00000, 0x0000000745c00000, 0x0000000745c00000|100%| S|CS|TAMS 0x0000000745b00000, 0x0000000745b00000| Complete 
|  68|0x0000000745c00000, 0x0000000745d00000, 0x0000000745d00000|100%| S|CS|TAMS 0x0000000745c00000, 0x0000000745c00000| Complete 
|  69|0x0000000745d00000, 0x0000000745e00000, 0x0000000745e00000|100%| S|CS|TAMS 0x0000000745d00000, 0x0000000745d00000| Complete 
|  70|0x0000000745e00000, 0x0000000745f00000, 0x0000000745f00000|100%| S|CS|TAMS 0x0000000745e00000, 0x0000000745e00000| Complete 
|  71|0x0000000745f00000, 0x0000000746000000, 0x0000000746000000|100%| S|CS|TAMS 0x0000000745f00000, 0x0000000745f00000| Complete 
|  72|0x0000000746000000, 0x0000000746100000, 0x0000000746100000|100%| S|CS|TAMS 0x0000000746000000, 0x0000000746000000| Complete 
|  73|0x0000000746100000, 0x0000000746200000, 0x0000000746200000|100%| S|CS|TAMS 0x0000000746100000, 0x0000000746100000| Complete 
|  74|0x0000000746200000, 0x0000000746300000, 0x0000000746300000|100%| S|CS|TAMS 0x0000000746200000, 0x0000000746200000| Complete 
|  75|0x0000000746300000, 0x0000000746400000, 0x0000000746400000|100%| S|CS|TAMS 0x0000000746300000, 0x0000000746300000| Complete 
|  76|0x0000000746400000, 0x0000000746500000, 0x0000000746500000|100%| S|CS|TAMS 0x0000000746400000, 0x0000000746400000| Complete 
|  77|0x0000000746500000, 0x0000000746600000, 0x0000000746600000|100%| S|CS|TAMS 0x0000000746500000, 0x0000000746500000| Complete 
|  78|0x0000000746600000, 0x0000000746700000, 0x0000000746700000|100%| S|CS|TAMS 0x0000000746600000, 0x0000000746600000| Complete 
|  79|0x0000000746700000, 0x0000000746700000, 0x0000000746800000|  0%| F|  |TAMS 0x0000000746700000, 0x0000000746700000| Untracked 
|  80|0x0000000746800000, 0x0000000746800000, 0x0000000746900000|  0%| F|  |TAMS 0x0000000746800000, 0x0000000746800000| Untracked 
|  81|0x0000000746900000, 0x0000000746900000, 0x0000000746a00000|  0%| F|  |TAMS 0x0000000746900000, 0x0000000746900000| Untracked 
|  82|0x0000000746a00000, 0x0000000746a00000, 0x0000000746b00000|  0%| F|  |TAMS 0x0000000746a00000, 0x0000000746a00000| Untracked 
|  83|0x0000000746b00000, 0x0000000746b00000, 0x0000000746c00000|  0%| F|  |TAMS 0x0000000746b00000, 0x0000000746b00000| Untracked 
|  84|0x0000000746c00000, 0x0000000746c00000, 0x0000000746d00000|  0%| F|  |TAMS 0x0000000746c00000, 0x0000000746c00000| Untracked 
|  85|0x0000000746d00000, 0x0000000746d00000, 0x0000000746e00000|  0%| F|  |TAMS 0x0000000746d00000, 0x0000000746d00000| Untracked 
|  86|0x0000000746e00000, 0x0000000746e00000, 0x0000000746f00000|  0%| F|  |TAMS 0x0000000746e00000, 0x0000000746e00000| Untracked 
|  87|0x0000000746f00000, 0x0000000746f00000, 0x0000000747000000|  0%| F|  |TAMS 0x0000000746f00000, 0x0000000746f00000| Untracked 
|  88|0x0000000747000000, 0x0000000747000000, 0x0000000747100000|  0%| F|  |TAMS 0x0000000747000000, 0x0000000747000000| Untracked 
|  89|0x0000000747100000, 0x0000000747100000, 0x0000000747200000|  0%| F|  |TAMS 0x0000000747100000, 0x0000000747100000| Untracked 
|  90|0x0000000747200000, 0x0000000747200000, 0x0000000747300000|  0%| F|  |TAMS 0x0000000747200000, 0x0000000747200000| Untracked 
|  91|0x0000000747300000, 0x0000000747300000, 0x0000000747400000|  0%| F|  |TAMS 0x0000000747300000, 0x0000000747300000| Untracked 
|  92|0x0000000747400000, 0x0000000747400000, 0x0000000747500000|  0%| F|  |TAMS 0x0000000747400000, 0x0000000747400000| Untracked 
|  93|0x0000000747500000, 0x0000000747500000, 0x0000000747600000|  0%| F|  |TAMS 0x0000000747500000, 0x0000000747500000| Untracked 
|  94|0x0000000747600000, 0x0000000747600000, 0x0000000747700000|  0%| F|  |TAMS 0x0000000747600000, 0x0000000747600000| Untracked 
|  95|0x0000000747700000, 0x0000000747700000, 0x0000000747800000|  0%| F|  |TAMS 0x0000000747700000, 0x0000000747700000| Untracked 
|  96|0x0000000747800000, 0x0000000747800000, 0x0000000747900000|  0%| F|  |TAMS 0x0000000747800000, 0x0000000747800000| Untracked 
|  97|0x0000000747900000, 0x0000000747900000, 0x0000000747a00000|  0%| F|  |TAMS 0x0000000747900000, 0x0000000747900000| Untracked 
|  98|0x0000000747a00000, 0x0000000747a00000, 0x0000000747b00000|  0%| F|  |TAMS 0x0000000747a00000, 0x0000000747a00000| Untracked 
|  99|0x0000000747b00000, 0x0000000747b00000, 0x0000000747c00000|  0%| F|  |TAMS 0x0000000747b00000, 0x0000000747b00000| Untracked 
| 100|0x0000000747c00000, 0x0000000747c00000, 0x0000000747d00000|  0%| F|  |TAMS 0x0000000747c00000, 0x0000000747c00000| Untracked 
| 101|0x0000000747d00000, 0x0000000747d00000, 0x0000000747e00000|  0%| F|  |TAMS 0x0000000747d00000, 0x0000000747d00000| Untracked 
| 102|0x0000000747e00000, 0x0000000747e00000, 0x0000000747f00000|  0%| F|  |TAMS 0x0000000747e00000, 0x0000000747e00000| Untracked 
| 103|0x0000000747f00000, 0x0000000747f00000, 0x0000000748000000|  0%| F|  |TAMS 0x0000000747f00000, 0x0000000747f00000| Untracked 
| 104|0x0000000748000000, 0x0000000748000000, 0x0000000748100000|  0%| F|  |TAMS 0x0000000748000000, 0x0000000748000000| Untracked 
| 105|0x0000000748100000, 0x0000000748100000, 0x0000000748200000|  0%| F|  |TAMS 0x0000000748100000, 0x0000000748100000| Untracked 
| 106|0x0000000748200000, 0x0000000748200000, 0x0000000748300000|  0%| F|  |TAMS 0x0000000748200000, 0x0000000748200000| Untracked 
| 107|0x0000000748300000, 0x0000000748300000, 0x0000000748400000|  0%| F|  |TAMS 0x0000000748300000, 0x0000000748300000| Untracked 
| 108|0x0000000748400000, 0x0000000748400000, 0x0000000748500000|  0%| F|  |TAMS 0x0000000748400000, 0x0000000748400000| Untracked 
| 109|0x0000000748500000, 0x0000000748500000, 0x0000000748600000|  0%| F|  |TAMS 0x0000000748500000, 0x0000000748500000| Untracked 
| 110|0x0000000748600000, 0x0000000748600000, 0x0000000748700000|  0%| F|  |TAMS 0x0000000748600000, 0x0000000748600000| Untracked 
| 111|0x0000000748700000, 0x0000000748700000, 0x0000000748800000|  0%| F|  |TAMS 0x0000000748700000, 0x0000000748700000| Untracked 
| 112|0x0000000748800000, 0x0000000748800000, 0x0000000748900000|  0%| F|  |TAMS 0x0000000748800000, 0x0000000748800000| Untracked 
| 113|0x0000000748900000, 0x0000000748900000, 0x0000000748a00000|  0%| F|  |TAMS 0x0000000748900000, 0x0000000748900000| Untracked 
| 114|0x0000000748a00000, 0x0000000748a00000, 0x0000000748b00000|  0%| F|  |TAMS 0x0000000748a00000, 0x0000000748a00000| Untracked 
| 115|0x0000000748b00000, 0x0000000748b00000, 0x0000000748c00000|  0%| F|  |TAMS 0x0000000748b00000, 0x0000000748b00000| Untracked 
| 116|0x0000000748c00000, 0x0000000748c00000, 0x0000000748d00000|  0%| F|  |TAMS 0x0000000748c00000, 0x0000000748c00000| Untracked 
| 117|0x0000000748d00000, 0x0000000748d00000, 0x0000000748e00000|  0%| F|  |TAMS 0x0000000748d00000, 0x0000000748d00000| Untracked 
| 118|0x0000000748e00000, 0x0000000748e00000, 0x0000000748f00000|  0%| F|  |TAMS 0x0000000748e00000, 0x0000000748e00000| Untracked 
| 119|0x0000000748f00000, 0x0000000748f00000, 0x0000000749000000|  0%| F|  |TAMS 0x0000000748f00000, 0x0000000748f00000| Untracked 
| 120|0x0000000749000000, 0x0000000749000000, 0x0000000749100000|  0%| F|  |TAMS 0x0000000749000000, 0x0000000749000000| Untracked 
| 121|0x0000000749100000, 0x0000000749100000, 0x0000000749200000|  0%| F|  |TAMS 0x0000000749100000, 0x0000000749100000| Untracked 
| 122|0x0000000749200000, 0x0000000749200000, 0x0000000749300000|  0%| F|  |TAMS 0x0000000749200000, 0x0000000749200000| Untracked 
| 123|0x0000000749300000, 0x0000000749300000, 0x0000000749400000|  0%| F|  |TAMS 0x0000000749300000, 0x0000000749300000| Untracked 
| 124|0x0000000749400000, 0x0000000749400000, 0x0000000749500000|  0%| F|  |TAMS 0x0000000749400000, 0x0000000749400000| Untracked 
| 125|0x0000000749500000, 0x0000000749500000, 0x0000000749600000|  0%| F|  |TAMS 0x0000000749500000, 0x0000000749500000| Untracked 
| 126|0x0000000749600000, 0x0000000749600000, 0x0000000749700000|  0%| F|  |TAMS 0x0000000749600000, 0x0000000749600000| Untracked 
| 127|0x0000000749700000, 0x0000000749700000, 0x0000000749800000|  0%| F|  |TAMS 0x0000000749700000, 0x0000000749700000| Untracked 
| 128|0x0000000749800000, 0x0000000749800000, 0x0000000749900000|  0%| F|  |TAMS 0x0000000749800000, 0x0000000749800000| Untracked 
| 129|0x0000000749900000, 0x0000000749900000, 0x0000000749a00000|  0%| F|  |TAMS 0x0000000749900000, 0x0000000749900000| Untracked 
| 130|0x0000000749a00000, 0x0000000749a00000, 0x0000000749b00000|  0%| F|  |TAMS 0x0000000749a00000, 0x0000000749a00000| Untracked 
| 131|0x0000000749b00000, 0x0000000749b00000, 0x0000000749c00000|  0%| F|  |TAMS 0x0000000749b00000, 0x0000000749b00000| Untracked 
| 132|0x0000000749c00000, 0x0000000749c00000, 0x0000000749d00000|  0%| F|  |TAMS 0x0000000749c00000, 0x0000000749c00000| Untracked 
| 133|0x0000000749d00000, 0x0000000749d00000, 0x0000000749e00000|  0%| F|  |TAMS 0x0000000749d00000, 0x0000000749d00000| Untracked 
| 134|0x0000000749e00000, 0x0000000749e00000, 0x0000000749f00000|  0%| F|  |TAMS 0x0000000749e00000, 0x0000000749e00000| Untracked 
| 135|0x0000000749f00000, 0x0000000749f00000, 0x000000074a000000|  0%| F|  |TAMS 0x0000000749f00000, 0x0000000749f00000| Untracked 
| 136|0x000000074a000000, 0x000000074a000000, 0x000000074a100000|  0%| F|  |TAMS 0x000000074a000000, 0x000000074a000000| Untracked 
| 137|0x000000074a100000, 0x000000074a100000, 0x000000074a200000|  0%| F|  |TAMS 0x000000074a100000, 0x000000074a100000| Untracked 
| 138|0x000000074a200000, 0x000000074a200000, 0x000000074a300000|  0%| F|  |TAMS 0x000000074a200000, 0x000000074a200000| Untracked 
| 139|0x000000074a300000, 0x000000074a300000, 0x000000074a400000|  0%| F|  |TAMS 0x000000074a300000, 0x000000074a300000| Untracked 
| 140|0x000000074a400000, 0x000000074a400000, 0x000000074a500000|  0%| F|  |TAMS 0x000000074a400000, 0x000000074a400000| Untracked 
| 141|0x000000074a500000, 0x000000074a500000, 0x000000074a600000|  0%| F|  |TAMS 0x000000074a500000, 0x000000074a500000| Untracked 
| 142|0x000000074a600000, 0x000000074a600000, 0x000000074a700000|  0%| F|  |TAMS 0x000000074a600000, 0x000000074a600000| Untracked 
| 143|0x000000074a700000, 0x000000074a700000, 0x000000074a800000|  0%| F|  |TAMS 0x000000074a700000, 0x000000074a700000| Untracked 
| 144|0x000000074a800000, 0x000000074a800000, 0x000000074a900000|  0%| F|  |TAMS 0x000000074a800000, 0x000000074a800000| Untracked 
| 145|0x000000074a900000, 0x000000074a900000, 0x000000074aa00000|  0%| F|  |TAMS 0x000000074a900000, 0x000000074a900000| Untracked 
| 146|0x000000074aa00000, 0x000000074aa00000, 0x000000074ab00000|  0%| F|  |TAMS 0x000000074aa00000, 0x000000074aa00000| Untracked 
| 147|0x000000074ab00000, 0x000000074ab00000, 0x000000074ac00000|  0%| F|  |TAMS 0x000000074ab00000, 0x000000074ab00000| Untracked 
| 148|0x000000074ac00000, 0x000000074ac00000, 0x000000074ad00000|  0%| F|  |TAMS 0x000000074ac00000, 0x000000074ac00000| Untracked 
| 149|0x000000074ad00000, 0x000000074ad00000, 0x000000074ae00000|  0%| F|  |TAMS 0x000000074ad00000, 0x000000074ad00000| Untracked 
| 150|0x000000074ae00000, 0x000000074ae00000, 0x000000074af00000|  0%| F|  |TAMS 0x000000074ae00000, 0x000000074ae00000| Untracked 
| 151|0x000000074af00000, 0x000000074af00000, 0x000000074b000000|  0%| F|  |TAMS 0x000000074af00000, 0x000000074af00000| Untracked 
| 152|0x000000074b000000, 0x000000074b000000, 0x000000074b100000|  0%| F|  |TAMS 0x000000074b000000, 0x000000074b000000| Untracked 
| 153|0x000000074b100000, 0x000000074b100000, 0x000000074b200000|  0%| F|  |TAMS 0x000000074b100000, 0x000000074b100000| Untracked 
| 154|0x000000074b200000, 0x000000074b200000, 0x000000074b300000|  0%| F|  |TAMS 0x000000074b200000, 0x000000074b200000| Untracked 
| 155|0x000000074b300000, 0x000000074b391a68, 0x000000074b400000| 56%| E|  |TAMS 0x000000074b300000, 0x000000074b300000| Complete 
| 156|0x000000074b400000, 0x000000074b500000, 0x000000074b500000|100%| E|CS|TAMS 0x000000074b400000, 0x000000074b400000| Complete 
| 157|0x000000074b500000, 0x000000074b600000, 0x000000074b600000|100%| E|CS|TAMS 0x000000074b500000, 0x000000074b500000| Complete 
| 158|0x000000074b600000, 0x000000074b700000, 0x000000074b700000|100%| E|CS|TAMS 0x000000074b600000, 0x000000074b600000| Complete 
| 159|0x000000074b700000, 0x000000074b800000, 0x000000074b800000|100%| E|CS|TAMS 0x000000074b700000, 0x000000074b700000| Complete 
| 160|0x000000074b800000, 0x000000074b900000, 0x000000074b900000|100%| E|CS|TAMS 0x000000074b800000, 0x000000074b800000| Complete 
| 161|0x000000074b900000, 0x000000074ba00000, 0x000000074ba00000|100%| E|CS|TAMS 0x000000074b900000, 0x000000074b900000| Complete 
| 162|0x000000074ba00000, 0x000000074bb00000, 0x000000074bb00000|100%| E|CS|TAMS 0x000000074ba00000, 0x000000074ba00000| Complete 
| 163|0x000000074bb00000, 0x000000074bc00000, 0x000000074bc00000|100%| E|CS|TAMS 0x000000074bb00000, 0x000000074bb00000| Complete 
| 164|0x000000074bc00000, 0x000000074bd00000, 0x000000074bd00000|100%| E|CS|TAMS 0x000000074bc00000, 0x000000074bc00000| Complete 
| 165|0x000000074bd00000, 0x000000074be00000, 0x000000074be00000|100%| E|CS|TAMS 0x000000074bd00000, 0x000000074bd00000| Complete 
| 166|0x000000074be00000, 0x000000074bf00000, 0x000000074bf00000|100%| E|  |TAMS 0x000000074be00000, 0x000000074be00000| Complete 
| 167|0x000000074bf00000, 0x000000074c000000, 0x000000074c000000|100%| E|CS|TAMS 0x000000074bf00000, 0x000000074bf00000| Complete 
| 168|0x000000074c000000, 0x000000074c100000, 0x000000074c100000|100%| E|CS|TAMS 0x000000074c000000, 0x000000074c000000| Complete 
| 169|0x000000074c100000, 0x000000074c200000, 0x000000074c200000|100%| E|CS|TAMS 0x000000074c100000, 0x000000074c100000| Complete 
| 170|0x000000074c200000, 0x000000074c300000, 0x000000074c300000|100%| E|CS|TAMS 0x000000074c200000, 0x000000074c200000| Complete 
| 171|0x000000074c300000, 0x000000074c400000, 0x000000074c400000|100%| E|CS|TAMS 0x000000074c300000, 0x000000074c300000| Complete 
| 172|0x000000074c400000, 0x000000074c500000, 0x000000074c500000|100%| E|CS|TAMS 0x000000074c400000, 0x000000074c400000| Complete 
| 173|0x000000074c500000, 0x000000074c600000, 0x000000074c600000|100%| E|CS|TAMS 0x000000074c500000, 0x000000074c500000| Complete 
| 174|0x000000074c600000, 0x000000074c700000, 0x000000074c700000|100%| E|CS|TAMS 0x000000074c600000, 0x000000074c600000| Complete 
| 175|0x000000074c700000, 0x000000074c800000, 0x000000074c800000|100%| E|CS|TAMS 0x000000074c700000, 0x000000074c700000| Complete 
| 176|0x000000074c800000, 0x000000074c900000, 0x000000074c900000|100%| E|CS|TAMS 0x000000074c800000, 0x000000074c800000| Complete 
| 177|0x000000074c900000, 0x000000074ca00000, 0x000000074ca00000|100%| E|CS|TAMS 0x000000074c900000, 0x000000074c900000| Complete 
| 178|0x000000074ca00000, 0x000000074cb00000, 0x000000074cb00000|100%| E|CS|TAMS 0x000000074ca00000, 0x000000074ca00000| Complete 
| 179|0x000000074cb00000, 0x000000074cc00000, 0x000000074cc00000|100%| E|CS|TAMS 0x000000074cb00000, 0x000000074cb00000| Complete 
| 180|0x000000074cc00000, 0x000000074cd00000, 0x000000074cd00000|100%| E|CS|TAMS 0x000000074cc00000, 0x000000074cc00000| Complete 
| 181|0x000000074cd00000, 0x000000074ce00000, 0x000000074ce00000|100%| E|CS|TAMS 0x000000074cd00000, 0x000000074cd00000| Complete 
| 182|0x000000074ce00000, 0x000000074cf00000, 0x000000074cf00000|100%| E|CS|TAMS 0x000000074ce00000, 0x000000074ce00000| Complete 
| 183|0x000000074cf00000, 0x000000074d000000, 0x000000074d000000|100%| E|CS|TAMS 0x000000074cf00000, 0x000000074cf00000| Complete 
| 184|0x000000074d000000, 0x000000074d100000, 0x000000074d100000|100%| E|CS|TAMS 0x000000074d000000, 0x000000074d000000| Complete 
| 185|0x000000074d100000, 0x000000074d200000, 0x000000074d200000|100%| E|CS|TAMS 0x000000074d100000, 0x000000074d100000| Complete 
| 186|0x000000074d200000, 0x000000074d300000, 0x000000074d300000|100%| E|CS|TAMS 0x000000074d200000, 0x000000074d200000| Complete 
| 187|0x000000074d300000, 0x000000074d400000, 0x000000074d400000|100%| E|CS|TAMS 0x000000074d300000, 0x000000074d300000| Complete 
| 188|0x000000074d400000, 0x000000074d500000, 0x000000074d500000|100%| E|CS|TAMS 0x000000074d400000, 0x000000074d400000| Complete 
| 189|0x000000074d500000, 0x000000074d600000, 0x000000074d600000|100%| E|CS|TAMS 0x000000074d500000, 0x000000074d500000| Complete 
| 190|0x000000074d600000, 0x000000074d700000, 0x000000074d700000|100%| E|CS|TAMS 0x000000074d600000, 0x000000074d600000| Complete 
| 191|0x000000074d700000, 0x000000074d800000, 0x000000074d800000|100%| E|CS|TAMS 0x000000074d700000, 0x000000074d700000| Complete 

Card table byte_map: [0x000000001a9a0000,0x000000001afa0000] _byte_map_base: 0x0000000016f94000

Marking Bits (Prev, Next): (CMBitMap*) 0x0000000002d9f490, (CMBitMap*) 0x0000000002d9f458
 Prev Bits: [0x000000001e540000, 0x00000000214e0000)
 Next Bits: [0x000000001b5a0000, 0x000000001e540000)

Polling page: 0x0000000000700000

Metaspace:

Usage:
  Non-class:     59.55 MB capacity,    57.74 MB ( 97%) used,     1.43 MB (  2%) free+waste,   378.63 KB ( <1%) overhead. 
      Class:     10.15 MB capacity,     8.82 MB ( 87%) used,     1.14 MB ( 11%) free+waste,   186.13 KB (  2%) overhead. 
       Both:     69.69 MB capacity,    66.57 MB ( 96%) used,     2.57 MB (  4%) free+waste,   564.75 KB ( <1%) overhead. 

Virtual space:
  Non-class space:       60.00 MB reserved,      59.75 MB (>99%) committed 
      Class space:        1.00 GB reserved,      10.25 MB (  1%) committed 
             Both:        1.06 GB reserved,      70.00 MB (  6%) committed 

Chunk freelists:
   Non-Class:  2.00 KB
       Class:  1.25 KB
        Both:  3.25 KB

CodeHeap 'non-profiled nmethods': size=120064Kb used=4226Kb max_used=4226Kb free=115837Kb
 bounds [0x0000000012b30000, 0x0000000012f60000, 0x000000001a070000]
CodeHeap 'profiled nmethods': size=120000Kb used=17838Kb max_used=17838Kb free=102161Kb
 bounds [0x000000000b600000, 0x000000000c770000, 0x0000000012b30000]
CodeHeap 'non-nmethods': size=5696Kb used=1598Kb max_used=1643Kb free=4097Kb
 bounds [0x000000000b070000, 0x000000000b2e0000, 0x000000000b600000]
 total_blobs=11780 nmethods=8545 adapters=1041
 compilation: enabled
              stopped_count=0, restarted_count=0
 full_count=0

Compilation events (10 events):
Event: 49.747 Thread 0x000000002413e000 nmethod 8826 0x0000000012f4ef90 code [0x0000000012f4f140, 0x0000000012f4f258]
Event: 49.747 Thread 0x000000002413e000 8829       3       com.sun.javafx.geom.Rectangle::setBounds (10 bytes)
Event: 49.748 Thread 0x000000002413e000 nmethod 8829 0x000000000c760510 code [0x000000000c7606c0, 0x000000000c760878]
Event: 49.748 Thread 0x000000002413e000 8830       3       java.util.Collections$UnmodifiableList::equals (24 bytes)
Event: 49.748 Thread 0x000000002413e000 nmethod 8830 0x000000000c760990 code [0x000000000c760b60, 0x000000000c760e30]
Event: 49.748 Thread 0x000000002413e000 8831       3       com.sun.marlin.MaskMarlinAlphaConsumer::setAndClearRelativeAlphas (641 bytes)
Event: 49.750 Thread 0x000000002413e000 nmethod 8831 0x000000000c760f10 code [0x000000000c761260, 0x000000000c762cf0]
Event: 49.753 Thread 0x0000000024dd2800 nmethod 8827 0x0000000012f4f310 code [0x0000000012f4f540, 0x0000000012f4fc50]
Event: 49.756 Thread 0x0000000024dd2800 8832       4       java.util.Collections$UnmodifiableCollection::contains (11 bytes)
Event: 49.760 Thread 0x000000002413e000 8833       3       javafx.scene.layout.Background::computeOpaqueInsets (1450 bytes)

GC Heap History (10 events):
Event: 5.804 GC heap before
{Heap before GC invocations=9 (full 0):
 garbage-first heap   total 196608K, used 136023K [0x0000000741800000, 0x0000000800000000)
  region size 1024K, 109 young (111616K), 11 survivors (11264K)
 Metaspace       used 54342K, capacity 56681K, committed 56960K, reserved 1097728K
  class space    used 7237K, capacity 8214K, committed 8320K, reserved 1048576K
}
Event: 5.811 GC heap after
{Heap after GC invocations=10 (full 0):
 garbage-first heap   total 196608K, used 42958K [0x0000000741800000, 0x0000000800000000)
  region size 1024K, 7 young (7168K), 7 survivors (7168K)
 Metaspace       used 54342K, capacity 56681K, committed 56960K, reserved 1097728K
  class space    used 7237K, capacity 8214K, committed 8320K, reserved 1048576K
}
Event: 5.873 GC heap before
{Heap before GC invocations=10 (full 0):
 garbage-first heap   total 196608K, used 143310K [0x0000000741800000, 0x0000000800000000)
  region size 1024K, 106 young (108544K), 7 survivors (7168K)
 Metaspace       used 54445K, capacity 56798K, committed 56960K, reserved 1097728K
  class space    used 7249K, capacity 8253K, committed 8320K, reserved 1048576K
}
Event: 5.876 GC heap after
{Heap after GC invocations=11 (full 0):
 garbage-first heap   total 196608K, used 43401K [0x0000000741800000, 0x0000000800000000)
  region size 1024K, 8 young (8192K), 8 survivors (8192K)
 Metaspace       used 54445K, capacity 56798K, committed 56960K, reserved 1097728K
  class space    used 7249K, capacity 8253K, committed 8320K, reserved 1048576K
}
Event: 5.940 GC heap before
{Heap before GC invocations=11 (full 0):
 garbage-first heap   total 196608K, used 147849K [0x0000000741800000, 0x0000000800000000)
  region size 1024K, 111 young (113664K), 8 survivors (8192K)
 Metaspace       used 54578K, capacity 56929K, committed 57216K, reserved 1097728K
  class space    used 7271K, capacity 8254K, committed 8320K, reserved 1048576K
}
Event: 5.945 GC heap after
{Heap after GC invocations=12 (full 0):
 garbage-first heap   total 196608K, used 44863K [0x0000000741800000, 0x0000000800000000)
  region size 1024K, 9 young (9216K), 9 survivors (9216K)
 Metaspace       used 54578K, capacity 56929K, committed 57216K, reserved 1097728K
  class space    used 7271K, capacity 8254K, committed 8320K, reserved 1048576K
}
Event: 6.200 GC heap before
{Heap before GC invocations=12 (full 0):
 garbage-first heap   total 196608K, used 89919K [0x0000000741800000, 0x0000000800000000)
  region size 1024K, 55 young (56320K), 9 survivors (9216K)
 Metaspace       used 57733K, capacity 60070K, committed 60160K, reserved 1101824K
  class space    used 7666K, capacity 8643K, committed 8704K, reserved 1048576K
}
Event: 6.203 GC heap after
{Heap after GC invocations=13 (full 0):
 garbage-first heap   total 196608K, used 43684K [0x0000000741800000, 0x0000000800000000)
  region size 1024K, 3 young (3072K), 3 survivors (3072K)
 Metaspace       used 57733K, capacity 60070K, committed 60160K, reserved 1101824K
  class space    used 7666K, capacity 8643K, committed 8704K, reserved 1048576K
}
Event: 7.944 GC heap before
{Heap before GC invocations=14 (full 0):
 garbage-first heap   total 196608K, used 155300K [0x0000000741800000, 0x0000000800000000)
  region size 1024K, 113 young (115712K), 3 survivors (3072K)
 Metaspace       used 67181K, capacity 70288K, committed 70528K, reserved 1110016K
  class space    used 8976K, capacity 10297K, committed 10368K, reserved 1048576K
}
Event: 7.952 GC heap after
{Heap after GC invocations=15 (full 0):
 garbage-first heap   total 196608K, used 55961K [0x0000000741800000, 0x0000000800000000)
  region size 1024K, 15 young (15360K), 15 survivors (15360K)
 Metaspace       used 67181K, capacity 70288K, committed 70528K, reserved 1110016K
  class space    used 8976K, capacity 10297K, committed 10368K, reserved 1048576K
}

Deoptimization events (10 events):
Event: 8.011 Thread 0x00000000269ca000 Uncommon trap: reason=bimorphic_or_optimized_type_check action=maybe_recompile pc=0x0000000012cc1abc method=java.util.WeakHashMap.eq(Ljava/lang/Object;Ljava/lang/Object;)Z @ 7 c2
Event: 8.011 Thread 0x00000000269ca000 Uncommon trap: reason=bimorphic_or_optimized_type_check action=maybe_recompile pc=0x0000000012cc1abc method=java.util.WeakHashMap.eq(Ljava/lang/Object;Ljava/lang/Object;)Z @ 7 c2
Event: 8.015 Thread 0x0000000026ac0800 Uncommon trap: reason=array_check action=maybe_recompile pc=0x0000000012eb2d7c method=java.util.stream.Nodes$FixedNodeBuilder.accept(Ljava/lang/Object;)V @ 28 c2
Event: 8.015 Thread 0x0000000026ac0800 Uncommon trap: reason=array_check action=maybe_recompile pc=0x0000000012eb2d7c method=java.util.stream.Nodes$FixedNodeBuilder.accept(Ljava/lang/Object;)V @ 28 c2
Event: 8.015 Thread 0x0000000026ac0800 Uncommon trap: reason=array_check action=maybe_recompile pc=0x0000000012eb2d7c method=java.util.stream.Nodes$FixedNodeBuilder.accept(Ljava/lang/Object;)V @ 28 c2
Event: 8.015 Thread 0x0000000026ac0800 Uncommon trap: reason=array_check action=maybe_recompile pc=0x0000000012eb2d7c method=java.util.stream.Nodes$FixedNodeBuilder.accept(Ljava/lang/Object;)V @ 28 c2
Event: 10.433 Thread 0x0000000026ac0800 Uncommon trap: reason=profile_predicate action=maybe_recompile pc=0x0000000012ede138 method=javafx.scene.CssStyleHelper.transitionToState(Ljavafx/scene/Node;)V @ 286 c2
Event: 10.433 Thread 0x0000000026ac0800 Uncommon trap: reason=profile_predicate action=maybe_recompile pc=0x0000000012ede138 method=javafx.scene.CssStyleHelper.transitionToState(Ljavafx/scene/Node;)V @ 286 c2
Event: 10.433 Thread 0x0000000026ac0800 Uncommon trap: reason=profile_predicate action=maybe_recompile pc=0x0000000012ede138 method=javafx.scene.CssStyleHelper.transitionToState(Ljavafx/scene/Node;)V @ 286 c2
Event: 10.448 Thread 0x0000000026ac0800 Uncommon trap: reason=profile_predicate action=maybe_recompile pc=0x0000000012ede138 method=javafx.scene.CssStyleHelper.transitionToState(Ljavafx/scene/Node;)V @ 286 c2

Classes redefined (0 events):
No events

Internal exceptions (10 events):
Event: 7.197 Thread 0x0000000026ac0800 Exception <a 'java/io/FileNotFoundException'{0x000000074a6282e0}> (0x000000074a6282e0) thrown at [t:/workspace/open/src/hotspot/share/prims/jni.cpp, line 615]
Event: 7.209 Thread 0x0000000026ac0800 Exception <a 'java/io/FileNotFoundException'{0x000000074a639350}> (0x000000074a639350) thrown at [t:/workspace/open/src/hotspot/share/prims/jni.cpp, line 615]
Event: 7.243 Thread 0x0000000026ac0800 Implicit null exception at 0x0000000012cbf81a to 0x0000000012cc0346
Event: 7.708 Thread 0x0000000026ac0800 Exception <a 'java/lang/IncompatibleClassChangeError'{0x0000000748253ef8}: Found class java.lang.Object, but interface was expected> (0x0000000748253ef8) thrown at [t:/workspace/open/src/hotspot/share/interpreter/linkResolver.cpp, line 838]
Event: 7.721 Thread 0x0000000026ac0800 Exception <a 'java/lang/NoSuchMethodError'{0x00000007482f9ec0}: java.lang.invoke.DirectMethodHandle$Holder.invokeStatic(Ljava/lang/Object;IILjava/lang/Object;)Ljava/lang/Object;> (0x00000007482f9ec0) thrown at [t:/workspace/open/src/hotspot/share/interpre
Event: 8.004 Thread 0x0000000026ac0800 Exception <a 'java/lang/NoSuchMethodError'{0x000000074d353228}: java.lang.invoke.DirectMethodHandle$Holder.invokeSpecial(Ljava/lang/Object;Ljava/lang/Object;IIIIIII)Ljava/lang/Object;> (0x000000074d353228) thrown at [t:/workspace/open/src/hotspot/share/in
Event: 8.004 Thread 0x0000000026ac0800 Exception <a 'java/lang/NoSuchMethodError'{0x000000074d3565c0}: java.lang.invoke.DelegatingMethodHandle$Holder.reinvoke_L(Ljava/lang/Object;IIIIIII)Ljava/lang/Object;> (0x000000074d3565c0) thrown at [t:/workspace/open/src/hotspot/share/interpreter/linkRes
Event: 8.005 Thread 0x0000000026ac0800 Exception <a 'java/lang/NoSuchMethodError'{0x000000074d37b398}: java.lang.invoke.DirectMethodHandle$Holder.invokeSpecial(Ljava/lang/Object;Ljava/lang/Object;IIII)Ljava/lang/Object;> (0x000000074d37b398) thrown at [t:/workspace/open/src/hotspot/share/inter
Event: 8.005 Thread 0x0000000026ac0800 Exception <a 'java/lang/NoSuchMethodError'{0x000000074d37e2a8}: java.lang.invoke.Invokers$Holder.linkToTargetMethod(IIIILjava/lang/Object;)Ljava/lang/Object;> (0x000000074d37e2a8) thrown at [t:/workspace/open/src/hotspot/share/interpreter/linkResolver.cpp
Event: 8.213 Thread 0x0000000026ac0800 Exception <a 'java/lang/IncompatibleClassChangeError'{0x000000074babff50}: Found class java.lang.Object, but interface was expected> (0x000000074babff50) thrown at [t:/workspace/open/src/hotspot/share/interpreter/linkResolver.cpp, line 838]

Events (10 events):
Event: 12.771 loading class org/fxmisc/richtext/ParagraphBox
Event: 12.771 loading class org/fxmisc/richtext/ParagraphBox done
Event: 12.771 loading class javafx/geometry/Point2D
Event: 12.771 loading class javafx/geometry/Point2D done
Event: 12.771 loading class org/fxmisc/richtext/GenericStyledArea
Event: 12.771 loading class org/fxmisc/richtext/GenericStyledArea done
Event: 13.557 Thread 0x0000000034aac800 Thread added: 0x0000000034aac800
Event: 13.558 Thread 0x0000000034aac800 Thread exited: 0x0000000034aac800
Event: 36.994 Thread 0x00000000269ca000 DEOPT PACKING pc=0x000000000c58c02a sp=0x00000000275aba20
Event: 36.994 Thread 0x00000000269ca000 DEOPT UNPACKING pc=0x000000000b098fce sp=0x00000000275aae58 mode 0


Dynamic libraries:
0x0000000000400000 - 0x00000000004d2000 	C:\Program Files\BlueJ\BlueJ.exe
0x00007fffcb550000 - 0x00007fffcb746000 	C:\WINDOWS\SYSTEM32\ntdll.dll
0x00007fffa6870000 - 0x00007fffa6882000 	C:\Program Files\AVAST Software\Avast\aswhook.dll
0x00007fffc9810000 - 0x00007fffc98cd000 	C:\WINDOWS\System32\KERNEL32.DLL
0x00007fffc8ca0000 - 0x00007fffc8f68000 	C:\WINDOWS\System32\KERNELBASE.dll
0x00007fffc6620000 - 0x00007fffc66b0000 	C:\WINDOWS\SYSTEM32\apphelp.dll
0x00007fffca330000 - 0x00007fffca3ce000 	C:\WINDOWS\System32\msvcrt.dll
0x00007fffcabc0000 - 0x00007fffcb300000 	C:\WINDOWS\System32\SHELL32.dll
0x00007fffc9470000 - 0x00007fffc950d000 	C:\WINDOWS\System32\msvcp_win.dll
0x00007fffc8f70000 - 0x00007fffc9070000 	C:\WINDOWS\System32\ucrtbase.dll
0x00007fffca0b0000 - 0x00007fffca250000 	C:\WINDOWS\System32\USER32.dll
0x00007fffc9140000 - 0x00007fffc9162000 	C:\WINDOWS\System32\win32u.dll
0x00007fffc97e0000 - 0x00007fffc980a000 	C:\WINDOWS\System32\GDI32.dll
0x00007fffc9170000 - 0x00007fffc9279000 	C:\WINDOWS\System32\gdi32full.dll
0x00007fffc9e10000 - 0x00007fffc9e65000 	C:\WINDOWS\System32\SHLWAPI.dll
0x00007fffc2750000 - 0x00007fffc275a000 	C:\WINDOWS\SYSTEM32\VERSION.dll
0x00007fffc9ed0000 - 0x00007fffc9f00000 	C:\WINDOWS\System32\IMM32.DLL
0x00007fffca250000 - 0x00007fffca2fe000 	C:\WINDOWS\System32\shcore.dll
0x00007fffc9a00000 - 0x00007fffc9d55000 	C:\WINDOWS\System32\combase.dll
0x00007fffca3d0000 - 0x00007fffca4f4000 	C:\WINDOWS\System32\RPCRT4.dll
0x00007fff83ac0000 - 0x00007fff845e3000 	C:\Program Files\BlueJ\jdk\bin\server\jvm.dll
0x00007fffc9950000 - 0x00007fffc99fa000 	C:\WINDOWS\System32\ADVAPI32.dll
0x00007fffca6b0000 - 0x00007fffca74b000 	C:\WINDOWS\System32\sechost.dll
0x00007fffc9620000 - 0x00007fffc9628000 	C:\WINDOWS\System32\PSAPI.DLL
0x00007fffbe250000 - 0x00007fffbe259000 	C:\WINDOWS\SYSTEM32\WSOCK32.dll
0x00007fffca640000 - 0x00007fffca6ab000 	C:\WINDOWS\System32\WS2_32.dll
0x00007fffbd400000 - 0x00007fffbd427000 	C:\WINDOWS\SYSTEM32\WINMM.dll
0x00007fffae2d0000 - 0x00007fffae2e6000 	C:\Program Files\BlueJ\jdk\bin\VCRUNTIME140.dll
0x00007fffad190000 - 0x00007fffad1a1000 	C:\Program Files\BlueJ\jdk\bin\verify.dll
0x00007fffbffa0000 - 0x00007fffc0184000 	C:\WINDOWS\SYSTEM32\DBGHELP.DLL
0x00007fffbfda0000 - 0x00007fffbfdcc000 	C:\WINDOWS\SYSTEM32\dbgcore.DLL
0x00007fffc9070000 - 0x00007fffc90ef000 	C:\WINDOWS\System32\bcryptPrimitives.dll
0x00007fff9d660000 - 0x00007fff9d688000 	C:\Program Files\BlueJ\jdk\bin\java.dll
0x00007fffa8360000 - 0x00007fffa8376000 	C:\Program Files\BlueJ\jdk\bin\zip.dll
0x00007fffbcc10000 - 0x00007fffbcc1a000 	C:\Program Files\BlueJ\jdk\bin\jimage.dll
0x00007fffc6c10000 - 0x00007fffc6c22000 	C:\WINDOWS\SYSTEM32\kernel.appcore.dll
0x00007fffc6e10000 - 0x00007fffc75a4000 	C:\WINDOWS\SYSTEM32\windows.storage.dll
0x00007fffc8710000 - 0x00007fffc873c000 	C:\WINDOWS\SYSTEM32\Wldp.dll
0x00007fffc8bd0000 - 0x00007fffc8bf6000 	C:\WINDOWS\SYSTEM32\profapi.dll
0x00007fffa6a70000 - 0x00007fffa6a89000 	C:\Program Files\BlueJ\jdk\bin\net.dll
0x00007fffc25c0000 - 0x00007fffc26c0000 	C:\WINDOWS\SYSTEM32\WINHTTP.dll
0x00007fffb1620000 - 0x00007fffb180d000 	C:\WINDOWS\SYSTEM32\urlmon.dll
0x00007fffb0280000 - 0x00007fffb0530000 	C:\WINDOWS\SYSTEM32\iertutil.dll
0x00007fffc8490000 - 0x00007fffc84fa000 	C:\WINDOWS\system32\mswsock.dll
0x00007fffa3550000 - 0x00007fffa3563000 	C:\Program Files\BlueJ\jdk\bin\nio.dll
0x0000000180000000 - 0x0000000180003000 	C:\Program Files\BlueJ\lib\javafx\bin\api-ms-win-core-console-l1-1-0.dll
0x0000000000740000 - 0x0000000000743000 	C:\Program Files\BlueJ\lib\javafx\bin\api-ms-win-core-datetime-l1-1-0.dll
0x0000000000750000 - 0x0000000000753000 	C:\Program Files\BlueJ\lib\javafx\bin\api-ms-win-core-debug-l1-1-0.dll
0x0000000000760000 - 0x0000000000763000 	C:\Program Files\BlueJ\lib\javafx\bin\api-ms-win-core-errorhandling-l1-1-0.dll
0x0000000000770000 - 0x0000000000774000 	C:\Program Files\BlueJ\lib\javafx\bin\api-ms-win-core-file-l1-1-0.dll
0x0000000000880000 - 0x0000000000883000 	C:\Program Files\BlueJ\lib\javafx\bin\api-ms-win-core-file-l1-2-0.dll
0x0000000000890000 - 0x0000000000893000 	C:\Program Files\BlueJ\lib\javafx\bin\api-ms-win-core-file-l2-1-0.dll
0x00000000008a0000 - 0x00000000008a3000 	C:\Program Files\BlueJ\lib\javafx\bin\api-ms-win-core-handle-l1-1-0.dll
0x00000000008b0000 - 0x00000000008b3000 	C:\Program Files\BlueJ\lib\javafx\bin\api-ms-win-core-heap-l1-1-0.dll
0x00000000008c0000 - 0x00000000008c3000 	C:\Program Files\BlueJ\lib\javafx\bin\api-ms-win-core-interlocked-l1-1-0.dll
0x00000000008d0000 - 0x00000000008d3000 	C:\Program Files\BlueJ\lib\javafx\bin\api-ms-win-core-libraryloader-l1-1-0.dll
0x00000000008e0000 - 0x00000000008e3000 	C:\Program Files\BlueJ\lib\javafx\bin\api-ms-win-core-localization-l1-2-0.dll
0x00000000008f0000 - 0x00000000008f3000 	C:\Program Files\BlueJ\lib\javafx\bin\api-ms-win-core-memory-l1-1-0.dll
0x0000000000900000 - 0x0000000000903000 	C:\Program Files\BlueJ\lib\javafx\bin\api-ms-win-core-namedpipe-l1-1-0.dll
0x0000000000910000 - 0x0000000000913000 	C:\Program Files\BlueJ\lib\javafx\bin\api-ms-win-core-processenvironment-l1-1-0.dll
0x0000000000920000 - 0x0000000000923000 	C:\Program Files\BlueJ\lib\javafx\bin\api-ms-win-core-processthreads-l1-1-0.dll
0x0000000000930000 - 0x0000000000933000 	C:\Program Files\BlueJ\lib\javafx\bin\api-ms-win-core-processthreads-l1-1-1.dll
0x0000000002d10000 - 0x0000000002d13000 	C:\Program Files\BlueJ\lib\javafx\bin\api-ms-win-core-profile-l1-1-0.dll
0x0000000002d20000 - 0x0000000002d23000 	C:\Program Files\BlueJ\lib\javafx\bin\api-ms-win-core-rtlsupport-l1-1-0.dll
0x0000000027260000 - 0x0000000027263000 	C:\Program Files\BlueJ\lib\javafx\bin\api-ms-win-core-string-l1-1-0.dll
0x0000000027270000 - 0x0000000027273000 	C:\Program Files\BlueJ\lib\javafx\bin\api-ms-win-core-synch-l1-1-0.dll
0x0000000027280000 - 0x0000000027283000 	C:\Program Files\BlueJ\lib\javafx\bin\api-ms-win-core-synch-l1-2-0.dll
0x0000000027290000 - 0x0000000027293000 	C:\Program Files\BlueJ\lib\javafx\bin\api-ms-win-core-sysinfo-l1-1-0.dll
0x00000000272a0000 - 0x00000000272a3000 	C:\Program Files\BlueJ\lib\javafx\bin\api-ms-win-core-timezone-l1-1-0.dll
0x00000000272b0000 - 0x00000000272b3000 	C:\Program Files\BlueJ\lib\javafx\bin\api-ms-win-core-util-l1-1-0.dll
0x00000000272c0000 - 0x00000000272c3000 	C:\Program Files\BlueJ\lib\javafx\bin\api-ms-win-crt-conio-l1-1-0.dll
0x00000000272d0000 - 0x00000000272d4000 	C:\Program Files\BlueJ\lib\javafx\bin\api-ms-win-crt-convert-l1-1-0.dll
0x00000000272e0000 - 0x00000000272e3000 	C:\Program Files\BlueJ\lib\javafx\bin\api-ms-win-crt-environment-l1-1-0.dll
0x00000000272f0000 - 0x00000000272f3000 	C:\Program Files\BlueJ\lib\javafx\bin\api-ms-win-crt-filesystem-l1-1-0.dll
0x0000000027300000 - 0x0000000027303000 	C:\Program Files\BlueJ\lib\javafx\bin\api-ms-win-crt-heap-l1-1-0.dll
0x0000000027310000 - 0x0000000027313000 	C:\Program Files\BlueJ\lib\javafx\bin\api-ms-win-crt-locale-l1-1-0.dll
0x0000000027320000 - 0x0000000027325000 	C:\Program Files\BlueJ\lib\javafx\bin\api-ms-win-crt-math-l1-1-0.dll
0x0000000027330000 - 0x0000000027335000 	C:\Program Files\BlueJ\lib\javafx\bin\api-ms-win-crt-multibyte-l1-1-0.dll
0x0000000027340000 - 0x0000000027350000 	C:\Program Files\BlueJ\lib\javafx\bin\api-ms-win-crt-private-l1-1-0.dll
0x0000000027350000 - 0x0000000027353000 	C:\Program Files\BlueJ\lib\javafx\bin\api-ms-win-crt-process-l1-1-0.dll
0x0000000027360000 - 0x0000000027364000 	C:\Program Files\BlueJ\lib\javafx\bin\api-ms-win-crt-runtime-l1-1-0.dll
0x0000000027370000 - 0x0000000027374000 	C:\Program Files\BlueJ\lib\javafx\bin\api-ms-win-crt-stdio-l1-1-0.dll
0x0000000027380000 - 0x0000000027384000 	C:\Program Files\BlueJ\lib\javafx\bin\api-ms-win-crt-string-l1-1-0.dll
0x0000000027390000 - 0x0000000027393000 	C:\Program Files\BlueJ\lib\javafx\bin\api-ms-win-crt-time-l1-1-0.dll
0x00000000273a0000 - 0x00000000273a3000 	C:\Program Files\BlueJ\lib\javafx\bin\api-ms-win-crt-utility-l1-1-0.dll
0x00007fff92670000 - 0x00007fff9276a000 	C:\Program Files\BlueJ\lib\javafx\bin\ucrtbase.dll
0x00007fffa3070000 - 0x00007fffa3086000 	C:\Program Files\BlueJ\lib\javafx\bin\vcruntime140.dll
0x00007fff91970000 - 0x00007fff91a16000 	C:\Program Files\BlueJ\lib\javafx\bin\msvcp140.dll
0x00007fff9aa10000 - 0x00007fff9aa61000 	C:\Program Files\BlueJ\lib\javafx\bin\concrt140.dll
0x00007fff9b4f0000 - 0x00007fff9b513000 	C:\Program Files\BlueJ\lib\javafx\bin\prism_d3d.dll
0x00007fffbf830000 - 0x00007fffbf9fe000 	C:\WINDOWS\system32\d3d9.dll
0x00007fffc6a30000 - 0x00007fffc6a5f000 	C:\WINDOWS\SYSTEM32\dwmapi.dll
0x00007fffc6750000 - 0x00007fffc67ef000 	C:\WINDOWS\system32\uxtheme.dll
0x00007fffc0270000 - 0x00007fffc035e000 	C:\WINDOWS\System32\DriverStore\FileRepository\nvhdc.inf_amd64_1683e6c24d03a407\nvldumdx.dll
0x00007fffc9310000 - 0x00007fffc946d000 	C:\WINDOWS\System32\crypt32.dll
0x00007fffc92b0000 - 0x00007fffc9310000 	C:\WINDOWS\System32\WINTRUST.DLL
0x00007fffc8890000 - 0x00007fffc88a2000 	C:\WINDOWS\SYSTEM32\MSASN1.dll
0x00007fffca300000 - 0x00007fffca31d000 	C:\WINDOWS\System32\imagehlp.dll
0x00007fffc8660000 - 0x00007fffc8678000 	C:\WINDOWS\SYSTEM32\CRYPTSP.dll
0x00007fffc7db0000 - 0x00007fffc7de4000 	C:\WINDOWS\system32\rsaenh.dll
0x00007fffc9280000 - 0x00007fffc92a7000 	C:\WINDOWS\System32\bcrypt.dll
0x00007fffc8680000 - 0x00007fffc868c000 	C:\WINDOWS\SYSTEM32\CRYPTBASE.dll
0x00007fff8c730000 - 0x00007fff8dbca000 	C:\WINDOWS\System32\DriverStore\FileRepository\nvhdc.inf_amd64_1683e6c24d03a407\nvd3dumx.dll
0x00007fff9a360000 - 0x00007fff9a3a5000 	C:\Program Files\BlueJ\lib\javafx\bin\glass.dll
0x00007fffcb360000 - 0x00007fffcb43a000 	C:\WINDOWS\System32\COMDLG32.dll
0x00007fffca500000 - 0x00007fffca62a000 	C:\WINDOWS\System32\ole32.dll
0x00007fffcb440000 - 0x00007fffcb50d000 	C:\WINDOWS\System32\OLEAUT32.dll
0x00007fffbf780000 - 0x00007fffbf830000 	C:\WINDOWS\WinSxS\amd64_microsoft.windows.common-controls_6595b64144ccf1df_5.82.19041.488_none_4238de57f6b64d28\COMCTL32.dll
0x00007fffc9f00000 - 0x00007fffca015000 	C:\WINDOWS\System32\MSCTF.dll
0x00007fffc82a0000 - 0x00007fffc82eb000 	C:\WINDOWS\system32\powrprof.dll
0x00007fffc8110000 - 0x00007fffc8122000 	C:\WINDOWS\SYSTEM32\UMPDC.dll
0x00007fff9ffc0000 - 0x00007fffa0281000 	C:\WINDOWS\system32\nvspcap64.dll
0x00007fffc79e0000 - 0x00007fffc7a13000 	C:\WINDOWS\SYSTEM32\ntmarta.dll
0x00007fffc75c0000 - 0x00007fffc75e3000 	C:\WINDOWS\SYSTEM32\gpapi.dll
0x00007fffbfc10000 - 0x00007fffbfc41000 	C:\WINDOWS\SYSTEM32\cryptnet.dll
0x00007fffc04d0000 - 0x00007fffc050b000 	C:\WINDOWS\SYSTEM32\dxcore.dll
0x00007fffc90f0000 - 0x00007fffc913e000 	C:\WINDOWS\System32\cfgmgr32.dll
0x00007fff91610000 - 0x00007fff917ae000 	C:\Program Files\BlueJ\jdk\bin\awt.dll
0x00007fffc52c0000 - 0x00007fffc5880000 	C:\WINDOWS\SYSTEM32\d2d1.dll
0x00007fffa2830000 - 0x00007fffa2844000 	C:\Program Files\BlueJ\lib\javafx\bin\javafx_font.dll
0x00007fffa0440000 - 0x00007fffa06bf000 	C:\WINDOWS\SYSTEM32\dwrite.dll
0x00007fffc9d60000 - 0x00007fffc9e09000 	C:\WINDOWS\System32\clbcatq.dll
0x00007fffbc7c0000 - 0x00007fffbca5b000 	C:\WINDOWS\WinSxS\amd64_microsoft.windows.common-controls_6595b64144ccf1df_6.0.19041.488_none_ca04af081b815d21\comctl32.dll
0x00007fffc3000000 - 0x00007fffc31b4000 	C:\WINDOWS\SYSTEM32\WindowsCodecs.dll
0x00007fffb4a60000 - 0x00007fffb4a9e000 	C:\WINDOWS\system32\dataexchange.dll
0x00007fffc4a90000 - 0x00007fffc4cf4000 	C:\WINDOWS\system32\d3d11.dll
0x00007fffc59e0000 - 0x00007fffc5bc5000 	C:\WINDOWS\system32\dcomp.dll
0x00007fffc75f0000 - 0x00007fffc76e3000 	C:\WINDOWS\system32\dxgi.dll

dbghelp: loaded successfully - version: 4.0.5 - missing functions: none
symbol engine: initialized successfully - sym options: 0x614 - pdb path: .;C:\Program Files\BlueJ;C:\WINDOWS\SYSTEM32;C:\Program Files\AVAST Software\Avast;C:\Program Files\BlueJ\jdk\bin\server;C:\Program Files\BlueJ\jdk\bin;C:\Program Files\BlueJ\lib\javafx\bin;C:\WINDOWS\System32\DriverStore\FileRepository\nvhdc.inf_amd64_1683e6c24d03a407;C:\WINDOWS\WinSxS\amd64_microsoft.windows.common-controls_6595b64144ccf1df_5.82.19041.488_none_4238de57f6b64d28;C:\WINDOWS\WinSxS\amd64_microsoft.windows.common-controls_6595b64144ccf1df_6.0.19041.488_none_ca04af081b815d21;C:\Program Files\Common Files\Microsoft Shared\Ink

VM Arguments:
jvm_args: -Djavafx.embed.singleThread=true 
java_command: <unknown>
java_class_path (initial): C:\Program Files\BlueJ\lib\bluej.jar;C:\Program Files\BlueJ\lib\javafx\lib\javafx.base.jar;C:\Program Files\BlueJ\lib\javafx\lib\javafx.controls.jar;C:\Program Files\BlueJ\lib\javafx\lib\javafx.fxml.jar;C:\Program Files\BlueJ\lib\javafx\lib\javafx.graphics.jar;C:\Program Files\BlueJ\lib\javafx\lib\javafx.media.jar;C:\Program Files\BlueJ\lib\javafx\lib\javafx.properties.jar;C:\Program Files\BlueJ\lib\javafx\lib\javafx.swing.jar;C:\Program Files\BlueJ\lib\javafx\lib\javafx.web.jar
Launcher Type: generic

[Global flags]
     intx CICompilerCount                          = 3                                         {product} {ergonomic}
     uint ConcGCThreads                            = 2                                         {product} {ergonomic}
     uint G1ConcRefinementThreads                  = 6                                         {product} {ergonomic}
   size_t G1HeapRegionSize                         = 1048576                                   {product} {ergonomic}
    uintx GCDrainStackTargetSize                   = 64                                        {product} {ergonomic}
   size_t InitialHeapSize                          = 201326592                                 {product} {ergonomic}
   size_t MarkStackSize                            = 4194304                                   {product} {ergonomic}
   size_t MaxHeapSize                              = 3196059648                                {product} {ergonomic}
   size_t MaxNewSize                               = 1916796928                                {product} {ergonomic}
   size_t MinHeapDeltaBytes                        = 1048576                                   {product} {ergonomic}
    uintx NonNMethodCodeHeapSize                   = 5830092                                {pd product} {ergonomic}
    uintx NonProfiledCodeHeapSize                  = 122914074                              {pd product} {ergonomic}
    uintx ProfiledCodeHeapSize                     = 122914074                              {pd product} {ergonomic}
    uintx ReservedCodeCacheSize                    = 251658240                              {pd product} {ergonomic}
     bool SegmentedCodeCache                       = true                                      {product} {ergonomic}
     bool UseCompressedClassPointers               = true                                 {lp64_product} {ergonomic}
     bool UseCompressedOops                        = true                                 {lp64_product} {ergonomic}
     bool UseG1GC                                  = true                                      {product} {ergonomic}
     bool UseLargePagesIndividualAllocation        = false                                  {pd product} {ergonomic}

Logging:
Log output configuration:
 #0: stdout all=warning uptime,level,tags
 #1: stderr all=off uptime,level,tags

Environment Variables:
JAVA_HOME=C:\Program Files\Java\jdk-11.0.8
PATH=C:\Program Files\Common Files\Oracle\Java\javapath;C:\Program Files (x86)\Common Files\Oracle\Java\javapath;C:\Program Files (x86)\Intel\Intel(R) Management Engine Components\iCLS\;C:\Program Files\Intel\Intel(R) Management Engine Components\iCLS\;C:\windows\system32;C:\windows;C:\windows\System32\Wbem;C:\windows\System32\WindowsPowerShell\v1.0\;C:\Program Files (x86)\Intel\Intel(R) Management Engine Components\DAL;C:\Program Files\Intel\Intel(R) Management Engine Components\DAL;C:\Program Files (x86)\Intel\Intel(R) Management Engine Components\IPT;C:\Program Files\Intel\Intel(R) Management Engine Components\IPT;C:\Program Files (x86)\NVIDIA Corporation\PhysX\Common;C:\WINDOWS\system32;C:\WINDOWS;C:\WINDOWS\System32\Wbem;C:\WINDOWS\System32\WindowsPowerShell\v1.0\;C:\WINDOWS\System32\OpenSSH\;C:\Program Files\NVIDIA Corporation\NVIDIA NvDLISR;C:\Program Files\Java\jdk-11.0.8\bin;;C:\WINDOWS\system32;C:\WINDOWS;C:\WINDOWS\System32\Wbem;C:\WINDOWS\System32\WindowsPowerShell\v1.0\;C:\WINDOWS\System32\OpenSSH\;C:\Users\kiara\AppData\Local\Microsoft\WindowsApps
USERNAME=kiara
OS=Windows_NT
PROCESSOR_IDENTIFIER=Intel64 Family 6 Model 158 Stepping 10, GenuineIntel



---------------  S Y S T E M  ---------------

OS: Windows 10 , 64 bit Build 19041 (10.0.19041.546)

CPU:total 6 (initial active 6) (6 cores per cpu, 1 threads per core) family 6 model 158 stepping 10, cmov, cx8, fxsr, mmx, sse, sse2, sse3, ssse3, sse4.1, sse4.2, popcnt, avx, avx2, aes, clmul, erms, 3dnowpref, lzcnt, tsc, tscinvbit, bmi1, bmi2, adx, fma

Memory: 4k page, system-wide physical 12191M (1306M free)
TotalPageFile size 49055M (AvailPageFile size 4M)
current process WorkingSet (physical memory assigned to process): 383M, peak: 439M
current process commit charge ("private bytes"): 464M, peak: 503M

vm_info: OpenJDK 64-Bit Server VM (11.0.2+9) for windows-amd64 JRE (11.0.2+9), built on Jan 18 2019 05:23:22 by "mach5one" with MS VC++ 15.5 (VS2017)

END.
