#
# There is insufficient memory for the Java Runtime Environment to continue.
# Native memory allocation (malloc) failed to allocate 230576 bytes for Chunk::new
# Possible reasons:
#   The system is out of physical RAM or swap space
#   The process is running with CompressedOops enabled, and the Java Heap may be blocking the growth of the native heap
# Possible solutions:
#   Reduce memory load on the system
#   Increase physical memory or swap space
#   Check if swap backing store is full
#   Decrease Java heap size (-Xmx/-Xms)
#   Decrease number of Java threads
#   Decrease Java thread stack sizes (-Xss)
#   Set larger code cache with -XX:ReservedCodeCacheSize=
#   JVM is running with Zero Based Compressed Oops mode in which the Java heap is
#     placed in the first 32GB address space. The Java Heap base address is the
#     maximum limit for the native heap growth. Please use -XX:HeapBaseMinAddress
#     to set the Java Heap base and to place the Java Heap above 32GB virtual address.
# This output file may be truncated or incomplete.
#
#  Out of Memory Error (t:/workspace/open/src/hotspot/share/memory/arena.cpp:197), pid=14180, tid=5320
#
# JRE version: OpenJDK Runtime Environment (11.0.2+9) (build 11.0.2+9)
# Java VM: OpenJDK 64-Bit Server VM (11.0.2+9, mixed mode, tiered, compressed oops, g1 gc, windows-amd64)
# No core dump will be written. Minidumps are not enabled by default on client versions of Windows
#

---------------  S U M M A R Y ------------

Command Line: -Djavafx.embed.singleThread=true 

Host: Intel(R) Core(TM) i5-8400 CPU @ 2.80GHz, 6 cores, 11G,  Windows 10 , 64 bit Build 19041 (10.0.19041.546)
Time: Mon Nov  2 19:59:55 2020 Hora estándar romance elapsed time: 0 seconds (0d 0h 0m 0s)

---------------  T H R E A D  ---------------

Current thread (0x000000002c40b000):  JavaThread "C2 CompilerThread1" daemon [_thread_in_native, id=5320, stack(0x00000000321d0000,0x00000000323d0000)]


Current CompileTask:
C2:    778 1260       4       java.util.HashMap::putVal (300 bytes)

Stack: [0x00000000321d0000,0x00000000323d0000]
Native frames: (J=compiled Java code, j=interpreted, Vv=VM code, C=native code)
V  [jvm.dll+0x63489a]
V  [jvm.dll+0x771f9f]
V  [jvm.dll+0x773648]
V  [jvm.dll+0x773d03]
V  [jvm.dll+0x25eba8]
V  [jvm.dll+0xc2191]
V  [jvm.dll+0xc271c]
V  [jvm.dll+0x36cc47]
V  [jvm.dll+0x339b13]
V  [jvm.dll+0x338eea]
V  [jvm.dll+0x2189c5]
V  [jvm.dll+0x217b6a]
V  [jvm.dll+0x194370]
V  [jvm.dll+0x226b3f]
V  [jvm.dll+0x225148]
V  [jvm.dll+0x73774d]
V  [jvm.dll+0x633942]
C  [ucrtbase.dll+0x214c2]
C  [KERNEL32.DLL+0x17034]
C  [ntdll.dll+0x4cec1]


---------------  P R O C E S S  ---------------

Threads class SMR info:
_java_thread_list=0x000000002c5e9520, length=20, elements={
0x0000000002cc2000, 0x0000000024cd5000, 0x0000000024cde800, 0x0000000024d3c800,
0x0000000024d3f000, 0x0000000024d40800, 0x0000000024ce9000, 0x0000000024cee800,
0x0000000024e95000, 0x0000000024ead000, 0x00000000268b5800, 0x0000000026974800,
0x0000000026a2c800, 0x0000000026a33000, 0x000000002c34c000, 0x0000000026bdf000,
0x000000002c36d800, 0x000000002c3d9800, 0x0000000026965000, 0x000000002c40b000
}

Java Threads: ( => current thread )
  0x0000000002cc2000 JavaThread "main" [_thread_blocked, id=22584, stack(0x00000000004e0000,0x00000000006e0000)]
  0x0000000024cd5000 JavaThread "Reference Handler" daemon [_thread_blocked, id=6124, stack(0x00000000252b0000,0x00000000254b0000)]
  0x0000000024cde800 JavaThread "Finalizer" daemon [_thread_blocked, id=10540, stack(0x00000000254b0000,0x00000000256b0000)]
  0x0000000024d3c800 JavaThread "Signal Dispatcher" daemon [_thread_blocked, id=14092, stack(0x00000000257d0000,0x00000000259d0000)]
  0x0000000024d3f000 JavaThread "Attach Listener" daemon [_thread_blocked, id=828, stack(0x00000000259d0000,0x0000000025bd0000)]
  0x0000000024d40800 JavaThread "C2 CompilerThread0" daemon [_thread_blocked, id=4800, stack(0x0000000025bd0000,0x0000000025dd0000)]
  0x0000000024ce9000 JavaThread "C1 CompilerThread0" daemon [_thread_blocked, id=22048, stack(0x0000000025dd0000,0x0000000025fd0000)]
  0x0000000024cee800 JavaThread "Sweeper thread" daemon [_thread_blocked, id=10488, stack(0x0000000025fd0000,0x00000000261d0000)]
  0x0000000024e95000 JavaThread "Service Thread" daemon [_thread_blocked, id=20652, stack(0x00000000261d0000,0x00000000263d0000)]
  0x0000000024ead000 JavaThread "Common-Cleaner" daemon [_thread_blocked, id=16828, stack(0x00000000265d0000,0x00000000267d0000)]
  0x00000000268b5800 JavaThread "JavaFX-Launcher" [_thread_blocked, id=7668, stack(0x0000000026fd0000,0x00000000271d0000)]
  0x0000000026974800 JavaThread "QuantumRenderer-0" daemon [_thread_blocked, id=21308, stack(0x00000000273b0000,0x00000000275b0000)]
  0x0000000026a2c800 JavaThread "InvokeLaterDispatcher" daemon [_thread_blocked, id=12736, stack(0x0000000027a00000,0x0000000027c00000)]
  0x0000000026a33000 JavaThread "JavaFX Application Thread" [_thread_blocked, id=21760, stack(0x0000000027c00000,0x0000000027e00000)]
  0x000000002c34c000 JavaThread "Thread-2" daemon [_thread_blocked, id=15028, stack(0x000000002f2b0000,0x000000002f4b0000)]
  0x0000000026bdf000 JavaThread "Java2D Disposer" daemon [_thread_blocked, id=14472, stack(0x000000002f820000,0x000000002fa20000)]
  0x000000002c36d800 JavaThread "AWT-Shutdown" [_thread_blocked, id=19708, stack(0x000000002fa20000,0x000000002fc20000)]
  0x000000002c3d9800 JavaThread "AWT-Windows" daemon [_thread_in_native, id=5868, stack(0x000000002fc20000,0x000000002fe20000)]
  0x0000000026965000 JavaThread "Thread-3" [_thread_blocked, id=17148, stack(0x000000002fe20000,0x0000000030020000)]
=>0x000000002c40b000 JavaThread "C2 CompilerThread1" daemon [_thread_in_native, id=5320, stack(0x00000000321d0000,0x00000000323d0000)]

Other Threads:
  0x00000000240a1000 VMThread "VM Thread" [stack: 0x00000000250b0000,0x00000000252b0000] [id=13096]
  0x0000000024e96000 WatcherThread [stack: 0x00000000263d0000,0x00000000265d0000] [id=23824]
  0x0000000002cd7000 GCTaskThread "GC Thread#0" [stack: 0x0000000002680000,0x0000000002880000] [id=6812]
  0x000000002c1c4000 GCTaskThread "GC Thread#1" [stack: 0x0000000030220000,0x0000000030420000] [id=22116]
  0x000000002c1c4800 GCTaskThread "GC Thread#2" [stack: 0x0000000030420000,0x0000000030620000] [id=22460]
  0x0000000026cb9800 GCTaskThread "GC Thread#3" [stack: 0x0000000030620000,0x0000000030820000] [id=4424]
  0x0000000026cbe800 GCTaskThread "GC Thread#4" [stack: 0x0000000030820000,0x0000000030a20000] [id=14156]
  0x0000000026cbf800 GCTaskThread "GC Thread#5" [stack: 0x0000000030a20000,0x0000000030c20000] [id=4112]
  0x0000000002d1c800 ConcurrentGCThread "G1 Main Marker" [stack: 0x0000000021450000,0x0000000021650000] [id=460]
  0x0000000002d20000 ConcurrentGCThread "G1 Conc#0" [stack: 0x0000000021650000,0x0000000021850000] [id=2880]
  0x000000002c8b1800 ConcurrentGCThread "G1 Conc#1" [stack: 0x0000000032bd0000,0x0000000032dd0000] [id=8868]
  0x0000000023f06800 ConcurrentGCThread "G1 Refine#0" [stack: 0x00000000240b0000,0x00000000242b0000] [id=16084]
  0x0000000023f07800 ConcurrentGCThread "G1 Young RemSet Sampling" [stack: 0x00000000242b0000,0x00000000244b0000] [id=4184]

Threads with active compile tasks:
C2 CompilerThread01272       4       jdk.internal.org.objectweb.asm.Type::getType (269 bytes)
C2 CompilerThread11260       4       java.util.HashMap::putVal (300 bytes)

VM state:at safepoint (normal execution)

VM Mutex/Monitor currently owned by a thread:  ([mutex/lock_event])
[0x0000000002cc0b00] Threads_lock - owner thread: 0x00000000240a1000
[0x0000000002cc03b0] Heap_lock - owner thread: 0x0000000026965000

Heap address: 0x0000000741800000, size: 3048 MB, Compressed Oops mode: Zero based, Oop shift amount: 3
Narrow klass base: 0x0000000800000000, Narrow klass shift: 0
Compressed class space size: 1073741824 Address: 0x0000000800000000

Heap:
 garbage-first heap   total 196608K, used 6960K [0x0000000741800000, 0x0000000800000000)
  region size 1024K, 6 young (6144K), 6 survivors (6144K)
 Metaspace       used 19787K, capacity 20380K, committed 20480K, reserved 1077248K
  class space    used 2437K, capacity 2716K, committed 2816K, reserved 1048576K
Heap Regions: E=young(eden), S=young(survivor), O=old, HS=humongous(starts), HC=humongous(continues), CS=collection set, F=free, A=archive, TAMS=top-at-mark-start (previous, next)
|   0|0x0000000741800000, 0x0000000741900000, 0x0000000741900000|100%|HS|  |TAMS 0x0000000741800000, 0x0000000741900000| Complete 
|   1|0x0000000741900000, 0x00000007419bda00, 0x0000000741a00000| 74%| O|  |TAMS 0x0000000741900000, 0x00000007419bda00| Untracked 
|   2|0x0000000741a00000, 0x0000000741a00000, 0x0000000741b00000|  0%| F|  |TAMS 0x0000000741a00000, 0x0000000741a00000| Untracked 
|   3|0x0000000741b00000, 0x0000000741b00000, 0x0000000741c00000|  0%| F|  |TAMS 0x0000000741b00000, 0x0000000741b00000| Untracked 
|   4|0x0000000741c00000, 0x0000000741c00000, 0x0000000741d00000|  0%| F|  |TAMS 0x0000000741c00000, 0x0000000741c00000| Untracked 
|   5|0x0000000741d00000, 0x0000000741d00000, 0x0000000741e00000|  0%| F|  |TAMS 0x0000000741d00000, 0x0000000741d00000| Untracked 
|   6|0x0000000741e00000, 0x0000000741e00000, 0x0000000741f00000|  0%| F|  |TAMS 0x0000000741e00000, 0x0000000741e00000| Untracked 
|   7|0x0000000741f00000, 0x0000000741f00000, 0x0000000742000000|  0%| F|  |TAMS 0x0000000741f00000, 0x0000000741f00000| Untracked 
|   8|0x0000000742000000, 0x0000000742000000, 0x0000000742100000|  0%| F|  |TAMS 0x0000000742000000, 0x0000000742000000| Untracked 
|   9|0x0000000742100000, 0x0000000742100000, 0x0000000742200000|  0%| F|  |TAMS 0x0000000742100000, 0x0000000742100000| Untracked 
|  10|0x0000000742200000, 0x0000000742200000, 0x0000000742300000|  0%| F|  |TAMS 0x0000000742200000, 0x0000000742200000| Untracked 
|  11|0x0000000742300000, 0x0000000742300000, 0x0000000742400000|  0%| F|  |TAMS 0x0000000742300000, 0x0000000742300000| Untracked 
|  12|0x0000000742400000, 0x0000000742400000, 0x0000000742500000|  0%| F|  |TAMS 0x0000000742400000, 0x0000000742400000| Untracked 
|  13|0x0000000742500000, 0x0000000742500000, 0x0000000742600000|  0%| F|  |TAMS 0x0000000742500000, 0x0000000742500000| Untracked 
|  14|0x0000000742600000, 0x0000000742600000, 0x0000000742700000|  0%| F|  |TAMS 0x0000000742600000, 0x0000000742600000| Untracked 
|  15|0x0000000742700000, 0x0000000742700000, 0x0000000742800000|  0%| F|  |TAMS 0x0000000742700000, 0x0000000742700000| Untracked 
|  16|0x0000000742800000, 0x0000000742800000, 0x0000000742900000|  0%| F|  |TAMS 0x0000000742800000, 0x0000000742800000| Untracked 
|  17|0x0000000742900000, 0x0000000742900000, 0x0000000742a00000|  0%| F|  |TAMS 0x0000000742900000, 0x0000000742900000| Untracked 
|  18|0x0000000742a00000, 0x0000000742a00000, 0x0000000742b00000|  0%| F|  |TAMS 0x0000000742a00000, 0x0000000742a00000| Untracked 
|  19|0x0000000742b00000, 0x0000000742b00000, 0x0000000742c00000|  0%| F|  |TAMS 0x0000000742b00000, 0x0000000742b00000| Untracked 
|  20|0x0000000742c00000, 0x0000000742c00000, 0x0000000742d00000|  0%| F|  |TAMS 0x0000000742c00000, 0x0000000742c00000| Untracked 
|  21|0x0000000742d00000, 0x0000000742d00000, 0x0000000742e00000|  0%| F|  |TAMS 0x0000000742d00000, 0x0000000742d00000| Untracked 
|  22|0x0000000742e00000, 0x0000000742e00000, 0x0000000742f00000|  0%| F|  |TAMS 0x0000000742e00000, 0x0000000742e00000| Untracked 
|  23|0x0000000742f00000, 0x0000000742f00000, 0x0000000743000000|  0%| F|  |TAMS 0x0000000742f00000, 0x0000000742f00000| Untracked 
|  24|0x0000000743000000, 0x0000000743000000, 0x0000000743100000|  0%| F|  |TAMS 0x0000000743000000, 0x0000000743000000| Untracked 
|  25|0x0000000743100000, 0x0000000743100000, 0x0000000743200000|  0%| F|  |TAMS 0x0000000743100000, 0x0000000743100000| Untracked 
|  26|0x0000000743200000, 0x0000000743200000, 0x0000000743300000|  0%| F|  |TAMS 0x0000000743200000, 0x0000000743200000| Untracked 
|  27|0x0000000743300000, 0x0000000743300000, 0x0000000743400000|  0%| F|  |TAMS 0x0000000743300000, 0x0000000743300000| Untracked 
|  28|0x0000000743400000, 0x0000000743400000, 0x0000000743500000|  0%| F|  |TAMS 0x0000000743400000, 0x0000000743400000| Untracked 
|  29|0x0000000743500000, 0x0000000743500000, 0x0000000743600000|  0%| F|  |TAMS 0x0000000743500000, 0x0000000743500000| Untracked 
|  30|0x0000000743600000, 0x0000000743600000, 0x0000000743700000|  0%| F|  |TAMS 0x0000000743600000, 0x0000000743600000| Untracked 
|  31|0x0000000743700000, 0x0000000743700000, 0x0000000743800000|  0%| F|  |TAMS 0x0000000743700000, 0x0000000743700000| Untracked 
|  32|0x0000000743800000, 0x0000000743800000, 0x0000000743900000|  0%| F|  |TAMS 0x0000000743800000, 0x0000000743800000| Untracked 
|  33|0x0000000743900000, 0x0000000743900000, 0x0000000743a00000|  0%| F|  |TAMS 0x0000000743900000, 0x0000000743900000| Untracked 
|  34|0x0000000743a00000, 0x0000000743a00000, 0x0000000743b00000|  0%| F|  |TAMS 0x0000000743a00000, 0x0000000743a00000| Untracked 
|  35|0x0000000743b00000, 0x0000000743b00000, 0x0000000743c00000|  0%| F|  |TAMS 0x0000000743b00000, 0x0000000743b00000| Untracked 
|  36|0x0000000743c00000, 0x0000000743c00000, 0x0000000743d00000|  0%| F|  |TAMS 0x0000000743c00000, 0x0000000743c00000| Untracked 
|  37|0x0000000743d00000, 0x0000000743d00000, 0x0000000743e00000|  0%| F|  |TAMS 0x0000000743d00000, 0x0000000743d00000| Untracked 
|  38|0x0000000743e00000, 0x0000000743e00000, 0x0000000743f00000|  0%| F|  |TAMS 0x0000000743e00000, 0x0000000743e00000| Untracked 
|  39|0x0000000743f00000, 0x0000000743f00000, 0x0000000744000000|  0%| F|  |TAMS 0x0000000743f00000, 0x0000000743f00000| Untracked 
|  40|0x0000000744000000, 0x0000000744000000, 0x0000000744100000|  0%| F|  |TAMS 0x0000000744000000, 0x0000000744000000| Untracked 
|  41|0x0000000744100000, 0x0000000744100000, 0x0000000744200000|  0%| F|  |TAMS 0x0000000744100000, 0x0000000744100000| Untracked 
|  42|0x0000000744200000, 0x0000000744200000, 0x0000000744300000|  0%| F|  |TAMS 0x0000000744200000, 0x0000000744200000| Untracked 
|  43|0x0000000744300000, 0x0000000744300000, 0x0000000744400000|  0%| F|  |TAMS 0x0000000744300000, 0x0000000744300000| Untracked 
|  44|0x0000000744400000, 0x0000000744400000, 0x0000000744500000|  0%| F|  |TAMS 0x0000000744400000, 0x0000000744400000| Untracked 
|  45|0x0000000744500000, 0x0000000744500000, 0x0000000744600000|  0%| F|  |TAMS 0x0000000744500000, 0x0000000744500000| Untracked 
|  46|0x0000000744600000, 0x0000000744600000, 0x0000000744700000|  0%| F|  |TAMS 0x0000000744600000, 0x0000000744600000| Untracked 
|  47|0x0000000744700000, 0x0000000744700000, 0x0000000744800000|  0%| F|  |TAMS 0x0000000744700000, 0x0000000744700000| Untracked 
|  48|0x0000000744800000, 0x0000000744800000, 0x0000000744900000|  0%| F|  |TAMS 0x0000000744800000, 0x0000000744800000| Untracked 
|  49|0x0000000744900000, 0x0000000744900000, 0x0000000744a00000|  0%| F|  |TAMS 0x0000000744900000, 0x0000000744900000| Untracked 
|  50|0x0000000744a00000, 0x0000000744a00000, 0x0000000744b00000|  0%| F|  |TAMS 0x0000000744a00000, 0x0000000744a00000| Untracked 
|  51|0x0000000744b00000, 0x0000000744b00000, 0x0000000744c00000|  0%| F|  |TAMS 0x0000000744b00000, 0x0000000744b00000| Untracked 
|  52|0x0000000744c00000, 0x0000000744c00000, 0x0000000744d00000|  0%| F|  |TAMS 0x0000000744c00000, 0x0000000744c00000| Untracked 
|  53|0x0000000744d00000, 0x0000000744d00000, 0x0000000744e00000|  0%| F|  |TAMS 0x0000000744d00000, 0x0000000744d00000| Untracked 
|  54|0x0000000744e00000, 0x0000000744e00000, 0x0000000744f00000|  0%| F|  |TAMS 0x0000000744e00000, 0x0000000744e00000| Untracked 
|  55|0x0000000744f00000, 0x0000000744f00000, 0x0000000745000000|  0%| F|  |TAMS 0x0000000744f00000, 0x0000000744f00000| Untracked 
|  56|0x0000000745000000, 0x0000000745000000, 0x0000000745100000|  0%| F|  |TAMS 0x0000000745000000, 0x0000000745000000| Untracked 
|  57|0x0000000745100000, 0x0000000745100000, 0x0000000745200000|  0%| F|  |TAMS 0x0000000745100000, 0x0000000745100000| Untracked 
|  58|0x0000000745200000, 0x0000000745200000, 0x0000000745300000|  0%| F|  |TAMS 0x0000000745200000, 0x0000000745200000| Untracked 
|  59|0x0000000745300000, 0x0000000745300000, 0x0000000745400000|  0%| F|  |TAMS 0x0000000745300000, 0x0000000745300000| Untracked 
|  60|0x0000000745400000, 0x0000000745400000, 0x0000000745500000|  0%| F|  |TAMS 0x0000000745400000, 0x0000000745400000| Untracked 
|  61|0x0000000745500000, 0x0000000745500000, 0x0000000745600000|  0%| F|  |TAMS 0x0000000745500000, 0x0000000745500000| Untracked 
|  62|0x0000000745600000, 0x0000000745600000, 0x0000000745700000|  0%| F|  |TAMS 0x0000000745600000, 0x0000000745600000| Untracked 
|  63|0x0000000745700000, 0x0000000745700000, 0x0000000745800000|  0%| F|  |TAMS 0x0000000745700000, 0x0000000745700000| Untracked 
|  64|0x0000000745800000, 0x0000000745800000, 0x0000000745900000|  0%| F|  |TAMS 0x0000000745800000, 0x0000000745800000| Untracked 
|  65|0x0000000745900000, 0x0000000745900000, 0x0000000745a00000|  0%| F|  |TAMS 0x0000000745900000, 0x0000000745900000| Untracked 
|  66|0x0000000745a00000, 0x0000000745a00000, 0x0000000745b00000|  0%| F|  |TAMS 0x0000000745a00000, 0x0000000745a00000| Untracked 
|  67|0x0000000745b00000, 0x0000000745b00000, 0x0000000745c00000|  0%| F|  |TAMS 0x0000000745b00000, 0x0000000745b00000| Untracked 
|  68|0x0000000745c00000, 0x0000000745c00000, 0x0000000745d00000|  0%| F|  |TAMS 0x0000000745c00000, 0x0000000745c00000| Untracked 
|  69|0x0000000745d00000, 0x0000000745d00000, 0x0000000745e00000|  0%| F|  |TAMS 0x0000000745d00000, 0x0000000745d00000| Untracked 
|  70|0x0000000745e00000, 0x0000000745e00000, 0x0000000745f00000|  0%| F|  |TAMS 0x0000000745e00000, 0x0000000745e00000| Untracked 
|  71|0x0000000745f00000, 0x0000000745f00000, 0x0000000746000000|  0%| F|  |TAMS 0x0000000745f00000, 0x0000000745f00000| Untracked 
|  72|0x0000000746000000, 0x0000000746000000, 0x0000000746100000|  0%| F|  |TAMS 0x0000000746000000, 0x0000000746000000| Untracked 
|  73|0x0000000746100000, 0x0000000746100000, 0x0000000746200000|  0%| F|  |TAMS 0x0000000746100000, 0x0000000746100000| Untracked 
|  74|0x0000000746200000, 0x0000000746200000, 0x0000000746300000|  0%| F|  |TAMS 0x0000000746200000, 0x0000000746200000| Untracked 
|  75|0x0000000746300000, 0x0000000746300000, 0x0000000746400000|  0%| F|  |TAMS 0x0000000746300000, 0x0000000746300000| Untracked 
|  76|0x0000000746400000, 0x0000000746400000, 0x0000000746500000|  0%| F|  |TAMS 0x0000000746400000, 0x0000000746400000| Untracked 
|  77|0x0000000746500000, 0x0000000746500000, 0x0000000746600000|  0%| F|  |TAMS 0x0000000746500000, 0x0000000746500000| Untracked 
|  78|0x0000000746600000, 0x0000000746600000, 0x0000000746700000|  0%| F|  |TAMS 0x0000000746600000, 0x0000000746600000| Untracked 
|  79|0x0000000746700000, 0x0000000746700000, 0x0000000746800000|  0%| F|  |TAMS 0x0000000746700000, 0x0000000746700000| Untracked 
|  80|0x0000000746800000, 0x0000000746800000, 0x0000000746900000|  0%| F|  |TAMS 0x0000000746800000, 0x0000000746800000| Untracked 
|  81|0x0000000746900000, 0x0000000746900000, 0x0000000746a00000|  0%| F|  |TAMS 0x0000000746900000, 0x0000000746900000| Untracked 
|  82|0x0000000746a00000, 0x0000000746a00000, 0x0000000746b00000|  0%| F|  |TAMS 0x0000000746a00000, 0x0000000746a00000| Untracked 
|  83|0x0000000746b00000, 0x0000000746b00000, 0x0000000746c00000|  0%| F|  |TAMS 0x0000000746b00000, 0x0000000746b00000| Untracked 
|  84|0x0000000746c00000, 0x0000000746c00000, 0x0000000746d00000|  0%| F|  |TAMS 0x0000000746c00000, 0x0000000746c00000| Untracked 
|  85|0x0000000746d00000, 0x0000000746d00000, 0x0000000746e00000|  0%| F|  |TAMS 0x0000000746d00000, 0x0000000746d00000| Untracked 
|  86|0x0000000746e00000, 0x0000000746e00000, 0x0000000746f00000|  0%| F|  |TAMS 0x0000000746e00000, 0x0000000746e00000| Untracked 
|  87|0x0000000746f00000, 0x0000000746f00000, 0x0000000747000000|  0%| F|  |TAMS 0x0000000746f00000, 0x0000000746f00000| Untracked 
|  88|0x0000000747000000, 0x0000000747000000, 0x0000000747100000|  0%| F|  |TAMS 0x0000000747000000, 0x0000000747000000| Untracked 
|  89|0x0000000747100000, 0x0000000747100000, 0x0000000747200000|  0%| F|  |TAMS 0x0000000747100000, 0x0000000747100000| Untracked 
|  90|0x0000000747200000, 0x0000000747200000, 0x0000000747300000|  0%| F|  |TAMS 0x0000000747200000, 0x0000000747200000| Untracked 
|  91|0x0000000747300000, 0x0000000747300000, 0x0000000747400000|  0%| F|  |TAMS 0x0000000747300000, 0x0000000747300000| Untracked 
|  92|0x0000000747400000, 0x0000000747400000, 0x0000000747500000|  0%| F|  |TAMS 0x0000000747400000, 0x0000000747400000| Untracked 
|  93|0x0000000747500000, 0x0000000747500000, 0x0000000747600000|  0%| F|  |TAMS 0x0000000747500000, 0x0000000747500000| Untracked 
|  94|0x0000000747600000, 0x0000000747600000, 0x0000000747700000|  0%| F|  |TAMS 0x0000000747600000, 0x0000000747600000| Untracked 
|  95|0x0000000747700000, 0x0000000747700000, 0x0000000747800000|  0%| F|  |TAMS 0x0000000747700000, 0x0000000747700000| Untracked 
|  96|0x0000000747800000, 0x0000000747800000, 0x0000000747900000|  0%| F|  |TAMS 0x0000000747800000, 0x0000000747800000| Untracked 
|  97|0x0000000747900000, 0x0000000747900000, 0x0000000747a00000|  0%| F|  |TAMS 0x0000000747900000, 0x0000000747900000| Untracked 
|  98|0x0000000747a00000, 0x0000000747a00000, 0x0000000747b00000|  0%| F|  |TAMS 0x0000000747a00000, 0x0000000747a00000| Untracked 
|  99|0x0000000747b00000, 0x0000000747b00000, 0x0000000747c00000|  0%| F|  |TAMS 0x0000000747b00000, 0x0000000747b00000| Untracked 
| 100|0x0000000747c00000, 0x0000000747c00000, 0x0000000747d00000|  0%| F|  |TAMS 0x0000000747c00000, 0x0000000747c00000| Untracked 
| 101|0x0000000747d00000, 0x0000000747d00000, 0x0000000747e00000|  0%| F|  |TAMS 0x0000000747d00000, 0x0000000747d00000| Untracked 
| 102|0x0000000747e00000, 0x0000000747e00000, 0x0000000747f00000|  0%| F|  |TAMS 0x0000000747e00000, 0x0000000747e00000| Untracked 
| 103|0x0000000747f00000, 0x0000000747f00000, 0x0000000748000000|  0%| F|  |TAMS 0x0000000747f00000, 0x0000000747f00000| Untracked 
| 104|0x0000000748000000, 0x0000000748000000, 0x0000000748100000|  0%| F|  |TAMS 0x0000000748000000, 0x0000000748000000| Untracked 
| 105|0x0000000748100000, 0x0000000748100000, 0x0000000748200000|  0%| F|  |TAMS 0x0000000748100000, 0x0000000748100000| Untracked 
| 106|0x0000000748200000, 0x0000000748200000, 0x0000000748300000|  0%| F|  |TAMS 0x0000000748200000, 0x0000000748200000| Untracked 
| 107|0x0000000748300000, 0x0000000748300000, 0x0000000748400000|  0%| F|  |TAMS 0x0000000748300000, 0x0000000748300000| Untracked 
| 108|0x0000000748400000, 0x0000000748400000, 0x0000000748500000|  0%| F|  |TAMS 0x0000000748400000, 0x0000000748400000| Untracked 
| 109|0x0000000748500000, 0x0000000748500000, 0x0000000748600000|  0%| F|  |TAMS 0x0000000748500000, 0x0000000748500000| Untracked 
| 110|0x0000000748600000, 0x0000000748600000, 0x0000000748700000|  0%| F|  |TAMS 0x0000000748600000, 0x0000000748600000| Untracked 
| 111|0x0000000748700000, 0x0000000748700000, 0x0000000748800000|  0%| F|  |TAMS 0x0000000748700000, 0x0000000748700000| Untracked 
| 112|0x0000000748800000, 0x0000000748800000, 0x0000000748900000|  0%| F|  |TAMS 0x0000000748800000, 0x0000000748800000| Untracked 
| 113|0x0000000748900000, 0x0000000748900000, 0x0000000748a00000|  0%| F|  |TAMS 0x0000000748900000, 0x0000000748900000| Untracked 
| 114|0x0000000748a00000, 0x0000000748a00000, 0x0000000748b00000|  0%| F|  |TAMS 0x0000000748a00000, 0x0000000748a00000| Untracked 
| 115|0x0000000748b00000, 0x0000000748b00000, 0x0000000748c00000|  0%| F|  |TAMS 0x0000000748b00000, 0x0000000748b00000| Untracked 
| 116|0x0000000748c00000, 0x0000000748c00000, 0x0000000748d00000|  0%| F|  |TAMS 0x0000000748c00000, 0x0000000748c00000| Untracked 
| 117|0x0000000748d00000, 0x0000000748d00000, 0x0000000748e00000|  0%| F|  |TAMS 0x0000000748d00000, 0x0000000748d00000| Untracked 
| 118|0x0000000748e00000, 0x0000000748e00000, 0x0000000748f00000|  0%| F|  |TAMS 0x0000000748e00000, 0x0000000748e00000| Untracked 
| 119|0x0000000748f00000, 0x0000000748f00000, 0x0000000749000000|  0%| F|  |TAMS 0x0000000748f00000, 0x0000000748f00000| Untracked 
| 120|0x0000000749000000, 0x0000000749000000, 0x0000000749100000|  0%| F|  |TAMS 0x0000000749000000, 0x0000000749000000| Untracked 
| 121|0x0000000749100000, 0x0000000749100000, 0x0000000749200000|  0%| F|  |TAMS 0x0000000749100000, 0x0000000749100000| Untracked 
| 122|0x0000000749200000, 0x0000000749200000, 0x0000000749300000|  0%| F|  |TAMS 0x0000000749200000, 0x0000000749200000| Untracked 
| 123|0x0000000749300000, 0x0000000749300000, 0x0000000749400000|  0%| F|  |TAMS 0x0000000749300000, 0x0000000749300000| Untracked 
| 124|0x0000000749400000, 0x0000000749400000, 0x0000000749500000|  0%| F|  |TAMS 0x0000000749400000, 0x0000000749400000| Untracked 
| 125|0x0000000749500000, 0x0000000749500000, 0x0000000749600000|  0%| F|  |TAMS 0x0000000749500000, 0x0000000749500000| Untracked 
| 126|0x0000000749600000, 0x0000000749600000, 0x0000000749700000|  0%| F|  |TAMS 0x0000000749600000, 0x0000000749600000| Untracked 
| 127|0x0000000749700000, 0x0000000749700000, 0x0000000749800000|  0%| F|  |TAMS 0x0000000749700000, 0x0000000749700000| Untracked 
| 128|0x0000000749800000, 0x0000000749800000, 0x0000000749900000|  0%| F|  |TAMS 0x0000000749800000, 0x0000000749800000| Untracked 
| 129|0x0000000749900000, 0x0000000749900000, 0x0000000749a00000|  0%| F|  |TAMS 0x0000000749900000, 0x0000000749900000| Untracked 
| 130|0x0000000749a00000, 0x0000000749a00000, 0x0000000749b00000|  0%| F|  |TAMS 0x0000000749a00000, 0x0000000749a00000| Untracked 
| 131|0x0000000749b00000, 0x0000000749b00000, 0x0000000749c00000|  0%| F|  |TAMS 0x0000000749b00000, 0x0000000749b00000| Untracked 
| 132|0x0000000749c00000, 0x0000000749c00000, 0x0000000749d00000|  0%| F|  |TAMS 0x0000000749c00000, 0x0000000749c00000| Untracked 
| 133|0x0000000749d00000, 0x0000000749d00000, 0x0000000749e00000|  0%| F|  |TAMS 0x0000000749d00000, 0x0000000749d00000| Untracked 
| 134|0x0000000749e00000, 0x0000000749e00000, 0x0000000749f00000|  0%| F|  |TAMS 0x0000000749e00000, 0x0000000749e00000| Untracked 
| 135|0x0000000749f00000, 0x0000000749f00000, 0x000000074a000000|  0%| F|  |TAMS 0x0000000749f00000, 0x0000000749f00000| Untracked 
| 136|0x000000074a000000, 0x000000074a000000, 0x000000074a100000|  0%| F|  |TAMS 0x000000074a000000, 0x000000074a000000| Untracked 
| 137|0x000000074a100000, 0x000000074a100000, 0x000000074a200000|  0%| F|  |TAMS 0x000000074a100000, 0x000000074a100000| Untracked 
| 138|0x000000074a200000, 0x000000074a200000, 0x000000074a300000|  0%| F|  |TAMS 0x000000074a200000, 0x000000074a200000| Untracked 
| 139|0x000000074a300000, 0x000000074a300000, 0x000000074a400000|  0%| F|  |TAMS 0x000000074a300000, 0x000000074a300000| Untracked 
| 140|0x000000074a400000, 0x000000074a400000, 0x000000074a500000|  0%| F|  |TAMS 0x000000074a400000, 0x000000074a400000| Untracked 
| 141|0x000000074a500000, 0x000000074a500000, 0x000000074a600000|  0%| F|  |TAMS 0x000000074a500000, 0x000000074a500000| Untracked 
| 142|0x000000074a600000, 0x000000074a600000, 0x000000074a700000|  0%| F|  |TAMS 0x000000074a600000, 0x000000074a600000| Untracked 
| 143|0x000000074a700000, 0x000000074a700000, 0x000000074a800000|  0%| F|  |TAMS 0x000000074a700000, 0x000000074a700000| Untracked 
| 144|0x000000074a800000, 0x000000074a800000, 0x000000074a900000|  0%| F|  |TAMS 0x000000074a800000, 0x000000074a800000| Untracked 
| 145|0x000000074a900000, 0x000000074a900000, 0x000000074aa00000|  0%| F|  |TAMS 0x000000074a900000, 0x000000074a900000| Untracked 
| 146|0x000000074aa00000, 0x000000074aa00000, 0x000000074ab00000|  0%| F|  |TAMS 0x000000074aa00000, 0x000000074aa00000| Untracked 
| 147|0x000000074ab00000, 0x000000074ab00000, 0x000000074ac00000|  0%| F|  |TAMS 0x000000074ab00000, 0x000000074ab00000| Untracked 
| 148|0x000000074ac00000, 0x000000074ac00000, 0x000000074ad00000|  0%| F|  |TAMS 0x000000074ac00000, 0x000000074ac00000| Untracked 
| 149|0x000000074ad00000, 0x000000074ad00000, 0x000000074ae00000|  0%| F|  |TAMS 0x000000074ad00000, 0x000000074ad00000| Untracked 
| 150|0x000000074ae00000, 0x000000074ae00000, 0x000000074af00000|  0%| F|  |TAMS 0x000000074ae00000, 0x000000074ae00000| Untracked 
| 151|0x000000074af00000, 0x000000074af00000, 0x000000074b000000|  0%| F|  |TAMS 0x000000074af00000, 0x000000074af00000| Untracked 
| 152|0x000000074b000000, 0x000000074b000000, 0x000000074b100000|  0%| F|  |TAMS 0x000000074b000000, 0x000000074b000000| Untracked 
| 153|0x000000074b100000, 0x000000074b100000, 0x000000074b200000|  0%| F|  |TAMS 0x000000074b100000, 0x000000074b100000| Untracked 
| 154|0x000000074b200000, 0x000000074b200000, 0x000000074b300000|  0%| F|  |TAMS 0x000000074b200000, 0x000000074b200000| Untracked 
| 155|0x000000074b300000, 0x000000074b300000, 0x000000074b400000|  0%| F|  |TAMS 0x000000074b300000, 0x000000074b300000| Untracked 
| 156|0x000000074b400000, 0x000000074b400000, 0x000000074b500000|  0%| F|  |TAMS 0x000000074b400000, 0x000000074b400000| Untracked 
| 157|0x000000074b500000, 0x000000074b500000, 0x000000074b600000|  0%| F|  |TAMS 0x000000074b500000, 0x000000074b500000| Untracked 
| 158|0x000000074b600000, 0x000000074b600000, 0x000000074b700000|  0%| F|  |TAMS 0x000000074b600000, 0x000000074b600000| Untracked 
| 159|0x000000074b700000, 0x000000074b700000, 0x000000074b800000|  0%| F|  |TAMS 0x000000074b700000, 0x000000074b700000| Untracked 
| 160|0x000000074b800000, 0x000000074b800000, 0x000000074b900000|  0%| F|  |TAMS 0x000000074b800000, 0x000000074b800000| Untracked 
| 161|0x000000074b900000, 0x000000074b900000, 0x000000074ba00000|  0%| F|  |TAMS 0x000000074b900000, 0x000000074b900000| Untracked 
| 162|0x000000074ba00000, 0x000000074ba00000, 0x000000074bb00000|  0%| F|  |TAMS 0x000000074ba00000, 0x000000074ba00000| Untracked 
| 163|0x000000074bb00000, 0x000000074bb00000, 0x000000074bc00000|  0%| F|  |TAMS 0x000000074bb00000, 0x000000074bb00000| Untracked 
| 164|0x000000074bc00000, 0x000000074bc00000, 0x000000074bd00000|  0%| F|  |TAMS 0x000000074bc00000, 0x000000074bc00000| Untracked 
| 165|0x000000074bd00000, 0x000000074bd00000, 0x000000074be00000|  0%| F|  |TAMS 0x000000074bd00000, 0x000000074bd00000| Untracked 
| 166|0x000000074be00000, 0x000000074be00000, 0x000000074bf00000|  0%| F|  |TAMS 0x000000074be00000, 0x000000074be00000| Untracked 
| 167|0x000000074bf00000, 0x000000074bf00000, 0x000000074c000000|  0%| F|  |TAMS 0x000000074bf00000, 0x000000074bf00000| Untracked 
| 168|0x000000074c000000, 0x000000074c000000, 0x000000074c100000|  0%| F|  |TAMS 0x000000074c000000, 0x000000074c000000| Untracked 
| 169|0x000000074c100000, 0x000000074c100000, 0x000000074c200000|  0%| F|  |TAMS 0x000000074c100000, 0x000000074c100000| Untracked 
| 170|0x000000074c200000, 0x000000074c200000, 0x000000074c300000|  0%| F|  |TAMS 0x000000074c200000, 0x000000074c200000| Untracked 
| 171|0x000000074c300000, 0x000000074c30e850, 0x000000074c400000|  5%| S|CS|TAMS 0x000000074c300000, 0x000000074c300000| Complete 
| 172|0x000000074c400000, 0x000000074c500000, 0x000000074c500000|100%| S|CS|TAMS 0x000000074c400000, 0x000000074c400000| Complete 
| 173|0x000000074c500000, 0x000000074c600000, 0x000000074c600000|100%| S|CS|TAMS 0x000000074c500000, 0x000000074c500000| Complete 
| 174|0x000000074c600000, 0x000000074c700000, 0x000000074c700000|100%| S|CS|TAMS 0x000000074c600000, 0x000000074c600000| Complete 
| 175|0x000000074c700000, 0x000000074c800000, 0x000000074c800000|100%| S|CS|TAMS 0x000000074c700000, 0x000000074c700000| Complete 
| 176|0x000000074c800000, 0x000000074c900000, 0x000000074c900000|100%| S|CS|TAMS 0x000000074c800000, 0x000000074c800000| Complete 
| 177|0x000000074c900000, 0x000000074c900000, 0x000000074ca00000|  0%| F|  |TAMS 0x000000074c900000, 0x000000074c900000| Untracked 
| 178|0x000000074ca00000, 0x000000074ca00000, 0x000000074cb00000|  0%| F|  |TAMS 0x000000074ca00000, 0x000000074ca00000| Untracked 
| 179|0x000000074cb00000, 0x000000074cb00000, 0x000000074cc00000|  0%| F|  |TAMS 0x000000074cb00000, 0x000000074cb00000| Untracked 
| 180|0x000000074cc00000, 0x000000074cc00000, 0x000000074cd00000|  0%| F|  |TAMS 0x000000074cc00000, 0x000000074cc00000| Untracked 
| 181|0x000000074cd00000, 0x000000074cd00000, 0x000000074ce00000|  0%| F|  |TAMS 0x000000074cd00000, 0x000000074cd00000| Untracked 
| 182|0x000000074ce00000, 0x000000074ce00000, 0x000000074cf00000|  0%| F|  |TAMS 0x000000074ce00000, 0x000000074ce00000| Untracked 
| 183|0x000000074cf00000, 0x000000074cf00000, 0x000000074d000000|  0%| F|  |TAMS 0x000000074cf00000, 0x000000074cf00000| Untracked 
| 184|0x000000074d000000, 0x000000074d000000, 0x000000074d100000|  0%| F|  |TAMS 0x000000074d000000, 0x000000074d000000| Untracked 
| 185|0x000000074d100000, 0x000000074d100000, 0x000000074d200000|  0%| F|  |TAMS 0x000000074d100000, 0x000000074d100000| Untracked 
| 186|0x000000074d200000, 0x000000074d200000, 0x000000074d300000|  0%| F|  |TAMS 0x000000074d200000, 0x000000074d200000| Untracked 
| 187|0x000000074d300000, 0x000000074d300000, 0x000000074d400000|  0%| F|  |TAMS 0x000000074d300000, 0x000000074d300000| Untracked 
| 188|0x000000074d400000, 0x000000074d400000, 0x000000074d500000|  0%| F|  |TAMS 0x000000074d400000, 0x000000074d400000| Untracked 
| 189|0x000000074d500000, 0x000000074d500000, 0x000000074d600000|  0%| F|  |TAMS 0x000000074d500000, 0x000000074d500000| Untracked 
| 190|0x000000074d600000, 0x000000074d600000, 0x000000074d700000|  0%| F|  |TAMS 0x000000074d600000, 0x000000074d600000| Untracked 
| 191|0x000000074d700000, 0x000000074d700000, 0x000000074d800000|  0%| F|  |TAMS 0x000000074d700000, 0x000000074d700000| Untracked 

Card table byte_map: [0x000000001a910000,0x000000001af10000] _byte_map_base: 0x0000000016f04000

Marking Bits (Prev, Next): (CMBitMap*) 0x0000000002d0fde8, (CMBitMap*) 0x0000000002d0fe20
 Prev Bits: [0x000000001b510000, 0x000000001e4b0000)
 Next Bits: [0x000000001e4b0000, 0x0000000021450000)

Polling page: 0x0000000000700000

Metaspace:

Usage:
  Non-class:     17.25 MB capacity,    16.94 MB ( 98%) used,   254.76 KB (  1%) free+waste,    59.06 KB ( <1%) overhead. 
      Class:      2.65 MB capacity,     2.38 MB ( 90%) used,   248.25 KB (  9%) free+waste,    30.69 KB (  1%) overhead. 
       Both:     19.90 MB capacity,    19.32 MB ( 97%) used,   503.01 KB (  2%) free+waste,    89.75 KB ( <1%) overhead. 

Virtual space:
  Non-class space:       28.00 MB reserved,      17.25 MB ( 62%) committed 
      Class space:        1.00 GB reserved,       2.75 MB ( <1%) committed 
             Both:        1.03 GB reserved,      20.00 MB (  2%) committed 

Chunk freelists:
   Non-Class:  0 bytes
       Class:  0 bytes
        Both:  0 bytes

CodeHeap 'non-profiled nmethods': size=120064Kb used=460Kb max_used=460Kb free=119603Kb
 bounds [0x0000000012aa0000, 0x0000000012d10000, 0x0000000019fe0000]
CodeHeap 'profiled nmethods': size=120000Kb used=2499Kb max_used=2499Kb free=117500Kb
 bounds [0x000000000b570000, 0x000000000b7f0000, 0x0000000012aa0000]
CodeHeap 'non-nmethods': size=5696Kb used=1324Kb max_used=1342Kb free=4371Kb
 bounds [0x000000000afe0000, 0x000000000b250000, 0x000000000b570000]
 total_blobs=2274 nmethods=1280 adapters=649
 compilation: enabled
              stopped_count=0, restarted_count=0
 full_count=0

Compilation events (10 events):
Event: 0.776 Thread 0x0000000024ce9000 1266       3       java.lang.invoke.BoundMethodHandle::speciesDataFor (32 bytes)
Event: 0.776 Thread 0x0000000024ce9000 nmethod 1266 0x000000000b7da810 code [0x000000000b7da9e0, 0x000000000b7dadd8]
Event: 0.776 Thread 0x0000000024ce9000 1268       3       java.nio.ByteBuffer::arrayOffset (35 bytes)
Event: 0.776 Thread 0x0000000024ce9000 nmethod 1268 0x000000000b7daf10 code [0x000000000b7db100, 0x000000000b7db440]
Event: 0.776 Thread 0x0000000024ce9000 1269       3       java.lang.invoke.LambdaFormEditor$Transform::of (51 bytes)
Event: 0.777 Thread 0x0000000024ce9000 nmethod 1269 0x000000000b7db590 code [0x000000000b7db7e0, 0x000000000b7dc0d0]
Event: 0.777 Thread 0x0000000024ce9000 1270       3       java.lang.invoke.LambdaFormEditor$Transform::packedBytes (39 bytes)
Event: 0.777 Thread 0x0000000024ce9000 nmethod 1270 0x000000000b7dc410 code [0x000000000b7dc5c0, 0x000000000b7dc718]
Event: 0.777 Thread 0x0000000024ce9000 1271       3       java.lang.invoke.LambdaFormBuffer::replaceName (124 bytes)
Event: 0.777 Thread 0x0000000024ce9000 nmethod 1271 0x000000000b7dc790 code [0x000000000b7dc960, 0x000000000b7dcb70]

GC Heap History (2 events):
Event: 0.558 GC heap before
{Heap before GC invocations=0 (full 0):
 garbage-first heap   total 196608K, used 22528K [0x0000000741800000, 0x0000000800000000)
  region size 1024K, 22 young (22528K), 0 survivors (0K)
 Metaspace       used 14895K, capacity 15310K, committed 15488K, reserved 1062912K
  class space    used 1639K, capacity 1796K, committed 1920K, reserved 1048576K
}
Event: 0.561 GC heap after
{Heap after GC invocations=1 (full 0):
 garbage-first heap   total 196608K, used 4854K [0x0000000741800000, 0x0000000800000000)
  region size 1024K, 3 young (3072K), 3 survivors (3072K)
 Metaspace       used 14895K, capacity 15310K, committed 15488K, reserved 1062912K
  class space    used 1639K, capacity 1796K, committed 1920K, reserved 1048576K
}

Deoptimization events (10 events):
Event: 0.673 Thread 0x0000000026a33000 Uncommon trap: reason=bimorphic_or_optimized_type_check action=maybe_recompile pc=0x0000000012af4558 method=java.util.HashMap.getNode(ILjava/lang/Object;)Ljava/util/HashMap$Node; @ 126 c2
Event: 0.675 Thread 0x0000000026a33000 Uncommon trap: reason=class_check action=maybe_recompile pc=0x0000000012abf768 method=java.lang.String.equals(Ljava/lang/Object;)Z @ 8 c2
Event: 0.675 Thread 0x0000000026a33000 Uncommon trap: reason=class_check action=maybe_recompile pc=0x0000000012abf768 method=java.lang.String.equals(Ljava/lang/Object;)Z @ 8 c2
Event: 0.675 Thread 0x0000000026a33000 Uncommon trap: reason=class_check action=maybe_recompile pc=0x0000000012abf768 method=java.lang.String.equals(Ljava/lang/Object;)Z @ 8 c2
Event: 0.690 Thread 0x0000000026a33000 Uncommon trap: reason=bimorphic_or_optimized_type_check action=maybe_recompile pc=0x0000000012af4558 method=java.util.HashMap.getNode(ILjava/lang/Object;)Ljava/util/HashMap$Node; @ 126 c2
Event: 0.690 Thread 0x0000000026a33000 Uncommon trap: reason=bimorphic_or_optimized_type_check action=maybe_recompile pc=0x0000000012af4558 method=java.util.HashMap.getNode(ILjava/lang/Object;)Ljava/util/HashMap$Node; @ 126 c2
Event: 0.691 Thread 0x0000000026a33000 Uncommon trap: reason=class_check action=maybe_recompile pc=0x0000000012abf768 method=java.lang.String.equals(Ljava/lang/Object;)Z @ 8 c2
Event: 0.722 Thread 0x0000000026965000 Uncommon trap: reason=intrinsic_or_type_checked_inlining action=make_not_entrant pc=0x0000000012af09e8 method=java.util.Arrays.copyOf([Ljava/lang/Object;ILjava/lang/Class;)[Ljava/lang/Object; @ 35 c2
Event: 0.766 Thread 0x0000000026965000 Uncommon trap: reason=unstable_if action=reinterpret pc=0x0000000012b00650 method=java.util.concurrent.ConcurrentHashMap.putVal(Ljava/lang/Object;Ljava/lang/Object;Z)Ljava/lang/Object; @ 256 c2
Event: 0.767 Thread 0x0000000026965000 Uncommon trap: reason=bimorphic_or_optimized_type_check action=maybe_recompile pc=0x0000000012ae1de0 method=java.util.concurrent.ConcurrentHashMap.get(Ljava/lang/Object;)Ljava/lang/Object; @ 149 c2

Classes redefined (0 events):
No events

Internal exceptions (10 events):
Event: 0.514 Thread 0x0000000026a33000 Exception <a 'java/lang/NoSuchMethodError'{0x000000074c597c18}: java.lang.invoke.DirectMethodHandle$Holder.invokeStatic(Ljava/lang/Object;Ljava/lang/Object;Ljava/lang/Object;Ljava/lang/Object;Ljava/lang/Object;Ljava/lang/Object;Ljava/lang/Object;Ljava/lan
Event: 0.570 Thread 0x0000000026a33000 Exception <a 'java/lang/NoSuchMethodError'{0x000000074d66f200}: java.lang.invoke.DirectMethodHandle$Holder.invokeStaticInit(Ljava/lang/Object;Ljava/lang/Object;)V> (0x000000074d66f200) thrown at [t:/workspace/open/src/hotspot/share/interpreter/linkResolve
Event: 0.603 Thread 0x0000000026a33000 Implicit null exception at 0x0000000012af5cb5 to 0x0000000012af61b2
Event: 0.685 Thread 0x0000000026a33000 Exception <a 'java/lang/NoSuchMethodError'{0x000000074d03e258}: java.lang.invoke.DirectMethodHandle$Holder.invokeInterface(Ljava/lang/Object;Ljava/lang/Object;Ljava/lang/Object;)Ljava/lang/Object;> (0x000000074d03e258) thrown at [t:/workspace/open/src/hot
Event: 0.686 Thread 0x0000000026a33000 Exception <a 'java/lang/IncompatibleClassChangeError'{0x000000074d041410}: Found class java.lang.Object, but interface was expected> (0x000000074d041410) thrown at [t:/workspace/open/src/hotspot/share/interpreter/linkResolver.cpp, line 838]
Event: 0.713 Thread 0x0000000026a33000 Exception <a 'java/lang/NoSuchMethodError'{0x000000074ce18a60}: java.lang.invoke.Invokers$Holder.linkToTargetMethod(Ljava/lang/Object;ILjava/lang/Object;)Ljava/lang/Object;> (0x000000074ce18a60) thrown at [t:/workspace/open/src/hotspot/share/interpreter/l
Event: 0.720 Thread 0x0000000026a33000 Exception <a 'java/lang/NoSuchMethodError'{0x000000074ce5fe18}: java.lang.invoke.DirectMethodHandle$Holder.invokeStaticInit(Ljava/lang/Object;Ljava/lang/Object;Ljava/lang/Object;)J> (0x000000074ce5fe18) thrown at [t:/workspace/open/src/hotspot/share/inter
Event: 0.722 Thread 0x0000000026a33000 Exception <a 'java/lang/NoSuchMethodError'{0x000000074ce78318}: java.lang.invoke.DirectMethodHandle$Holder.invokeStatic(Ljava/lang/Object;Ljava/lang/Object;J)Ljava/lang/Object;> (0x000000074ce78318) thrown at [t:/workspace/open/src/hotspot/share/interpret
Event: 0.722 Thread 0x0000000026a33000 Exception <a 'java/lang/NoSuchMethodError'{0x000000074ce7e490}: java.lang.invoke.Invokers$Holder.linkToTargetMethod(Ljava/lang/Object;JLjava/lang/Object;)Ljava/lang/Object;> (0x000000074ce7e490) thrown at [t:/workspace/open/src/hotspot/share/interpreter/l
Event: 0.729 Thread 0x0000000026974800 Exception <a 'java/lang/NoSuchMethodError'{0x000000074cc14010}: java.lang.invoke.DirectMethodHandle$Holder.invokeStaticInit(Ljava/lang/Object;Ljava/lang/Object;)I> (0x000000074cc14010) thrown at [t:/workspace/open/src/hotspot/share/interpreter/linkResolve

Events (10 events):
Event: 0.774 loading class sun/util/resources/cldr/TimeZoneNames_en_US
Event: 0.774 loading class sun/util/resources/cldr/TimeZoneNames_en_US done
Event: 0.775 loading class java/util/LinkedHashMap$LinkedKeySet
Event: 0.775 loading class java/util/LinkedHashMap$LinkedKeySet done
Event: 0.775 loading class sun/util/locale/provider/LocaleResources$ResourceReference
Event: 0.775 loading class sun/util/locale/provider/LocaleResources$ResourceReference done
Event: 0.775 Executing VM operation: RevokeBias
Event: 0.775 Executing VM operation: RevokeBias done
Event: 0.777 Executing VM operation: RevokeBias
Event: 0.777 Executing VM operation: RevokeBias done


Dynamic libraries:
0x0000000000400000 - 0x00000000004d2000 	C:\Program Files\BlueJ\BlueJ.exe
0x00007fffcb550000 - 0x00007fffcb746000 	C:\WINDOWS\SYSTEM32\ntdll.dll
0x00007fffa6870000 - 0x00007fffa6882000 	C:\Program Files\AVAST Software\Avast\aswhook.dll
0x00007fffc9810000 - 0x00007fffc98cd000 	C:\WINDOWS\System32\KERNEL32.DLL
0x00007fffc8ca0000 - 0x00007fffc8f68000 	C:\WINDOWS\System32\KERNELBASE.dll
0x00007fffc6620000 - 0x00007fffc66b0000 	C:\WINDOWS\SYSTEM32\apphelp.dll
0x00007fffca330000 - 0x00007fffca3ce000 	C:\WINDOWS\System32\msvcrt.dll
0x00007fffcabc0000 - 0x00007fffcb300000 	C:\WINDOWS\System32\SHELL32.dll
0x00007fffc9470000 - 0x00007fffc950d000 	C:\WINDOWS\System32\msvcp_win.dll
0x00007fffc8f70000 - 0x00007fffc9070000 	C:\WINDOWS\System32\ucrtbase.dll
0x00007fffca0b0000 - 0x00007fffca250000 	C:\WINDOWS\System32\USER32.dll
0x00007fffc9140000 - 0x00007fffc9162000 	C:\WINDOWS\System32\win32u.dll
0x00007fffc97e0000 - 0x00007fffc980a000 	C:\WINDOWS\System32\GDI32.dll
0x00007fffc9170000 - 0x00007fffc9279000 	C:\WINDOWS\System32\gdi32full.dll
0x00007fffc9e10000 - 0x00007fffc9e65000 	C:\WINDOWS\System32\SHLWAPI.dll
0x00007fffc2750000 - 0x00007fffc275a000 	C:\WINDOWS\SYSTEM32\VERSION.dll
0x00007fffc9ed0000 - 0x00007fffc9f00000 	C:\WINDOWS\System32\IMM32.DLL
0x00007fffca250000 - 0x00007fffca2fe000 	C:\WINDOWS\System32\shcore.dll
0x00007fffc9a00000 - 0x00007fffc9d55000 	C:\WINDOWS\System32\combase.dll
0x00007fffca3d0000 - 0x00007fffca4f4000 	C:\WINDOWS\System32\RPCRT4.dll
0x00007fff803f0000 - 0x00007fff80f13000 	C:\Program Files\BlueJ\jdk\bin\server\jvm.dll
0x00007fffc9950000 - 0x00007fffc99fa000 	C:\WINDOWS\System32\ADVAPI32.dll
0x00007fffca6b0000 - 0x00007fffca74b000 	C:\WINDOWS\System32\sechost.dll
0x00007fffc9620000 - 0x00007fffc9628000 	C:\WINDOWS\System32\PSAPI.DLL
0x00007fffbe250000 - 0x00007fffbe259000 	C:\WINDOWS\SYSTEM32\WSOCK32.dll
0x00007fffca640000 - 0x00007fffca6ab000 	C:\WINDOWS\System32\WS2_32.dll
0x00007fffbd400000 - 0x00007fffbd427000 	C:\WINDOWS\SYSTEM32\WINMM.dll
0x00007fffacab0000 - 0x00007fffacac6000 	C:\Program Files\BlueJ\jdk\bin\VCRUNTIME140.dll
0x00007fffaaf90000 - 0x00007fffaafa1000 	C:\Program Files\BlueJ\jdk\bin\verify.dll
0x00007fffbffa0000 - 0x00007fffc0184000 	C:\WINDOWS\SYSTEM32\DBGHELP.DLL
0x00007fffbfda0000 - 0x00007fffbfdcc000 	C:\WINDOWS\SYSTEM32\dbgcore.DLL
0x00007fffc9070000 - 0x00007fffc90ef000 	C:\WINDOWS\System32\bcryptPrimitives.dll
0x00007fffa7770000 - 0x00007fffa7798000 	C:\Program Files\BlueJ\jdk\bin\java.dll
0x00007fffa6a70000 - 0x00007fffa6a86000 	C:\Program Files\BlueJ\jdk\bin\zip.dll
0x00007fffc5e20000 - 0x00007fffc5e2a000 	C:\Program Files\BlueJ\jdk\bin\jimage.dll
0x00007fffc6c10000 - 0x00007fffc6c22000 	C:\WINDOWS\SYSTEM32\kernel.appcore.dll
0x00007fffc6e10000 - 0x00007fffc75a4000 	C:\WINDOWS\SYSTEM32\windows.storage.dll
0x00007fffc8710000 - 0x00007fffc873c000 	C:\WINDOWS\SYSTEM32\Wldp.dll
0x00007fffc8bd0000 - 0x00007fffc8bf6000 	C:\WINDOWS\SYSTEM32\profapi.dll
0x00007fffa6430000 - 0x00007fffa6449000 	C:\Program Files\BlueJ\jdk\bin\net.dll
0x00007fffc25c0000 - 0x00007fffc26c0000 	C:\WINDOWS\SYSTEM32\WINHTTP.dll
0x00007fffb1620000 - 0x00007fffb180d000 	C:\WINDOWS\SYSTEM32\urlmon.dll
0x00007fffb0280000 - 0x00007fffb0530000 	C:\WINDOWS\SYSTEM32\iertutil.dll
0x00007fffc8490000 - 0x00007fffc84fa000 	C:\WINDOWS\system32\mswsock.dll
0x00007fffa5c60000 - 0x00007fffa5c73000 	C:\Program Files\BlueJ\jdk\bin\nio.dll
0x0000000180000000 - 0x0000000180003000 	C:\Program Files\BlueJ\lib\javafx\bin\api-ms-win-core-console-l1-1-0.dll
0x0000000000740000 - 0x0000000000743000 	C:\Program Files\BlueJ\lib\javafx\bin\api-ms-win-core-datetime-l1-1-0.dll
0x0000000000760000 - 0x0000000000763000 	C:\Program Files\BlueJ\lib\javafx\bin\api-ms-win-core-debug-l1-1-0.dll
0x0000000000770000 - 0x0000000000773000 	C:\Program Files\BlueJ\lib\javafx\bin\api-ms-win-core-errorhandling-l1-1-0.dll
0x0000000000780000 - 0x0000000000784000 	C:\Program Files\BlueJ\lib\javafx\bin\api-ms-win-core-file-l1-1-0.dll
0x0000000000790000 - 0x0000000000793000 	C:\Program Files\BlueJ\lib\javafx\bin\api-ms-win-core-file-l1-2-0.dll
0x00000000007a0000 - 0x00000000007a3000 	C:\Program Files\BlueJ\lib\javafx\bin\api-ms-win-core-file-l2-1-0.dll
0x00000000007b0000 - 0x00000000007b3000 	C:\Program Files\BlueJ\lib\javafx\bin\api-ms-win-core-handle-l1-1-0.dll
0x0000000002c80000 - 0x0000000002c83000 	C:\Program Files\BlueJ\lib\javafx\bin\api-ms-win-core-heap-l1-1-0.dll
0x0000000002c90000 - 0x0000000002c93000 	C:\Program Files\BlueJ\lib\javafx\bin\api-ms-win-core-interlocked-l1-1-0.dll
0x00000000271d0000 - 0x00000000271d3000 	C:\Program Files\BlueJ\lib\javafx\bin\api-ms-win-core-libraryloader-l1-1-0.dll
0x00000000271e0000 - 0x00000000271e3000 	C:\Program Files\BlueJ\lib\javafx\bin\api-ms-win-core-localization-l1-2-0.dll
0x00000000271f0000 - 0x00000000271f3000 	C:\Program Files\BlueJ\lib\javafx\bin\api-ms-win-core-memory-l1-1-0.dll
0x0000000027200000 - 0x0000000027203000 	C:\Program Files\BlueJ\lib\javafx\bin\api-ms-win-core-namedpipe-l1-1-0.dll
0x0000000027210000 - 0x0000000027213000 	C:\Program Files\BlueJ\lib\javafx\bin\api-ms-win-core-processenvironment-l1-1-0.dll
0x0000000027220000 - 0x0000000027223000 	C:\Program Files\BlueJ\lib\javafx\bin\api-ms-win-core-processthreads-l1-1-0.dll
0x0000000027230000 - 0x0000000027233000 	C:\Program Files\BlueJ\lib\javafx\bin\api-ms-win-core-processthreads-l1-1-1.dll
0x0000000027240000 - 0x0000000027243000 	C:\Program Files\BlueJ\lib\javafx\bin\api-ms-win-core-profile-l1-1-0.dll
0x0000000027250000 - 0x0000000027253000 	C:\Program Files\BlueJ\lib\javafx\bin\api-ms-win-core-rtlsupport-l1-1-0.dll
0x0000000027260000 - 0x0000000027263000 	C:\Program Files\BlueJ\lib\javafx\bin\api-ms-win-core-string-l1-1-0.dll
0x0000000027270000 - 0x0000000027273000 	C:\Program Files\BlueJ\lib\javafx\bin\api-ms-win-core-synch-l1-1-0.dll
0x0000000027280000 - 0x0000000027283000 	C:\Program Files\BlueJ\lib\javafx\bin\api-ms-win-core-synch-l1-2-0.dll
0x0000000027290000 - 0x0000000027293000 	C:\Program Files\BlueJ\lib\javafx\bin\api-ms-win-core-sysinfo-l1-1-0.dll
0x00000000272a0000 - 0x00000000272a3000 	C:\Program Files\BlueJ\lib\javafx\bin\api-ms-win-core-timezone-l1-1-0.dll
0x00000000272b0000 - 0x00000000272b3000 	C:\Program Files\BlueJ\lib\javafx\bin\api-ms-win-core-util-l1-1-0.dll
0x00000000272c0000 - 0x00000000272c3000 	C:\Program Files\BlueJ\lib\javafx\bin\api-ms-win-crt-conio-l1-1-0.dll
0x00000000272d0000 - 0x00000000272d4000 	C:\Program Files\BlueJ\lib\javafx\bin\api-ms-win-crt-convert-l1-1-0.dll
0x00000000272e0000 - 0x00000000272e3000 	C:\Program Files\BlueJ\lib\javafx\bin\api-ms-win-crt-environment-l1-1-0.dll
0x00000000272f0000 - 0x00000000272f3000 	C:\Program Files\BlueJ\lib\javafx\bin\api-ms-win-crt-filesystem-l1-1-0.dll
0x0000000027300000 - 0x0000000027303000 	C:\Program Files\BlueJ\lib\javafx\bin\api-ms-win-crt-heap-l1-1-0.dll
0x0000000027310000 - 0x0000000027313000 	C:\Program Files\BlueJ\lib\javafx\bin\api-ms-win-crt-locale-l1-1-0.dll
0x0000000027320000 - 0x0000000027325000 	C:\Program Files\BlueJ\lib\javafx\bin\api-ms-win-crt-math-l1-1-0.dll
0x0000000027330000 - 0x0000000027335000 	C:\Program Files\BlueJ\lib\javafx\bin\api-ms-win-crt-multibyte-l1-1-0.dll
0x0000000027340000 - 0x0000000027350000 	C:\Program Files\BlueJ\lib\javafx\bin\api-ms-win-crt-private-l1-1-0.dll
0x0000000027350000 - 0x0000000027353000 	C:\Program Files\BlueJ\lib\javafx\bin\api-ms-win-crt-process-l1-1-0.dll
0x0000000027360000 - 0x0000000027364000 	C:\Program Files\BlueJ\lib\javafx\bin\api-ms-win-crt-runtime-l1-1-0.dll
0x0000000027370000 - 0x0000000027374000 	C:\Program Files\BlueJ\lib\javafx\bin\api-ms-win-crt-stdio-l1-1-0.dll
0x0000000027380000 - 0x0000000027384000 	C:\Program Files\BlueJ\lib\javafx\bin\api-ms-win-crt-string-l1-1-0.dll
0x0000000027390000 - 0x0000000027393000 	C:\Program Files\BlueJ\lib\javafx\bin\api-ms-win-crt-time-l1-1-0.dll
0x00000000273a0000 - 0x00000000273a3000 	C:\Program Files\BlueJ\lib\javafx\bin\api-ms-win-crt-utility-l1-1-0.dll
0x00007fff92590000 - 0x00007fff9268a000 	C:\Program Files\BlueJ\lib\javafx\bin\ucrtbase.dll
0x00007fffa53b0000 - 0x00007fffa53c6000 	C:\Program Files\BlueJ\lib\javafx\bin\vcruntime140.dll
0x00007fff913a0000 - 0x00007fff91446000 	C:\Program Files\BlueJ\lib\javafx\bin\msvcp140.dll
0x00007fff98b70000 - 0x00007fff98bc1000 	C:\Program Files\BlueJ\lib\javafx\bin\concrt140.dll
0x00007fff9fee0000 - 0x00007fff9ff03000 	C:\Program Files\BlueJ\lib\javafx\bin\prism_d3d.dll
0x00007fffbf830000 - 0x00007fffbf9fe000 	C:\WINDOWS\system32\d3d9.dll
0x00007fffc6a30000 - 0x00007fffc6a5f000 	C:\WINDOWS\SYSTEM32\dwmapi.dll
0x00007fffc6750000 - 0x00007fffc67ef000 	C:\WINDOWS\system32\uxtheme.dll
0x00007fffc0270000 - 0x00007fffc035e000 	C:\WINDOWS\System32\DriverStore\FileRepository\nvhdc.inf_amd64_1683e6c24d03a407\nvldumdx.dll
0x00007fffc9310000 - 0x00007fffc946d000 	C:\WINDOWS\System32\crypt32.dll
0x00007fffc92b0000 - 0x00007fffc9310000 	C:\WINDOWS\System32\WINTRUST.DLL
0x00007fffc8890000 - 0x00007fffc88a2000 	C:\WINDOWS\SYSTEM32\MSASN1.dll
0x00007fffca300000 - 0x00007fffca31d000 	C:\WINDOWS\System32\imagehlp.dll
0x00007fffc8660000 - 0x00007fffc8678000 	C:\WINDOWS\SYSTEM32\CRYPTSP.dll
0x00007fffc7db0000 - 0x00007fffc7de4000 	C:\WINDOWS\system32\rsaenh.dll
0x00007fffc9280000 - 0x00007fffc92a7000 	C:\WINDOWS\System32\bcrypt.dll
0x00007fffc8680000 - 0x00007fffc868c000 	C:\WINDOWS\SYSTEM32\CRYPTBASE.dll
0x00007fff8c860000 - 0x00007fff8dcfa000 	C:\WINDOWS\System32\DriverStore\FileRepository\nvhdc.inf_amd64_1683e6c24d03a407\nvd3dumx.dll
0x00007fff9afd0000 - 0x00007fff9b015000 	C:\Program Files\BlueJ\lib\javafx\bin\glass.dll
0x00007fffcb360000 - 0x00007fffcb43a000 	C:\WINDOWS\System32\COMDLG32.dll
0x00007fffca500000 - 0x00007fffca62a000 	C:\WINDOWS\System32\ole32.dll
0x00007fffcb440000 - 0x00007fffcb50d000 	C:\WINDOWS\System32\OLEAUT32.dll
0x00007fffbf780000 - 0x00007fffbf830000 	C:\WINDOWS\WinSxS\amd64_microsoft.windows.common-controls_6595b64144ccf1df_5.82.19041.488_none_4238de57f6b64d28\COMCTL32.dll
0x00007fffc9f00000 - 0x00007fffca015000 	C:\WINDOWS\System32\MSCTF.dll
0x00007fffc82a0000 - 0x00007fffc82eb000 	C:\WINDOWS\system32\powrprof.dll
0x00007fffc8110000 - 0x00007fffc8122000 	C:\WINDOWS\SYSTEM32\UMPDC.dll
0x00007fff9f7f0000 - 0x00007fff9fab1000 	C:\WINDOWS\system32\nvspcap64.dll
0x00007fffc79e0000 - 0x00007fffc7a13000 	C:\WINDOWS\SYSTEM32\ntmarta.dll
0x00007fffc75c0000 - 0x00007fffc75e3000 	C:\WINDOWS\SYSTEM32\gpapi.dll
0x00007fffbfc10000 - 0x00007fffbfc41000 	C:\WINDOWS\SYSTEM32\cryptnet.dll
0x00007fffc04d0000 - 0x00007fffc050b000 	C:\WINDOWS\SYSTEM32\dxcore.dll
0x00007fffc90f0000 - 0x00007fffc913e000 	C:\WINDOWS\System32\cfgmgr32.dll
0x00007fff8c2b0000 - 0x00007fff8c44e000 	C:\Program Files\BlueJ\jdk\bin\awt.dll
0x00007fffc52c0000 - 0x00007fffc5880000 	C:\WINDOWS\SYSTEM32\d2d1.dll
0x00007fffa2170000 - 0x00007fffa2184000 	C:\Program Files\BlueJ\lib\javafx\bin\javafx_font.dll
0x00007fffaa740000 - 0x00007fffaa9bf000 	C:\WINDOWS\SYSTEM32\dwrite.dll
0x00007fffc9d60000 - 0x00007fffc9e09000 	C:\WINDOWS\System32\clbcatq.dll
0x00007fffbc7c0000 - 0x00007fffbca5b000 	C:\WINDOWS\WinSxS\amd64_microsoft.windows.common-controls_6595b64144ccf1df_6.0.19041.488_none_ca04af081b815d21\comctl32.dll
0x00007fffc3000000 - 0x00007fffc31b4000 	C:\WINDOWS\SYSTEM32\WindowsCodecs.dll
0x00007fffb4a60000 - 0x00007fffb4a9e000 	C:\WINDOWS\system32\dataexchange.dll
0x00007fffc4a90000 - 0x00007fffc4cf4000 	C:\WINDOWS\system32\d3d11.dll
0x00007fffc59e0000 - 0x00007fffc5bc5000 	C:\WINDOWS\system32\dcomp.dll
0x00007fffc75f0000 - 0x00007fffc76e3000 	C:\WINDOWS\system32\dxgi.dll

dbghelp: loaded successfully - version: 4.0.5 - missing functions: none
symbol engine: initialized successfully - sym options: 0x614 - pdb path: .;C:\Program Files\BlueJ;C:\WINDOWS\SYSTEM32;C:\Program Files\AVAST Software\Avast;C:\Program Files\BlueJ\jdk\bin\server;C:\Program Files\BlueJ\jdk\bin;C:\Program Files\BlueJ\lib\javafx\bin;C:\WINDOWS\System32\DriverStore\FileRepository\nvhdc.inf_amd64_1683e6c24d03a407;C:\WINDOWS\WinSxS\amd64_microsoft.windows.common-controls_6595b64144ccf1df_5.82.19041.488_none_4238de57f6b64d28;C:\WINDOWS\WinSxS\amd64_microsoft.windows.common-controls_6595b64144ccf1df_6.0.19041.488_none_ca04af081b815d21;C:\Program Files\Common Files\Microsoft Shared\Ink

VM Arguments:
jvm_args: -Djavafx.embed.singleThread=true 
java_command: <unknown>
java_class_path (initial): C:\Program Files\BlueJ\lib\bluej.jar;C:\Program Files\BlueJ\lib\javafx\lib\javafx.base.jar;C:\Program Files\BlueJ\lib\javafx\lib\javafx.controls.jar;C:\Program Files\BlueJ\lib\javafx\lib\javafx.fxml.jar;C:\Program Files\BlueJ\lib\javafx\lib\javafx.graphics.jar;C:\Program Files\BlueJ\lib\javafx\lib\javafx.media.jar;C:\Program Files\BlueJ\lib\javafx\lib\javafx.properties.jar;C:\Program Files\BlueJ\lib\javafx\lib\javafx.swing.jar;C:\Program Files\BlueJ\lib\javafx\lib\javafx.web.jar
Launcher Type: generic

[Global flags]
     intx CICompilerCount                          = 3                                         {product} {ergonomic}
     uint ConcGCThreads                            = 2                                         {product} {ergonomic}
     uint G1ConcRefinementThreads                  = 6                                         {product} {ergonomic}
   size_t G1HeapRegionSize                         = 1048576                                   {product} {ergonomic}
    uintx GCDrainStackTargetSize                   = 64                                        {product} {ergonomic}
   size_t InitialHeapSize                          = 201326592                                 {product} {ergonomic}
   size_t MarkStackSize                            = 4194304                                   {product} {ergonomic}
   size_t MaxHeapSize                              = 3196059648                                {product} {ergonomic}
   size_t MaxNewSize                               = 1916796928                                {product} {ergonomic}
   size_t MinHeapDeltaBytes                        = 1048576                                   {product} {ergonomic}
    uintx NonNMethodCodeHeapSize                   = 5830092                                {pd product} {ergonomic}
    uintx NonProfiledCodeHeapSize                  = 122914074                              {pd product} {ergonomic}
    uintx ProfiledCodeHeapSize                     = 122914074                              {pd product} {ergonomic}
    uintx ReservedCodeCacheSize                    = 251658240                              {pd product} {ergonomic}
     bool SegmentedCodeCache                       = true                                      {product} {ergonomic}
     bool UseCompressedClassPointers               = true                                 {lp64_product} {ergonomic}
     bool UseCompressedOops                        = true                                 {lp64_product} {ergonomic}
     bool UseG1GC                                  = true                                      {product} {ergonomic}
     bool UseLargePagesIndividualAllocation        = false                                  {pd product} {ergonomic}

Logging:
Log output configuration:
 #0: stdout all=warning uptime,level,tags
 #1: stderr all=off uptime,level,tags

Environment Variables:
JAVA_HOME=C:\Program Files\Java\jdk-11.0.8
PATH=C:\Program Files\Common Files\Oracle\Java\javapath;C:\Program Files (x86)\Common Files\Oracle\Java\javapath;C:\Program Files (x86)\Intel\Intel(R) Management Engine Components\iCLS\;C:\Program Files\Intel\Intel(R) Management Engine Components\iCLS\;C:\windows\system32;C:\windows;C:\windows\System32\Wbem;C:\windows\System32\WindowsPowerShell\v1.0\;C:\Program Files (x86)\Intel\Intel(R) Management Engine Components\DAL;C:\Program Files\Intel\Intel(R) Management Engine Components\DAL;C:\Program Files (x86)\Intel\Intel(R) Management Engine Components\IPT;C:\Program Files\Intel\Intel(R) Management Engine Components\IPT;C:\Program Files (x86)\NVIDIA Corporation\PhysX\Common;C:\WINDOWS\system32;C:\WINDOWS;C:\WINDOWS\System32\Wbem;C:\WINDOWS\System32\WindowsPowerShell\v1.0\;C:\WINDOWS\System32\OpenSSH\;C:\Program Files\NVIDIA Corporation\NVIDIA NvDLISR;C:\Program Files\Java\jdk-11.0.8\bin;;C:\WINDOWS\system32;C:\WINDOWS;C:\WINDOWS\System32\Wbem;C:\WINDOWS\System32\WindowsPowerShell\v1.0\;C:\WINDOWS\System32\OpenSSH\;C:\Users\kiara\AppData\Local\Microsoft\WindowsApps
USERNAME=kiara
OS=Windows_NT
PROCESSOR_IDENTIFIER=Intel64 Family 6 Model 158 Stepping 10, GenuineIntel



---------------  S Y S T E M  ---------------

OS: Windows 10 , 64 bit Build 19041 (10.0.19041.546)

CPU:total 6 (initial active 6) (6 cores per cpu, 1 threads per core) family 6 model 158 stepping 10, cmov, cx8, fxsr, mmx, sse, sse2, sse3, ssse3, sse4.1, sse4.2, popcnt, avx, avx2, aes, clmul, erms, 3dnowpref, lzcnt, tsc, tscinvbit, bmi1, bmi2, adx, fma

Memory: 4k page, system-wide physical 12191M (1373M free)
TotalPageFile size 49055M (AvailPageFile size 5M)
current process WorkingSet (physical memory assigned to process): 120M, peak: 120M
current process commit charge ("private bytes"): 321M, peak: 322M

vm_info: OpenJDK 64-Bit Server VM (11.0.2+9) for windows-amd64 JRE (11.0.2+9), built on Jan 18 2019 05:23:22 by "mach5one" with MS VC++ 15.5 (VS2017)

END.
