#
# There is insufficient memory for the Java Runtime Environment to continue.
# Native memory allocation (malloc) failed to allocate 953136 bytes for Chunk::new
# Possible reasons:
#   The system is out of physical RAM or swap space
#   The process is running with CompressedOops enabled, and the Java Heap may be blocking the growth of the native heap
# Possible solutions:
#   Reduce memory load on the system
#   Increase physical memory or swap space
#   Check if swap backing store is full
#   Decrease Java heap size (-Xmx/-Xms)
#   Decrease number of Java threads
#   Decrease Java thread stack sizes (-Xss)
#   Set larger code cache with -XX:ReservedCodeCacheSize=
#   JVM is running with Zero Based Compressed Oops mode in which the Java heap is
#     placed in the first 32GB address space. The Java Heap base address is the
#     maximum limit for the native heap growth. Please use -XX:HeapBaseMinAddress
#     to set the Java Heap base and to place the Java Heap above 32GB virtual address.
# This output file may be truncated or incomplete.
#
#  Out of Memory Error (t:/workspace/open/src/hotspot/share/memory/arena.cpp:197), pid=20096, tid=23848
#
# JRE version: OpenJDK Runtime Environment (11.0.2+9) (build 11.0.2+9)
# Java VM: OpenJDK 64-Bit Server VM (11.0.2+9, mixed mode, tiered, compressed oops, g1 gc, windows-amd64)
# No core dump will be written. Minidumps are not enabled by default on client versions of Windows
#

---------------  S U M M A R Y ------------

Command Line: -Djavafx.embed.singleThread=true 

Host: Intel(R) Core(TM) i5-8400 CPU @ 2.80GHz, 6 cores, 11G,  Windows 10 , 64 bit Build 19041 (10.0.19041.546)
Time: Mon Nov  2 19:59:47 2020 Hora estándar romance elapsed time: 1 seconds (0d 0h 0m 1s)

---------------  T H R E A D  ---------------

Current thread (0x0000000024cc1000):  JavaThread "C2 CompilerThread0" daemon [_thread_in_native, id=23848, stack(0x0000000025b50000,0x0000000025d50000)]


Current CompileTask:
C2:   1051 1338       4       java.lang.invoke.InvokerBytecodeGenerator::emitPushArgument (120 bytes)

Stack: [0x0000000025b50000,0x0000000025d50000]
Native frames: (J=compiled Java code, j=interpreted, Vv=VM code, C=native code)
V  [jvm.dll+0x63489a]
V  [jvm.dll+0x771f9f]
V  [jvm.dll+0x773648]
V  [jvm.dll+0x773d03]
V  [jvm.dll+0x25eba8]
V  [jvm.dll+0xc2191]
V  [jvm.dll+0xc271c]
V  [jvm.dll+0x36cc02]
V  [jvm.dll+0x339b13]
V  [jvm.dll+0x338eea]
V  [jvm.dll+0x2189c5]
V  [jvm.dll+0x217b6a]
V  [jvm.dll+0x194370]
V  [jvm.dll+0x226b3f]
V  [jvm.dll+0x225148]
V  [jvm.dll+0x73774d]
V  [jvm.dll+0x633942]
C  [ucrtbase.dll+0x214c2]
C  [KERNEL32.DLL+0x17034]
C  [ntdll.dll+0x4cec1]


---------------  P R O C E S S  ---------------

Threads class SMR info:
_java_thread_list=0x000000002ca39da0, length=23, elements={
0x0000000002c42000, 0x0000000024c53800, 0x0000000024c5d800, 0x0000000024cbb000,
0x0000000024cbd800, 0x0000000024cc1000, 0x0000000024c68000, 0x0000000024c6a800,
0x0000000024e46800, 0x0000000024e4d800, 0x000000002685f800, 0x000000002690f000,
0x0000000026a12800, 0x0000000026afb000, 0x0000000026b52800, 0x000000002c01c000,
0x000000002bee7800, 0x000000002c28e800, 0x000000002c304800, 0x000000002c4bb800,
0x000000002ca04000, 0x000000002cb62800, 0x000000002cb60000
}

Java Threads: ( => current thread )
  0x0000000002c42000 JavaThread "main" [_thread_blocked, id=11408, stack(0x00000000004e0000,0x00000000006e0000)]
  0x0000000024c53800 JavaThread "Reference Handler" daemon [_thread_blocked, id=12208, stack(0x0000000025230000,0x0000000025430000)]
  0x0000000024c5d800 JavaThread "Finalizer" daemon [_thread_blocked, id=11704, stack(0x0000000025430000,0x0000000025630000)]
  0x0000000024cbb000 JavaThread "Signal Dispatcher" daemon [_thread_blocked, id=17044, stack(0x0000000025750000,0x0000000025950000)]
  0x0000000024cbd800 JavaThread "Attach Listener" daemon [_thread_blocked, id=9964, stack(0x0000000025950000,0x0000000025b50000)]
=>0x0000000024cc1000 JavaThread "C2 CompilerThread0" daemon [_thread_in_native, id=23848, stack(0x0000000025b50000,0x0000000025d50000)]
  0x0000000024c68000 JavaThread "C1 CompilerThread0" daemon [_thread_in_native, id=14552, stack(0x0000000025d50000,0x0000000025f50000)]
  0x0000000024c6a800 JavaThread "Sweeper thread" daemon [_thread_blocked, id=18536, stack(0x0000000025f50000,0x0000000026150000)]
  0x0000000024e46800 JavaThread "Service Thread" daemon [_thread_blocked, id=11156, stack(0x0000000026150000,0x0000000026350000)]
  0x0000000024e4d800 JavaThread "Common-Cleaner" daemon [_thread_blocked, id=15328, stack(0x0000000026550000,0x0000000026750000)]
  0x000000002685f800 JavaThread "JavaFX-Launcher" [_thread_blocked, id=23460, stack(0x0000000026f50000,0x0000000027150000)]
  0x000000002690f000 JavaThread "QuantumRenderer-0" daemon [_thread_blocked, id=10544, stack(0x00000000273b0000,0x00000000275b0000)]
  0x0000000026a12800 JavaThread "InvokeLaterDispatcher" daemon [_thread_blocked, id=648, stack(0x0000000027a60000,0x0000000027c60000)]
  0x0000000026afb000 JavaThread "JavaFX Application Thread" [_thread_in_vm, id=6156, stack(0x0000000027c60000,0x0000000027e60000)]
  0x0000000026b52800 JavaThread "Thread-2" daemon [_thread_in_native, id=22644, stack(0x000000002f260000,0x000000002f460000)]
  0x000000002c01c000 JavaThread "Java2D Disposer" daemon [_thread_blocked, id=23024, stack(0x000000002f7d0000,0x000000002f9d0000)]
  0x000000002bee7800 JavaThread "AWT-Shutdown" [_thread_blocked, id=10444, stack(0x000000002f9d0000,0x000000002fbd0000)]
  0x000000002c28e800 JavaThread "AWT-Windows" daemon [_thread_in_native, id=24144, stack(0x000000002fbd0000,0x000000002fdd0000)]
  0x000000002c304800 JavaThread "Thread-3" [_thread_blocked, id=17164, stack(0x000000002fdd0000,0x000000002ffd0000)]
  0x000000002c4bb800 JavaThread "C2 CompilerThread1" daemon [_thread_in_native, id=10740, stack(0x0000000032090000,0x0000000032290000)]
  0x000000002ca04000 JavaThread "Thread-4" [_thread_in_vm, id=8292, stack(0x0000000032440000,0x0000000032640000)]
  0x000000002cb62800 JavaThread "AWT-EventQueue-0" [_thread_blocked, id=21392, stack(0x0000000032640000,0x0000000032840000)]
  0x000000002cb60000 JavaThread "Thread-5" [_thread_in_native, id=7524, stack(0x0000000032840000,0x0000000032a40000)]

Other Threads:
  0x0000000024021000 VMThread "VM Thread" [stack: 0x0000000025030000,0x0000000025230000] [id=19748]
  0x0000000024e5b800 WatcherThread [stack: 0x0000000026350000,0x0000000026550000] [id=24016]
  0x0000000002c57000 GCTaskThread "GC Thread#0" [stack: 0x0000000002600000,0x0000000002800000] [id=19852]
  0x000000002c3e2800 GCTaskThread "GC Thread#1" [stack: 0x00000000301d0000,0x00000000303d0000] [id=24292]
  0x000000002c3e3800 GCTaskThread "GC Thread#2" [stack: 0x00000000303d0000,0x00000000305d0000] [id=16956]
  0x000000002c3e4000 GCTaskThread "GC Thread#3" [stack: 0x00000000305d0000,0x00000000307d0000] [id=15420]
  0x000000002c3e4800 GCTaskThread "GC Thread#4" [stack: 0x00000000307d0000,0x00000000309d0000] [id=3808]
  0x000000002c3e5800 GCTaskThread "GC Thread#5" [stack: 0x00000000309d0000,0x0000000030bd0000] [id=14892]
  0x0000000002c9c800 ConcurrentGCThread "G1 Main Marker" [stack: 0x00000000213d0000,0x00000000215d0000] [id=12572]
  0x0000000002ca0000 ConcurrentGCThread "G1 Conc#0" [stack: 0x00000000215d0000,0x00000000217d0000] [id=11472]
  0x000000002cb5b800 ConcurrentGCThread "G1 Conc#1" [stack: 0x0000000032c40000,0x0000000032e40000] [id=17552]
  0x0000000002d1e800 ConcurrentGCThread "G1 Refine#0" [stack: 0x0000000024030000,0x0000000024230000] [id=7108]
  0x0000000023e88800 ConcurrentGCThread "G1 Young RemSet Sampling" [stack: 0x0000000024230000,0x0000000024430000] [id=17376]

Threads with active compile tasks:
C2 CompilerThread01338       4       java.lang.invoke.InvokerBytecodeGenerator::emitPushArgument (120 bytes)
C2 CompilerThread11380       4       jdk.internal.org.objectweb.asm.Frame::execute (2264 bytes)

VM state:not at safepoint (normal execution)

VM Mutex/Monitor currently owned by a thread: None

Heap address: 0x0000000741800000, size: 3048 MB, Compressed Oops mode: Zero based, Oop shift amount: 3
Narrow klass base: 0x0000000800000000, Narrow klass shift: 0
Compressed class space size: 1073741824 Address: 0x0000000800000000

Heap:
 garbage-first heap   total 196608K, used 12596K [0x0000000741800000, 0x0000000800000000)
  region size 1024K, 12 young (12288K), 6 survivors (6144K)
 Metaspace       used 23229K, capacity 24142K, committed 24316K, reserved 1071104K
  class space    used 2886K, capacity 3260K, committed 3324K, reserved 1048576K
Heap Regions: E=young(eden), S=young(survivor), O=old, HS=humongous(starts), HC=humongous(continues), CS=collection set, F=free, A=archive, TAMS=top-at-mark-start (previous, next)
|   0|0x0000000741800000, 0x0000000741900000, 0x0000000741900000|100%|HS|  |TAMS 0x0000000741900000, 0x0000000741800000| Complete 
|   1|0x0000000741900000, 0x00000007419d1600, 0x0000000741a00000| 81%| O|  |TAMS 0x00000007419d1600, 0x0000000741900000| Untracked 
|   2|0x0000000741a00000, 0x0000000741a00000, 0x0000000741b00000|  0%| F|  |TAMS 0x0000000741a00000, 0x0000000741a00000| Untracked 
|   3|0x0000000741b00000, 0x0000000741b00000, 0x0000000741c00000|  0%| F|  |TAMS 0x0000000741b00000, 0x0000000741b00000| Untracked 
|   4|0x0000000741c00000, 0x0000000741c00000, 0x0000000741d00000|  0%| F|  |TAMS 0x0000000741c00000, 0x0000000741c00000| Untracked 
|   5|0x0000000741d00000, 0x0000000741d00000, 0x0000000741e00000|  0%| F|  |TAMS 0x0000000741d00000, 0x0000000741d00000| Untracked 
|   6|0x0000000741e00000, 0x0000000741e00000, 0x0000000741f00000|  0%| F|  |TAMS 0x0000000741e00000, 0x0000000741e00000| Untracked 
|   7|0x0000000741f00000, 0x0000000741f00000, 0x0000000742000000|  0%| F|  |TAMS 0x0000000741f00000, 0x0000000741f00000| Untracked 
|   8|0x0000000742000000, 0x0000000742000000, 0x0000000742100000|  0%| F|  |TAMS 0x0000000742000000, 0x0000000742000000| Untracked 
|   9|0x0000000742100000, 0x0000000742100000, 0x0000000742200000|  0%| F|  |TAMS 0x0000000742100000, 0x0000000742100000| Untracked 
|  10|0x0000000742200000, 0x0000000742200000, 0x0000000742300000|  0%| F|  |TAMS 0x0000000742200000, 0x0000000742200000| Untracked 
|  11|0x0000000742300000, 0x0000000742300000, 0x0000000742400000|  0%| F|  |TAMS 0x0000000742300000, 0x0000000742300000| Untracked 
|  12|0x0000000742400000, 0x0000000742400000, 0x0000000742500000|  0%| F|  |TAMS 0x0000000742400000, 0x0000000742400000| Untracked 
|  13|0x0000000742500000, 0x0000000742500000, 0x0000000742600000|  0%| F|  |TAMS 0x0000000742500000, 0x0000000742500000| Untracked 
|  14|0x0000000742600000, 0x0000000742600000, 0x0000000742700000|  0%| F|  |TAMS 0x0000000742600000, 0x0000000742600000| Untracked 
|  15|0x0000000742700000, 0x0000000742700000, 0x0000000742800000|  0%| F|  |TAMS 0x0000000742700000, 0x0000000742700000| Untracked 
|  16|0x0000000742800000, 0x0000000742800000, 0x0000000742900000|  0%| F|  |TAMS 0x0000000742800000, 0x0000000742800000| Untracked 
|  17|0x0000000742900000, 0x0000000742900000, 0x0000000742a00000|  0%| F|  |TAMS 0x0000000742900000, 0x0000000742900000| Untracked 
|  18|0x0000000742a00000, 0x0000000742a00000, 0x0000000742b00000|  0%| F|  |TAMS 0x0000000742a00000, 0x0000000742a00000| Untracked 
|  19|0x0000000742b00000, 0x0000000742b00000, 0x0000000742c00000|  0%| F|  |TAMS 0x0000000742b00000, 0x0000000742b00000| Untracked 
|  20|0x0000000742c00000, 0x0000000742c00000, 0x0000000742d00000|  0%| F|  |TAMS 0x0000000742c00000, 0x0000000742c00000| Untracked 
|  21|0x0000000742d00000, 0x0000000742d00000, 0x0000000742e00000|  0%| F|  |TAMS 0x0000000742d00000, 0x0000000742d00000| Untracked 
|  22|0x0000000742e00000, 0x0000000742e00000, 0x0000000742f00000|  0%| F|  |TAMS 0x0000000742e00000, 0x0000000742e00000| Untracked 
|  23|0x0000000742f00000, 0x0000000742f00000, 0x0000000743000000|  0%| F|  |TAMS 0x0000000742f00000, 0x0000000742f00000| Untracked 
|  24|0x0000000743000000, 0x0000000743000000, 0x0000000743100000|  0%| F|  |TAMS 0x0000000743000000, 0x0000000743000000| Untracked 
|  25|0x0000000743100000, 0x0000000743100000, 0x0000000743200000|  0%| F|  |TAMS 0x0000000743100000, 0x0000000743100000| Untracked 
|  26|0x0000000743200000, 0x0000000743200000, 0x0000000743300000|  0%| F|  |TAMS 0x0000000743200000, 0x0000000743200000| Untracked 
|  27|0x0000000743300000, 0x0000000743300000, 0x0000000743400000|  0%| F|  |TAMS 0x0000000743300000, 0x0000000743300000| Untracked 
|  28|0x0000000743400000, 0x0000000743400000, 0x0000000743500000|  0%| F|  |TAMS 0x0000000743400000, 0x0000000743400000| Untracked 
|  29|0x0000000743500000, 0x0000000743500000, 0x0000000743600000|  0%| F|  |TAMS 0x0000000743500000, 0x0000000743500000| Untracked 
|  30|0x0000000743600000, 0x0000000743600000, 0x0000000743700000|  0%| F|  |TAMS 0x0000000743600000, 0x0000000743600000| Untracked 
|  31|0x0000000743700000, 0x0000000743700000, 0x0000000743800000|  0%| F|  |TAMS 0x0000000743700000, 0x0000000743700000| Untracked 
|  32|0x0000000743800000, 0x0000000743800000, 0x0000000743900000|  0%| F|  |TAMS 0x0000000743800000, 0x0000000743800000| Untracked 
|  33|0x0000000743900000, 0x0000000743900000, 0x0000000743a00000|  0%| F|  |TAMS 0x0000000743900000, 0x0000000743900000| Untracked 
|  34|0x0000000743a00000, 0x0000000743a00000, 0x0000000743b00000|  0%| F|  |TAMS 0x0000000743a00000, 0x0000000743a00000| Untracked 
|  35|0x0000000743b00000, 0x0000000743b00000, 0x0000000743c00000|  0%| F|  |TAMS 0x0000000743b00000, 0x0000000743b00000| Untracked 
|  36|0x0000000743c00000, 0x0000000743c00000, 0x0000000743d00000|  0%| F|  |TAMS 0x0000000743c00000, 0x0000000743c00000| Untracked 
|  37|0x0000000743d00000, 0x0000000743d00000, 0x0000000743e00000|  0%| F|  |TAMS 0x0000000743d00000, 0x0000000743d00000| Untracked 
|  38|0x0000000743e00000, 0x0000000743e00000, 0x0000000743f00000|  0%| F|  |TAMS 0x0000000743e00000, 0x0000000743e00000| Untracked 
|  39|0x0000000743f00000, 0x0000000743f00000, 0x0000000744000000|  0%| F|  |TAMS 0x0000000743f00000, 0x0000000743f00000| Untracked 
|  40|0x0000000744000000, 0x0000000744000000, 0x0000000744100000|  0%| F|  |TAMS 0x0000000744000000, 0x0000000744000000| Untracked 
|  41|0x0000000744100000, 0x0000000744100000, 0x0000000744200000|  0%| F|  |TAMS 0x0000000744100000, 0x0000000744100000| Untracked 
|  42|0x0000000744200000, 0x0000000744200000, 0x0000000744300000|  0%| F|  |TAMS 0x0000000744200000, 0x0000000744200000| Untracked 
|  43|0x0000000744300000, 0x0000000744300000, 0x0000000744400000|  0%| F|  |TAMS 0x0000000744300000, 0x0000000744300000| Untracked 
|  44|0x0000000744400000, 0x0000000744400000, 0x0000000744500000|  0%| F|  |TAMS 0x0000000744400000, 0x0000000744400000| Untracked 
|  45|0x0000000744500000, 0x0000000744500000, 0x0000000744600000|  0%| F|  |TAMS 0x0000000744500000, 0x0000000744500000| Untracked 
|  46|0x0000000744600000, 0x0000000744600000, 0x0000000744700000|  0%| F|  |TAMS 0x0000000744600000, 0x0000000744600000| Untracked 
|  47|0x0000000744700000, 0x0000000744700000, 0x0000000744800000|  0%| F|  |TAMS 0x0000000744700000, 0x0000000744700000| Untracked 
|  48|0x0000000744800000, 0x0000000744800000, 0x0000000744900000|  0%| F|  |TAMS 0x0000000744800000, 0x0000000744800000| Untracked 
|  49|0x0000000744900000, 0x0000000744900000, 0x0000000744a00000|  0%| F|  |TAMS 0x0000000744900000, 0x0000000744900000| Untracked 
|  50|0x0000000744a00000, 0x0000000744a00000, 0x0000000744b00000|  0%| F|  |TAMS 0x0000000744a00000, 0x0000000744a00000| Untracked 
|  51|0x0000000744b00000, 0x0000000744b00000, 0x0000000744c00000|  0%| F|  |TAMS 0x0000000744b00000, 0x0000000744b00000| Untracked 
|  52|0x0000000744c00000, 0x0000000744c00000, 0x0000000744d00000|  0%| F|  |TAMS 0x0000000744c00000, 0x0000000744c00000| Untracked 
|  53|0x0000000744d00000, 0x0000000744d00000, 0x0000000744e00000|  0%| F|  |TAMS 0x0000000744d00000, 0x0000000744d00000| Untracked 
|  54|0x0000000744e00000, 0x0000000744e00000, 0x0000000744f00000|  0%| F|  |TAMS 0x0000000744e00000, 0x0000000744e00000| Untracked 
|  55|0x0000000744f00000, 0x0000000744f00000, 0x0000000745000000|  0%| F|  |TAMS 0x0000000744f00000, 0x0000000744f00000| Untracked 
|  56|0x0000000745000000, 0x0000000745000000, 0x0000000745100000|  0%| F|  |TAMS 0x0000000745000000, 0x0000000745000000| Untracked 
|  57|0x0000000745100000, 0x0000000745100000, 0x0000000745200000|  0%| F|  |TAMS 0x0000000745100000, 0x0000000745100000| Untracked 
|  58|0x0000000745200000, 0x0000000745200000, 0x0000000745300000|  0%| F|  |TAMS 0x0000000745200000, 0x0000000745200000| Untracked 
|  59|0x0000000745300000, 0x0000000745300000, 0x0000000745400000|  0%| F|  |TAMS 0x0000000745300000, 0x0000000745300000| Untracked 
|  60|0x0000000745400000, 0x0000000745400000, 0x0000000745500000|  0%| F|  |TAMS 0x0000000745400000, 0x0000000745400000| Untracked 
|  61|0x0000000745500000, 0x0000000745500000, 0x0000000745600000|  0%| F|  |TAMS 0x0000000745500000, 0x0000000745500000| Untracked 
|  62|0x0000000745600000, 0x0000000745600000, 0x0000000745700000|  0%| F|  |TAMS 0x0000000745600000, 0x0000000745600000| Untracked 
|  63|0x0000000745700000, 0x0000000745700000, 0x0000000745800000|  0%| F|  |TAMS 0x0000000745700000, 0x0000000745700000| Untracked 
|  64|0x0000000745800000, 0x0000000745800000, 0x0000000745900000|  0%| F|  |TAMS 0x0000000745800000, 0x0000000745800000| Untracked 
|  65|0x0000000745900000, 0x0000000745900000, 0x0000000745a00000|  0%| F|  |TAMS 0x0000000745900000, 0x0000000745900000| Untracked 
|  66|0x0000000745a00000, 0x0000000745a00000, 0x0000000745b00000|  0%| F|  |TAMS 0x0000000745a00000, 0x0000000745a00000| Untracked 
|  67|0x0000000745b00000, 0x0000000745b00000, 0x0000000745c00000|  0%| F|  |TAMS 0x0000000745b00000, 0x0000000745b00000| Untracked 
|  68|0x0000000745c00000, 0x0000000745c00000, 0x0000000745d00000|  0%| F|  |TAMS 0x0000000745c00000, 0x0000000745c00000| Untracked 
|  69|0x0000000745d00000, 0x0000000745d00000, 0x0000000745e00000|  0%| F|  |TAMS 0x0000000745d00000, 0x0000000745d00000| Untracked 
|  70|0x0000000745e00000, 0x0000000745e00000, 0x0000000745f00000|  0%| F|  |TAMS 0x0000000745e00000, 0x0000000745e00000| Untracked 
|  71|0x0000000745f00000, 0x0000000745f00000, 0x0000000746000000|  0%| F|  |TAMS 0x0000000745f00000, 0x0000000745f00000| Untracked 
|  72|0x0000000746000000, 0x0000000746000000, 0x0000000746100000|  0%| F|  |TAMS 0x0000000746000000, 0x0000000746000000| Untracked 
|  73|0x0000000746100000, 0x0000000746100000, 0x0000000746200000|  0%| F|  |TAMS 0x0000000746100000, 0x0000000746100000| Untracked 
|  74|0x0000000746200000, 0x0000000746200000, 0x0000000746300000|  0%| F|  |TAMS 0x0000000746200000, 0x0000000746200000| Untracked 
|  75|0x0000000746300000, 0x0000000746300000, 0x0000000746400000|  0%| F|  |TAMS 0x0000000746300000, 0x0000000746300000| Untracked 
|  76|0x0000000746400000, 0x0000000746400000, 0x0000000746500000|  0%| F|  |TAMS 0x0000000746400000, 0x0000000746400000| Untracked 
|  77|0x0000000746500000, 0x0000000746500000, 0x0000000746600000|  0%| F|  |TAMS 0x0000000746500000, 0x0000000746500000| Untracked 
|  78|0x0000000746600000, 0x0000000746600000, 0x0000000746700000|  0%| F|  |TAMS 0x0000000746600000, 0x0000000746600000| Untracked 
|  79|0x0000000746700000, 0x0000000746700000, 0x0000000746800000|  0%| F|  |TAMS 0x0000000746700000, 0x0000000746700000| Untracked 
|  80|0x0000000746800000, 0x0000000746800000, 0x0000000746900000|  0%| F|  |TAMS 0x0000000746800000, 0x0000000746800000| Untracked 
|  81|0x0000000746900000, 0x0000000746900000, 0x0000000746a00000|  0%| F|  |TAMS 0x0000000746900000, 0x0000000746900000| Untracked 
|  82|0x0000000746a00000, 0x0000000746a00000, 0x0000000746b00000|  0%| F|  |TAMS 0x0000000746a00000, 0x0000000746a00000| Untracked 
|  83|0x0000000746b00000, 0x0000000746b00000, 0x0000000746c00000|  0%| F|  |TAMS 0x0000000746b00000, 0x0000000746b00000| Untracked 
|  84|0x0000000746c00000, 0x0000000746c00000, 0x0000000746d00000|  0%| F|  |TAMS 0x0000000746c00000, 0x0000000746c00000| Untracked 
|  85|0x0000000746d00000, 0x0000000746d00000, 0x0000000746e00000|  0%| F|  |TAMS 0x0000000746d00000, 0x0000000746d00000| Untracked 
|  86|0x0000000746e00000, 0x0000000746e00000, 0x0000000746f00000|  0%| F|  |TAMS 0x0000000746e00000, 0x0000000746e00000| Untracked 
|  87|0x0000000746f00000, 0x0000000746f00000, 0x0000000747000000|  0%| F|  |TAMS 0x0000000746f00000, 0x0000000746f00000| Untracked 
|  88|0x0000000747000000, 0x0000000747000000, 0x0000000747100000|  0%| F|  |TAMS 0x0000000747000000, 0x0000000747000000| Untracked 
|  89|0x0000000747100000, 0x0000000747100000, 0x0000000747200000|  0%| F|  |TAMS 0x0000000747100000, 0x0000000747100000| Untracked 
|  90|0x0000000747200000, 0x0000000747200000, 0x0000000747300000|  0%| F|  |TAMS 0x0000000747200000, 0x0000000747200000| Untracked 
|  91|0x0000000747300000, 0x0000000747300000, 0x0000000747400000|  0%| F|  |TAMS 0x0000000747300000, 0x0000000747300000| Untracked 
|  92|0x0000000747400000, 0x0000000747400000, 0x0000000747500000|  0%| F|  |TAMS 0x0000000747400000, 0x0000000747400000| Untracked 
|  93|0x0000000747500000, 0x0000000747500000, 0x0000000747600000|  0%| F|  |TAMS 0x0000000747500000, 0x0000000747500000| Untracked 
|  94|0x0000000747600000, 0x0000000747600000, 0x0000000747700000|  0%| F|  |TAMS 0x0000000747600000, 0x0000000747600000| Untracked 
|  95|0x0000000747700000, 0x0000000747700000, 0x0000000747800000|  0%| F|  |TAMS 0x0000000747700000, 0x0000000747700000| Untracked 
|  96|0x0000000747800000, 0x0000000747800000, 0x0000000747900000|  0%| F|  |TAMS 0x0000000747800000, 0x0000000747800000| Untracked 
|  97|0x0000000747900000, 0x0000000747900000, 0x0000000747a00000|  0%| F|  |TAMS 0x0000000747900000, 0x0000000747900000| Untracked 
|  98|0x0000000747a00000, 0x0000000747a00000, 0x0000000747b00000|  0%| F|  |TAMS 0x0000000747a00000, 0x0000000747a00000| Untracked 
|  99|0x0000000747b00000, 0x0000000747b00000, 0x0000000747c00000|  0%| F|  |TAMS 0x0000000747b00000, 0x0000000747b00000| Untracked 
| 100|0x0000000747c00000, 0x0000000747c00000, 0x0000000747d00000|  0%| F|  |TAMS 0x0000000747c00000, 0x0000000747c00000| Untracked 
| 101|0x0000000747d00000, 0x0000000747d00000, 0x0000000747e00000|  0%| F|  |TAMS 0x0000000747d00000, 0x0000000747d00000| Untracked 
| 102|0x0000000747e00000, 0x0000000747e00000, 0x0000000747f00000|  0%| F|  |TAMS 0x0000000747e00000, 0x0000000747e00000| Untracked 
| 103|0x0000000747f00000, 0x0000000747f00000, 0x0000000748000000|  0%| F|  |TAMS 0x0000000747f00000, 0x0000000747f00000| Untracked 
| 104|0x0000000748000000, 0x0000000748000000, 0x0000000748100000|  0%| F|  |TAMS 0x0000000748000000, 0x0000000748000000| Untracked 
| 105|0x0000000748100000, 0x0000000748100000, 0x0000000748200000|  0%| F|  |TAMS 0x0000000748100000, 0x0000000748100000| Untracked 
| 106|0x0000000748200000, 0x0000000748200000, 0x0000000748300000|  0%| F|  |TAMS 0x0000000748200000, 0x0000000748200000| Untracked 
| 107|0x0000000748300000, 0x0000000748300000, 0x0000000748400000|  0%| F|  |TAMS 0x0000000748300000, 0x0000000748300000| Untracked 
| 108|0x0000000748400000, 0x0000000748400000, 0x0000000748500000|  0%| F|  |TAMS 0x0000000748400000, 0x0000000748400000| Untracked 
| 109|0x0000000748500000, 0x0000000748500000, 0x0000000748600000|  0%| F|  |TAMS 0x0000000748500000, 0x0000000748500000| Untracked 
| 110|0x0000000748600000, 0x0000000748600000, 0x0000000748700000|  0%| F|  |TAMS 0x0000000748600000, 0x0000000748600000| Untracked 
| 111|0x0000000748700000, 0x0000000748700000, 0x0000000748800000|  0%| F|  |TAMS 0x0000000748700000, 0x0000000748700000| Untracked 
| 112|0x0000000748800000, 0x0000000748800000, 0x0000000748900000|  0%| F|  |TAMS 0x0000000748800000, 0x0000000748800000| Untracked 
| 113|0x0000000748900000, 0x0000000748900000, 0x0000000748a00000|  0%| F|  |TAMS 0x0000000748900000, 0x0000000748900000| Untracked 
| 114|0x0000000748a00000, 0x0000000748a00000, 0x0000000748b00000|  0%| F|  |TAMS 0x0000000748a00000, 0x0000000748a00000| Untracked 
| 115|0x0000000748b00000, 0x0000000748b00000, 0x0000000748c00000|  0%| F|  |TAMS 0x0000000748b00000, 0x0000000748b00000| Untracked 
| 116|0x0000000748c00000, 0x0000000748c00000, 0x0000000748d00000|  0%| F|  |TAMS 0x0000000748c00000, 0x0000000748c00000| Untracked 
| 117|0x0000000748d00000, 0x0000000748d00000, 0x0000000748e00000|  0%| F|  |TAMS 0x0000000748d00000, 0x0000000748d00000| Untracked 
| 118|0x0000000748e00000, 0x0000000748e00000, 0x0000000748f00000|  0%| F|  |TAMS 0x0000000748e00000, 0x0000000748e00000| Untracked 
| 119|0x0000000748f00000, 0x0000000748f00000, 0x0000000749000000|  0%| F|  |TAMS 0x0000000748f00000, 0x0000000748f00000| Untracked 
| 120|0x0000000749000000, 0x0000000749000000, 0x0000000749100000|  0%| F|  |TAMS 0x0000000749000000, 0x0000000749000000| Untracked 
| 121|0x0000000749100000, 0x0000000749100000, 0x0000000749200000|  0%| F|  |TAMS 0x0000000749100000, 0x0000000749100000| Untracked 
| 122|0x0000000749200000, 0x0000000749200000, 0x0000000749300000|  0%| F|  |TAMS 0x0000000749200000, 0x0000000749200000| Untracked 
| 123|0x0000000749300000, 0x0000000749300000, 0x0000000749400000|  0%| F|  |TAMS 0x0000000749300000, 0x0000000749300000| Untracked 
| 124|0x0000000749400000, 0x0000000749400000, 0x0000000749500000|  0%| F|  |TAMS 0x0000000749400000, 0x0000000749400000| Untracked 
| 125|0x0000000749500000, 0x0000000749500000, 0x0000000749600000|  0%| F|  |TAMS 0x0000000749500000, 0x0000000749500000| Untracked 
| 126|0x0000000749600000, 0x0000000749600000, 0x0000000749700000|  0%| F|  |TAMS 0x0000000749600000, 0x0000000749600000| Untracked 
| 127|0x0000000749700000, 0x0000000749700000, 0x0000000749800000|  0%| F|  |TAMS 0x0000000749700000, 0x0000000749700000| Untracked 
| 128|0x0000000749800000, 0x0000000749800000, 0x0000000749900000|  0%| F|  |TAMS 0x0000000749800000, 0x0000000749800000| Untracked 
| 129|0x0000000749900000, 0x0000000749900000, 0x0000000749a00000|  0%| F|  |TAMS 0x0000000749900000, 0x0000000749900000| Untracked 
| 130|0x0000000749a00000, 0x0000000749a00000, 0x0000000749b00000|  0%| F|  |TAMS 0x0000000749a00000, 0x0000000749a00000| Untracked 
| 131|0x0000000749b00000, 0x0000000749b00000, 0x0000000749c00000|  0%| F|  |TAMS 0x0000000749b00000, 0x0000000749b00000| Untracked 
| 132|0x0000000749c00000, 0x0000000749c00000, 0x0000000749d00000|  0%| F|  |TAMS 0x0000000749c00000, 0x0000000749c00000| Untracked 
| 133|0x0000000749d00000, 0x0000000749d00000, 0x0000000749e00000|  0%| F|  |TAMS 0x0000000749d00000, 0x0000000749d00000| Untracked 
| 134|0x0000000749e00000, 0x0000000749e00000, 0x0000000749f00000|  0%| F|  |TAMS 0x0000000749e00000, 0x0000000749e00000| Untracked 
| 135|0x0000000749f00000, 0x0000000749f00000, 0x000000074a000000|  0%| F|  |TAMS 0x0000000749f00000, 0x0000000749f00000| Untracked 
| 136|0x000000074a000000, 0x000000074a000000, 0x000000074a100000|  0%| F|  |TAMS 0x000000074a000000, 0x000000074a000000| Untracked 
| 137|0x000000074a100000, 0x000000074a100000, 0x000000074a200000|  0%| F|  |TAMS 0x000000074a100000, 0x000000074a100000| Untracked 
| 138|0x000000074a200000, 0x000000074a200000, 0x000000074a300000|  0%| F|  |TAMS 0x000000074a200000, 0x000000074a200000| Untracked 
| 139|0x000000074a300000, 0x000000074a300000, 0x000000074a400000|  0%| F|  |TAMS 0x000000074a300000, 0x000000074a300000| Untracked 
| 140|0x000000074a400000, 0x000000074a400000, 0x000000074a500000|  0%| F|  |TAMS 0x000000074a400000, 0x000000074a400000| Untracked 
| 141|0x000000074a500000, 0x000000074a500000, 0x000000074a600000|  0%| F|  |TAMS 0x000000074a500000, 0x000000074a500000| Untracked 
| 142|0x000000074a600000, 0x000000074a600000, 0x000000074a700000|  0%| F|  |TAMS 0x000000074a600000, 0x000000074a600000| Untracked 
| 143|0x000000074a700000, 0x000000074a700000, 0x000000074a800000|  0%| F|  |TAMS 0x000000074a700000, 0x000000074a700000| Untracked 
| 144|0x000000074a800000, 0x000000074a800000, 0x000000074a900000|  0%| F|  |TAMS 0x000000074a800000, 0x000000074a800000| Untracked 
| 145|0x000000074a900000, 0x000000074a900000, 0x000000074aa00000|  0%| F|  |TAMS 0x000000074a900000, 0x000000074a900000| Untracked 
| 146|0x000000074aa00000, 0x000000074aa00000, 0x000000074ab00000|  0%| F|  |TAMS 0x000000074aa00000, 0x000000074aa00000| Untracked 
| 147|0x000000074ab00000, 0x000000074ab00000, 0x000000074ac00000|  0%| F|  |TAMS 0x000000074ab00000, 0x000000074ab00000| Untracked 
| 148|0x000000074ac00000, 0x000000074ac00000, 0x000000074ad00000|  0%| F|  |TAMS 0x000000074ac00000, 0x000000074ac00000| Untracked 
| 149|0x000000074ad00000, 0x000000074ad00000, 0x000000074ae00000|  0%| F|  |TAMS 0x000000074ad00000, 0x000000074ad00000| Untracked 
| 150|0x000000074ae00000, 0x000000074ae00000, 0x000000074af00000|  0%| F|  |TAMS 0x000000074ae00000, 0x000000074ae00000| Untracked 
| 151|0x000000074af00000, 0x000000074af00000, 0x000000074b000000|  0%| F|  |TAMS 0x000000074af00000, 0x000000074af00000| Untracked 
| 152|0x000000074b000000, 0x000000074b000000, 0x000000074b100000|  0%| F|  |TAMS 0x000000074b000000, 0x000000074b000000| Untracked 
| 153|0x000000074b100000, 0x000000074b100000, 0x000000074b200000|  0%| F|  |TAMS 0x000000074b100000, 0x000000074b100000| Untracked 
| 154|0x000000074b200000, 0x000000074b200000, 0x000000074b300000|  0%| F|  |TAMS 0x000000074b200000, 0x000000074b200000| Untracked 
| 155|0x000000074b300000, 0x000000074b300000, 0x000000074b400000|  0%| F|  |TAMS 0x000000074b300000, 0x000000074b300000| Untracked 
| 156|0x000000074b400000, 0x000000074b400000, 0x000000074b500000|  0%| F|  |TAMS 0x000000074b400000, 0x000000074b400000| Untracked 
| 157|0x000000074b500000, 0x000000074b500000, 0x000000074b600000|  0%| F|  |TAMS 0x000000074b500000, 0x000000074b500000| Untracked 
| 158|0x000000074b600000, 0x000000074b600000, 0x000000074b700000|  0%| F|  |TAMS 0x000000074b600000, 0x000000074b600000| Untracked 
| 159|0x000000074b700000, 0x000000074b700000, 0x000000074b800000|  0%| F|  |TAMS 0x000000074b700000, 0x000000074b700000| Untracked 
| 160|0x000000074b800000, 0x000000074b800000, 0x000000074b900000|  0%| F|  |TAMS 0x000000074b800000, 0x000000074b800000| Untracked 
| 161|0x000000074b900000, 0x000000074b900000, 0x000000074ba00000|  0%| F|  |TAMS 0x000000074b900000, 0x000000074b900000| Untracked 
| 162|0x000000074ba00000, 0x000000074ba00000, 0x000000074bb00000|  0%| F|  |TAMS 0x000000074ba00000, 0x000000074ba00000| Untracked 
| 163|0x000000074bb00000, 0x000000074bb00000, 0x000000074bc00000|  0%| F|  |TAMS 0x000000074bb00000, 0x000000074bb00000| Untracked 
| 164|0x000000074bc00000, 0x000000074bc00000, 0x000000074bd00000|  0%| F|  |TAMS 0x000000074bc00000, 0x000000074bc00000| Untracked 
| 165|0x000000074bd00000, 0x000000074bd00000, 0x000000074be00000|  0%| F|  |TAMS 0x000000074bd00000, 0x000000074bd00000| Untracked 
| 166|0x000000074be00000, 0x000000074be7bba8, 0x000000074bf00000| 48%| S|CS|TAMS 0x000000074be00000, 0x000000074be00000| Complete 
| 167|0x000000074bf00000, 0x000000074bf00000, 0x000000074c000000|  0%| F|  |TAMS 0x000000074bf00000, 0x000000074bf00000| Untracked 
| 168|0x000000074c000000, 0x000000074c000000, 0x000000074c100000|  0%| F|  |TAMS 0x000000074c000000, 0x000000074c000000| Untracked 
| 169|0x000000074c100000, 0x000000074c100000, 0x000000074c200000|  0%| F|  |TAMS 0x000000074c100000, 0x000000074c100000| Untracked 
| 170|0x000000074c200000, 0x000000074c300000, 0x000000074c300000|100%| S|CS|TAMS 0x000000074c200000, 0x000000074c200000| Complete 
| 171|0x000000074c300000, 0x000000074c400000, 0x000000074c400000|100%| S|CS|TAMS 0x000000074c300000, 0x000000074c300000| Complete 
| 172|0x000000074c400000, 0x000000074c500000, 0x000000074c500000|100%| S|CS|TAMS 0x000000074c400000, 0x000000074c400000| Complete 
| 173|0x000000074c500000, 0x000000074c600000, 0x000000074c600000|100%| S|CS|TAMS 0x000000074c500000, 0x000000074c500000| Complete 
| 174|0x000000074c600000, 0x000000074c700000, 0x000000074c700000|100%| S|CS|TAMS 0x000000074c600000, 0x000000074c600000| Complete 
| 175|0x000000074c700000, 0x000000074c700000, 0x000000074c800000|  0%| F|  |TAMS 0x000000074c700000, 0x000000074c700000| Untracked 
| 176|0x000000074c800000, 0x000000074c800000, 0x000000074c900000|  0%| F|  |TAMS 0x000000074c800000, 0x000000074c800000| Untracked 
| 177|0x000000074c900000, 0x000000074c900000, 0x000000074ca00000|  0%| F|  |TAMS 0x000000074c900000, 0x000000074c900000| Untracked 
| 178|0x000000074ca00000, 0x000000074ca00000, 0x000000074cb00000|  0%| F|  |TAMS 0x000000074ca00000, 0x000000074ca00000| Untracked 
| 179|0x000000074cb00000, 0x000000074cb00000, 0x000000074cc00000|  0%| F|  |TAMS 0x000000074cb00000, 0x000000074cb00000| Untracked 
| 180|0x000000074cc00000, 0x000000074cc00000, 0x000000074cd00000|  0%| F|  |TAMS 0x000000074cc00000, 0x000000074cc00000| Untracked 
| 181|0x000000074cd00000, 0x000000074cd00000, 0x000000074ce00000|  0%| F|  |TAMS 0x000000074cd00000, 0x000000074cd00000| Untracked 
| 182|0x000000074ce00000, 0x000000074ce00000, 0x000000074cf00000|  0%| F|  |TAMS 0x000000074ce00000, 0x000000074ce00000| Untracked 
| 183|0x000000074cf00000, 0x000000074cf00000, 0x000000074d000000|  0%| F|  |TAMS 0x000000074cf00000, 0x000000074cf00000| Untracked 
| 184|0x000000074d000000, 0x000000074d000000, 0x000000074d100000|  0%| F|  |TAMS 0x000000074d000000, 0x000000074d000000| Untracked 
| 185|0x000000074d100000, 0x000000074d100000, 0x000000074d200000|  0%| F|  |TAMS 0x000000074d100000, 0x000000074d100000| Untracked 
| 186|0x000000074d200000, 0x000000074d2a6e80, 0x000000074d300000| 65%| E|  |TAMS 0x000000074d200000, 0x000000074d200000| Complete 
| 187|0x000000074d300000, 0x000000074d400000, 0x000000074d400000|100%| E|CS|TAMS 0x000000074d300000, 0x000000074d300000| Complete 
| 188|0x000000074d400000, 0x000000074d500000, 0x000000074d500000|100%| E|CS|TAMS 0x000000074d400000, 0x000000074d400000| Complete 
| 189|0x000000074d500000, 0x000000074d600000, 0x000000074d600000|100%| E|CS|TAMS 0x000000074d500000, 0x000000074d500000| Complete 
| 190|0x000000074d600000, 0x000000074d700000, 0x000000074d700000|100%| E|CS|TAMS 0x000000074d600000, 0x000000074d600000| Complete 
| 191|0x000000074d700000, 0x000000074d800000, 0x000000074d800000|100%| E|CS|TAMS 0x000000074d700000, 0x000000074d700000| Complete 

Card table byte_map: [0x000000001a890000,0x000000001ae90000] _byte_map_base: 0x0000000016e84000

Marking Bits (Prev, Next): (CMBitMap*) 0x0000000002c8fe20, (CMBitMap*) 0x0000000002c8fde8
 Prev Bits: [0x000000001e430000, 0x00000000213d0000)
 Next Bits: [0x000000001b490000, 0x000000001e430000)

Polling page: 0x0000000000900000

Metaspace:

Usage:
  Non-class:     20.52 MB capacity,    20.04 MB ( 98%) used,   408.56 KB (  2%) free+waste,    86.94 KB ( <1%) overhead. 
      Class:      3.22 MB capacity,     2.84 MB ( 88%) used,   334.74 KB ( 10%) free+waste,    47.31 KB (  1%) overhead. 
       Both:     23.74 MB capacity,    22.88 MB ( 96%) used,   743.30 KB (  3%) free+waste,   134.25 KB ( <1%) overhead. 

Virtual space:
  Non-class space:       22.00 MB reserved,      20.75 MB ( 94%) committed 
      Class space:        1.00 GB reserved,       3.25 MB ( <1%) committed 
             Both:        1.02 GB reserved,      24.00 MB (  2%) committed 

Chunk freelists:
   Non-Class:  5.25 KB
       Class:  128 bytes
        Both:  5.38 KB

CodeHeap 'non-profiled nmethods': size=120064Kb used=566Kb max_used=566Kb free=119497Kb
 bounds [0x0000000012a20000, 0x0000000012c90000, 0x0000000019f60000]
CodeHeap 'profiled nmethods': size=120000Kb used=2924Kb max_used=2924Kb free=117075Kb
 bounds [0x000000000b4f0000, 0x000000000b7d0000, 0x0000000012a20000]
CodeHeap 'non-nmethods': size=5696Kb used=1362Kb max_used=1378Kb free=4333Kb
 bounds [0x000000000af60000, 0x000000000b1d0000, 0x000000000b4f0000]
 total_blobs=2588 nmethods=1521 adapters=695
 compilation: enabled
              stopped_count=0, restarted_count=0
 full_count=0

Compilation events (10 events):
Event: 1.043 Thread 0x0000000024c68000 nmethod 1451 0x000000000b7a4210 code [0x000000000b7a43c0, 0x000000000b7a4530]
Event: 1.043 Thread 0x0000000024c68000 1452       3       java.lang.invoke.LambdaFormEditor::foldArgumentsForm (120 bytes)
Event: 1.044 Thread 0x0000000024c68000 nmethod 1452 0x000000000b7a4610 code [0x000000000b7a4840, 0x000000000b7a4ef0]
Event: 1.046 Thread 0x0000000024c68000 1453       3       java.lang.Character::digit (6 bytes)
Event: 1.046 Thread 0x0000000024c68000 nmethod 1453 0x000000000b7a5210 code [0x000000000b7a53e0, 0x000000000b7a5680]
Event: 1.046 Thread 0x0000000024c68000 1454       3       java.lang.Character::digit (10 bytes)
Event: 1.046 Thread 0x0000000024c68000 nmethod 1454 0x000000000b7a5790 code [0x000000000b7a5960, 0x000000000b7a5bc0]
Event: 1.049 Thread 0x0000000024c68000 1455       3       java.lang.CharacterDataLatin1::digit (32 bytes)
Event: 1.049 Thread 0x0000000024c68000 nmethod 1455 0x000000000b7a5c90 code [0x000000000b7a5e60, 0x000000000b7a60f8]
Event: 1.049 Thread 0x0000000024c68000 1456       3       java.lang.Integer::parseInt (259 bytes)

GC Heap History (4 events):
Event: 0.628 GC heap before
{Heap before GC invocations=0 (full 0):
 garbage-first heap   total 196608K, used 22528K [0x0000000741800000, 0x0000000800000000)
  region size 1024K, 22 young (22528K), 0 survivors (0K)
 Metaspace       used 14895K, capacity 15310K, committed 15488K, reserved 1062912K
  class space    used 1639K, capacity 1796K, committed 1920K, reserved 1048576K
}
Event: 0.631 GC heap after
{Heap after GC invocations=1 (full 0):
 garbage-first heap   total 196608K, used 4933K [0x0000000741800000, 0x0000000800000000)
  region size 1024K, 3 young (3072K), 3 survivors (3072K)
 Metaspace       used 14895K, capacity 15310K, committed 15488K, reserved 1062912K
  class space    used 1639K, capacity 1796K, committed 1920K, reserved 1048576K
}
Event: 1.000 GC heap before
{Heap before GC invocations=1 (full 0):
 garbage-first heap   total 196608K, used 21317K [0x0000000741800000, 0x0000000800000000)
  region size 1024K, 20 young (20480K), 3 survivors (3072K)
 Metaspace       used 20552K, capacity 21173K, committed 21248K, reserved 1067008K
  class space    used 2530K, capacity 2789K, committed 2816K, reserved 1048576K
}
Event: 1.004 GC heap after
{Heap after GC invocations=2 (full 0):
 garbage-first heap   total 196608K, used 7476K [0x0000000741800000, 0x0000000800000000)
  region size 1024K, 6 young (6144K), 6 survivors (6144K)
 Metaspace       used 20552K, capacity 21173K, committed 21248K, reserved 1067008K
  class space    used 2530K, capacity 2789K, committed 2816K, reserved 1048576K
}

Deoptimization events (10 events):
Event: 0.971 Thread 0x000000002c304800 Uncommon trap: reason=unstable_if action=reinterpret pc=0x0000000012a9764c method=java.util.Properties.loadConvert([CII[C)Ljava/lang/String; @ 97 c2
Event: 1.018 Thread 0x000000002ca04000 Uncommon trap: reason=class_check action=maybe_recompile pc=0x0000000012a98578 method=java.util.Properties$LineReader.readLine()I @ 62 c2
Event: 1.018 Thread 0x000000002ca04000 Uncommon trap: reason=class_check action=maybe_recompile pc=0x0000000012a98578 method=java.util.Properties$LineReader.readLine()I @ 62 c2
Event: 1.018 Thread 0x000000002ca04000 Uncommon trap: reason=unstable_if action=reinterpret pc=0x0000000012a98524 method=java.util.Properties$LineReader.readLine()I @ 557 c2
Event: 1.019 Thread 0x000000002ca04000 Uncommon trap: reason=unstable_if action=reinterpret pc=0x0000000012a95b68 method=java.util.Properties$LineReader.readLine()I @ 557 c2
Event: 1.022 Thread 0x000000002ca04000 Uncommon trap: reason=unstable_if action=reinterpret pc=0x0000000012a74fd8 method=java.lang.String.startsWith(Ljava/lang/String;I)Z @ 1 c2
Event: 1.039 Thread 0x0000000026afb000 Uncommon trap: reason=class_check action=maybe_recompile pc=0x0000000012a93278 method=java.util.HashMap.putVal(ILjava/lang/Object;Ljava/lang/Object;ZZ)Ljava/lang/Object; @ 91 c2
Event: 1.050 Thread 0x000000002ca04000 Uncommon trap: reason=class_check action=maybe_recompile pc=0x0000000012a932f0 method=java.util.HashMap.putVal(ILjava/lang/Object;Ljava/lang/Object;ZZ)Ljava/lang/Object; @ 203 c2
Event: 1.050 Thread 0x000000002ca04000 Uncommon trap: reason=class_check action=maybe_recompile pc=0x0000000012a932f0 method=java.util.HashMap.putVal(ILjava/lang/Object;Ljava/lang/Object;ZZ)Ljava/lang/Object; @ 203 c2
Event: 1.050 Thread 0x000000002ca04000 Uncommon trap: reason=class_check action=maybe_recompile pc=0x0000000012a932f0 method=java.util.HashMap.putVal(ILjava/lang/Object;Ljava/lang/Object;ZZ)Ljava/lang/Object; @ 203 c2

Classes redefined (0 events):
No events

Internal exceptions (10 events):
Event: 1.006 Thread 0x000000002cb60000 Exception <a 'java/lang/NoSuchMethodError'{0x000000074d733980}: java.lang.invoke.DirectMethodHandle$Holder.invokeStatic(Ljava/lang/Object;Ljava/lang/Object;Ljava/lang/Object;Ljava/lang/Object;Ljava/lang/Object;Ljava/lang/Object;Ljava/lang/Object;Ljava/lan
Event: 1.016 Thread 0x000000002cb60000 Exception <a 'java/lang/NoSuchMethodError'{0x000000074d687d10}: java.lang.invoke.DelegatingMethodHandle$Holder.reinvoke_L(Ljava/lang/Object;Ljava/lang/Object;IILjava/lang/Object;Ljava/lang/Object;Ljava/lang/Object;Ljava/lang/Object;Ljava/lang/Object;Ljava
Event: 1.018 Thread 0x000000002cb60000 Exception <a 'java/lang/NoSuchMethodError'{0x000000074d6ed1f8}: java.lang.invoke.DirectMethodHandle$Holder.invokeSpecial(Ljava/lang/Object;Ljava/lang/Object;IIILjava/lang/Object;Ljava/lang/Object;Ljava/lang/Object;Ljava/lang/Object;Ljava/lang/Object;Ljava
Event: 1.018 Thread 0x000000002cb60000 Exception <a 'java/lang/NoSuchMethodError'{0x000000074d6f0e70}: java.lang.invoke.DelegatingMethodHandle$Holder.reinvoke_L(Ljava/lang/Object;IIILjava/lang/Object;Ljava/lang/Object;Ljava/lang/Object;Ljava/lang/Object;Ljava/lang/Object;Ljava/lang/Object;Ljav
Event: 1.019 Thread 0x000000002cb60000 Exception <a 'java/lang/NoSuchMethodError'{0x000000074d514c28}: java.lang.invoke.DirectMethodHandle$Holder.invokeStatic(Ljava/lang/Object;Ljava/lang/Object;Ljava/lang/Object;Ljava/lang/Object;Ljava/lang/Object;Ljava/lang/Object;Ljava/lang/Object;I)Ljava/l
Event: 1.020 Thread 0x000000002cb60000 Exception <a 'java/lang/NoSuchMethodError'{0x000000074d52dc30}: java.lang.invoke.DirectMethodHandle$Holder.invokeStatic(Ljava/lang/Object;Ljava/lang/Object;Ljava/lang/Object;Ljava/lang/Object;Ljava/lang/Object;Ljava/lang/Object;Ljava/lang/Object;II)Ljava/
Event: 1.021 Thread 0x000000002cb60000 Exception <a 'java/lang/NoSuchMethodError'{0x000000074d547bd8}: java.lang.invoke.DirectMethodHandle$Holder.invokeStatic(Ljava/lang/Object;Ljava/lang/Object;Ljava/lang/Object;Ljava/lang/Object;Ljava/lang/Object;Ljava/lang/Object;Ljava/lang/Object;IILjava/l
Event: 1.021 Thread 0x000000002cb60000 Exception <a 'java/lang/NoSuchMethodError'{0x000000074d562fc0}: java.lang.invoke.DirectMethodHandle$Holder.invokeStatic(Ljava/lang/Object;Ljava/lang/Object;Ljava/lang/Object;Ljava/lang/Object;Ljava/lang/Object;Ljava/lang/Object;Ljava/lang/Object;IILjava/l
Event: 1.026 Thread 0x000000002cb60000 Exception <a 'java/lang/NoSuchMethodError'{0x000000074d435438}: java.lang.invoke.DirectMethodHandle$Holder.invokeSpecial(Ljava/lang/Object;Ljava/lang/Object;Ljava/lang/Object;Ljava/lang/Object;Ljava/lang/Object;Ljava/lang/Object;Ljava/lang/Object;Ljava/la
Event: 1.026 Thread 0x000000002cb60000 Exception <a 'java/lang/NoSuchMethodError'{0x000000074d439820}: java.lang.invoke.Invokers$Holder.linkToTargetMethod(Ljava/lang/Object;Ljava/lang/Object;Ljava/lang/Object;Ljava/lang/Object;Ljava/lang/Object;Ljava/lang/Object;Ljava/lang/Object;Ljava/lang/Ob

Events (10 events):
Event: 1.050 Thread 0x000000002ca04000 DEOPT PACKING pc=0x0000000012a932f0 sp=0x0000000032639ea0
Event: 1.050 Thread 0x000000002ca04000 DEOPT UNPACKING pc=0x000000000af891af sp=0x0000000032639e40 mode 2
Event: 1.050 loading class java/util/concurrent/ConcurrentSkipListMap$Iter
Event: 1.050 loading class javax/swing/UIDefaults$ActiveValue
Event: 1.050 loading class java/util/concurrent/ConcurrentSkipListMap$Iter done
Event: 1.050 loading class javax/swing/UIDefaults$ActiveValue done
Event: 1.050 loading class java/util/concurrent/ConcurrentSkipListMap$KeyIterator done
Event: 1.050 loading class javax/swing/plaf/InsetsUIResource
Event: 1.050 loading class java/net/InetAddress$NameServiceAddresses
Event: 1.050 loading class javax/swing/plaf/InsetsUIResource done


Dynamic libraries:
0x0000000000400000 - 0x00000000004d2000 	C:\Program Files\BlueJ\BlueJ.exe
0x00007fffcb550000 - 0x00007fffcb746000 	C:\WINDOWS\SYSTEM32\ntdll.dll
0x00007fffa6870000 - 0x00007fffa6882000 	C:\Program Files\AVAST Software\Avast\aswhook.dll
0x00007fffc9810000 - 0x00007fffc98cd000 	C:\WINDOWS\System32\KERNEL32.DLL
0x00007fffc8ca0000 - 0x00007fffc8f68000 	C:\WINDOWS\System32\KERNELBASE.dll
0x00007fffc6620000 - 0x00007fffc66b0000 	C:\WINDOWS\SYSTEM32\apphelp.dll
0x00007fffca330000 - 0x00007fffca3ce000 	C:\WINDOWS\System32\msvcrt.dll
0x00007fffcabc0000 - 0x00007fffcb300000 	C:\WINDOWS\System32\SHELL32.dll
0x00007fffc9470000 - 0x00007fffc950d000 	C:\WINDOWS\System32\msvcp_win.dll
0x00007fffc8f70000 - 0x00007fffc9070000 	C:\WINDOWS\System32\ucrtbase.dll
0x00007fffca0b0000 - 0x00007fffca250000 	C:\WINDOWS\System32\USER32.dll
0x00007fffc9140000 - 0x00007fffc9162000 	C:\WINDOWS\System32\win32u.dll
0x00007fffc97e0000 - 0x00007fffc980a000 	C:\WINDOWS\System32\GDI32.dll
0x00007fffc9170000 - 0x00007fffc9279000 	C:\WINDOWS\System32\gdi32full.dll
0x00007fffc9e10000 - 0x00007fffc9e65000 	C:\WINDOWS\System32\SHLWAPI.dll
0x00007fffc2750000 - 0x00007fffc275a000 	C:\WINDOWS\SYSTEM32\VERSION.dll
0x00007fffc9ed0000 - 0x00007fffc9f00000 	C:\WINDOWS\System32\IMM32.DLL
0x00007fffca250000 - 0x00007fffca2fe000 	C:\WINDOWS\System32\shcore.dll
0x00007fffc9a00000 - 0x00007fffc9d55000 	C:\WINDOWS\System32\combase.dll
0x00007fffca3d0000 - 0x00007fffca4f4000 	C:\WINDOWS\System32\RPCRT4.dll
0x00007fff803f0000 - 0x00007fff80f13000 	C:\Program Files\BlueJ\jdk\bin\server\jvm.dll
0x00007fffc9950000 - 0x00007fffc99fa000 	C:\WINDOWS\System32\ADVAPI32.dll
0x00007fffca6b0000 - 0x00007fffca74b000 	C:\WINDOWS\System32\sechost.dll
0x00007fffc9620000 - 0x00007fffc9628000 	C:\WINDOWS\System32\PSAPI.DLL
0x00007fffbe250000 - 0x00007fffbe259000 	C:\WINDOWS\SYSTEM32\WSOCK32.dll
0x00007fffca640000 - 0x00007fffca6ab000 	C:\WINDOWS\System32\WS2_32.dll
0x00007fffbd400000 - 0x00007fffbd427000 	C:\WINDOWS\SYSTEM32\WINMM.dll
0x00007fffacab0000 - 0x00007fffacac6000 	C:\Program Files\BlueJ\jdk\bin\VCRUNTIME140.dll
0x00007fffaaf90000 - 0x00007fffaafa1000 	C:\Program Files\BlueJ\jdk\bin\verify.dll
0x00007fffbffa0000 - 0x00007fffc0184000 	C:\WINDOWS\SYSTEM32\DBGHELP.DLL
0x00007fffbfda0000 - 0x00007fffbfdcc000 	C:\WINDOWS\SYSTEM32\dbgcore.DLL
0x00007fffc9070000 - 0x00007fffc90ef000 	C:\WINDOWS\System32\bcryptPrimitives.dll
0x00007fffa7770000 - 0x00007fffa7798000 	C:\Program Files\BlueJ\jdk\bin\java.dll
0x00007fffa6a70000 - 0x00007fffa6a86000 	C:\Program Files\BlueJ\jdk\bin\zip.dll
0x00007fffc5e20000 - 0x00007fffc5e2a000 	C:\Program Files\BlueJ\jdk\bin\jimage.dll
0x00007fffc6c10000 - 0x00007fffc6c22000 	C:\WINDOWS\SYSTEM32\kernel.appcore.dll
0x00007fffc6e10000 - 0x00007fffc75a4000 	C:\WINDOWS\SYSTEM32\windows.storage.dll
0x00007fffc8710000 - 0x00007fffc873c000 	C:\WINDOWS\SYSTEM32\Wldp.dll
0x00007fffc8bd0000 - 0x00007fffc8bf6000 	C:\WINDOWS\SYSTEM32\profapi.dll
0x00007fffa6430000 - 0x00007fffa6449000 	C:\Program Files\BlueJ\jdk\bin\net.dll
0x00007fffc25c0000 - 0x00007fffc26c0000 	C:\WINDOWS\SYSTEM32\WINHTTP.dll
0x00007fffb1620000 - 0x00007fffb180d000 	C:\WINDOWS\SYSTEM32\urlmon.dll
0x00007fffb0280000 - 0x00007fffb0530000 	C:\WINDOWS\SYSTEM32\iertutil.dll
0x00007fffc8490000 - 0x00007fffc84fa000 	C:\WINDOWS\system32\mswsock.dll
0x00007fffa5c60000 - 0x00007fffa5c73000 	C:\Program Files\BlueJ\jdk\bin\nio.dll
0x0000000180000000 - 0x0000000180003000 	C:\Program Files\BlueJ\lib\javafx\bin\api-ms-win-core-console-l1-1-0.dll
0x0000000002c10000 - 0x0000000002c13000 	C:\Program Files\BlueJ\lib\javafx\bin\api-ms-win-core-datetime-l1-1-0.dll
0x0000000027150000 - 0x0000000027153000 	C:\Program Files\BlueJ\lib\javafx\bin\api-ms-win-core-debug-l1-1-0.dll
0x0000000027160000 - 0x0000000027163000 	C:\Program Files\BlueJ\lib\javafx\bin\api-ms-win-core-errorhandling-l1-1-0.dll
0x0000000027170000 - 0x0000000027174000 	C:\Program Files\BlueJ\lib\javafx\bin\api-ms-win-core-file-l1-1-0.dll
0x0000000027180000 - 0x0000000027183000 	C:\Program Files\BlueJ\lib\javafx\bin\api-ms-win-core-file-l1-2-0.dll
0x0000000027190000 - 0x0000000027193000 	C:\Program Files\BlueJ\lib\javafx\bin\api-ms-win-core-file-l2-1-0.dll
0x00000000271a0000 - 0x00000000271a3000 	C:\Program Files\BlueJ\lib\javafx\bin\api-ms-win-core-handle-l1-1-0.dll
0x00000000271b0000 - 0x00000000271b3000 	C:\Program Files\BlueJ\lib\javafx\bin\api-ms-win-core-heap-l1-1-0.dll
0x00000000271c0000 - 0x00000000271c3000 	C:\Program Files\BlueJ\lib\javafx\bin\api-ms-win-core-interlocked-l1-1-0.dll
0x00000000271d0000 - 0x00000000271d3000 	C:\Program Files\BlueJ\lib\javafx\bin\api-ms-win-core-libraryloader-l1-1-0.dll
0x00000000271e0000 - 0x00000000271e3000 	C:\Program Files\BlueJ\lib\javafx\bin\api-ms-win-core-localization-l1-2-0.dll
0x00000000271f0000 - 0x00000000271f3000 	C:\Program Files\BlueJ\lib\javafx\bin\api-ms-win-core-memory-l1-1-0.dll
0x0000000027200000 - 0x0000000027203000 	C:\Program Files\BlueJ\lib\javafx\bin\api-ms-win-core-namedpipe-l1-1-0.dll
0x0000000027210000 - 0x0000000027213000 	C:\Program Files\BlueJ\lib\javafx\bin\api-ms-win-core-processenvironment-l1-1-0.dll
0x0000000027220000 - 0x0000000027223000 	C:\Program Files\BlueJ\lib\javafx\bin\api-ms-win-core-processthreads-l1-1-0.dll
0x0000000027230000 - 0x0000000027233000 	C:\Program Files\BlueJ\lib\javafx\bin\api-ms-win-core-processthreads-l1-1-1.dll
0x0000000027240000 - 0x0000000027243000 	C:\Program Files\BlueJ\lib\javafx\bin\api-ms-win-core-profile-l1-1-0.dll
0x0000000027250000 - 0x0000000027253000 	C:\Program Files\BlueJ\lib\javafx\bin\api-ms-win-core-rtlsupport-l1-1-0.dll
0x0000000027260000 - 0x0000000027263000 	C:\Program Files\BlueJ\lib\javafx\bin\api-ms-win-core-string-l1-1-0.dll
0x0000000027270000 - 0x0000000027273000 	C:\Program Files\BlueJ\lib\javafx\bin\api-ms-win-core-synch-l1-1-0.dll
0x0000000027280000 - 0x0000000027283000 	C:\Program Files\BlueJ\lib\javafx\bin\api-ms-win-core-synch-l1-2-0.dll
0x0000000027290000 - 0x0000000027293000 	C:\Program Files\BlueJ\lib\javafx\bin\api-ms-win-core-sysinfo-l1-1-0.dll
0x00000000272a0000 - 0x00000000272a3000 	C:\Program Files\BlueJ\lib\javafx\bin\api-ms-win-core-timezone-l1-1-0.dll
0x00000000272b0000 - 0x00000000272b3000 	C:\Program Files\BlueJ\lib\javafx\bin\api-ms-win-core-util-l1-1-0.dll
0x00000000272c0000 - 0x00000000272c3000 	C:\Program Files\BlueJ\lib\javafx\bin\api-ms-win-crt-conio-l1-1-0.dll
0x00000000272d0000 - 0x00000000272d4000 	C:\Program Files\BlueJ\lib\javafx\bin\api-ms-win-crt-convert-l1-1-0.dll
0x00000000272e0000 - 0x00000000272e3000 	C:\Program Files\BlueJ\lib\javafx\bin\api-ms-win-crt-environment-l1-1-0.dll
0x00000000272f0000 - 0x00000000272f3000 	C:\Program Files\BlueJ\lib\javafx\bin\api-ms-win-crt-filesystem-l1-1-0.dll
0x0000000027300000 - 0x0000000027303000 	C:\Program Files\BlueJ\lib\javafx\bin\api-ms-win-crt-heap-l1-1-0.dll
0x0000000027310000 - 0x0000000027313000 	C:\Program Files\BlueJ\lib\javafx\bin\api-ms-win-crt-locale-l1-1-0.dll
0x0000000027320000 - 0x0000000027325000 	C:\Program Files\BlueJ\lib\javafx\bin\api-ms-win-crt-math-l1-1-0.dll
0x0000000027330000 - 0x0000000027335000 	C:\Program Files\BlueJ\lib\javafx\bin\api-ms-win-crt-multibyte-l1-1-0.dll
0x0000000027340000 - 0x0000000027350000 	C:\Program Files\BlueJ\lib\javafx\bin\api-ms-win-crt-private-l1-1-0.dll
0x0000000027350000 - 0x0000000027353000 	C:\Program Files\BlueJ\lib\javafx\bin\api-ms-win-crt-process-l1-1-0.dll
0x0000000027360000 - 0x0000000027364000 	C:\Program Files\BlueJ\lib\javafx\bin\api-ms-win-crt-runtime-l1-1-0.dll
0x0000000027370000 - 0x0000000027374000 	C:\Program Files\BlueJ\lib\javafx\bin\api-ms-win-crt-stdio-l1-1-0.dll
0x0000000027380000 - 0x0000000027384000 	C:\Program Files\BlueJ\lib\javafx\bin\api-ms-win-crt-string-l1-1-0.dll
0x0000000027390000 - 0x0000000027393000 	C:\Program Files\BlueJ\lib\javafx\bin\api-ms-win-crt-time-l1-1-0.dll
0x00000000273a0000 - 0x00000000273a3000 	C:\Program Files\BlueJ\lib\javafx\bin\api-ms-win-crt-utility-l1-1-0.dll
0x00007fff92590000 - 0x00007fff9268a000 	C:\Program Files\BlueJ\lib\javafx\bin\ucrtbase.dll
0x00007fffa53b0000 - 0x00007fffa53c6000 	C:\Program Files\BlueJ\lib\javafx\bin\vcruntime140.dll
0x00007fff913a0000 - 0x00007fff91446000 	C:\Program Files\BlueJ\lib\javafx\bin\msvcp140.dll
0x00007fff98b70000 - 0x00007fff98bc1000 	C:\Program Files\BlueJ\lib\javafx\bin\concrt140.dll
0x00007fff9fee0000 - 0x00007fff9ff03000 	C:\Program Files\BlueJ\lib\javafx\bin\prism_d3d.dll
0x00007fffbf830000 - 0x00007fffbf9fe000 	C:\WINDOWS\system32\d3d9.dll
0x00007fffc6a30000 - 0x00007fffc6a5f000 	C:\WINDOWS\SYSTEM32\dwmapi.dll
0x00007fffc6750000 - 0x00007fffc67ef000 	C:\WINDOWS\system32\uxtheme.dll
0x00007fffc0270000 - 0x00007fffc035e000 	C:\WINDOWS\System32\DriverStore\FileRepository\nvhdc.inf_amd64_1683e6c24d03a407\nvldumdx.dll
0x00007fffc9310000 - 0x00007fffc946d000 	C:\WINDOWS\System32\crypt32.dll
0x00007fffc92b0000 - 0x00007fffc9310000 	C:\WINDOWS\System32\WINTRUST.DLL
0x00007fffc8890000 - 0x00007fffc88a2000 	C:\WINDOWS\SYSTEM32\MSASN1.dll
0x00007fffca300000 - 0x00007fffca31d000 	C:\WINDOWS\System32\imagehlp.dll
0x00007fffc8660000 - 0x00007fffc8678000 	C:\WINDOWS\SYSTEM32\CRYPTSP.dll
0x00007fffc7db0000 - 0x00007fffc7de4000 	C:\WINDOWS\system32\rsaenh.dll
0x00007fffc9280000 - 0x00007fffc92a7000 	C:\WINDOWS\System32\bcrypt.dll
0x00007fffc8680000 - 0x00007fffc868c000 	C:\WINDOWS\SYSTEM32\CRYPTBASE.dll
0x00007fff8c860000 - 0x00007fff8dcfa000 	C:\WINDOWS\System32\DriverStore\FileRepository\nvhdc.inf_amd64_1683e6c24d03a407\nvd3dumx.dll
0x00007fff9afd0000 - 0x00007fff9b015000 	C:\Program Files\BlueJ\lib\javafx\bin\glass.dll
0x00007fffcb360000 - 0x00007fffcb43a000 	C:\WINDOWS\System32\COMDLG32.dll
0x00007fffca500000 - 0x00007fffca62a000 	C:\WINDOWS\System32\ole32.dll
0x00007fffcb440000 - 0x00007fffcb50d000 	C:\WINDOWS\System32\OLEAUT32.dll
0x00007fffbf780000 - 0x00007fffbf830000 	C:\WINDOWS\WinSxS\amd64_microsoft.windows.common-controls_6595b64144ccf1df_5.82.19041.488_none_4238de57f6b64d28\COMCTL32.dll
0x00007fffc9f00000 - 0x00007fffca015000 	C:\WINDOWS\System32\MSCTF.dll
0x00007fffc82a0000 - 0x00007fffc82eb000 	C:\WINDOWS\system32\powrprof.dll
0x00007fffc8110000 - 0x00007fffc8122000 	C:\WINDOWS\SYSTEM32\UMPDC.dll
0x00007fff9f7f0000 - 0x00007fff9fab1000 	C:\WINDOWS\system32\nvspcap64.dll
0x00007fffc79e0000 - 0x00007fffc7a13000 	C:\WINDOWS\SYSTEM32\ntmarta.dll
0x00007fffc75c0000 - 0x00007fffc75e3000 	C:\WINDOWS\SYSTEM32\gpapi.dll
0x00007fffbfc10000 - 0x00007fffbfc41000 	C:\WINDOWS\SYSTEM32\cryptnet.dll
0x00007fffc04d0000 - 0x00007fffc050b000 	C:\WINDOWS\SYSTEM32\dxcore.dll
0x00007fffc90f0000 - 0x00007fffc913e000 	C:\WINDOWS\System32\cfgmgr32.dll
0x00007fff8c2b0000 - 0x00007fff8c44e000 	C:\Program Files\BlueJ\jdk\bin\awt.dll
0x00007fffc52c0000 - 0x00007fffc5880000 	C:\WINDOWS\SYSTEM32\d2d1.dll
0x00007fffa2170000 - 0x00007fffa2184000 	C:\Program Files\BlueJ\lib\javafx\bin\javafx_font.dll
0x00007fffaa740000 - 0x00007fffaa9bf000 	C:\WINDOWS\SYSTEM32\dwrite.dll
0x00007fffc9d60000 - 0x00007fffc9e09000 	C:\WINDOWS\System32\clbcatq.dll
0x00007fffbc7c0000 - 0x00007fffbca5b000 	C:\WINDOWS\WinSxS\amd64_microsoft.windows.common-controls_6595b64144ccf1df_6.0.19041.488_none_ca04af081b815d21\comctl32.dll
0x00007fffc3000000 - 0x00007fffc31b4000 	C:\WINDOWS\SYSTEM32\WindowsCodecs.dll
0x00007fffb4a60000 - 0x00007fffb4a9e000 	C:\WINDOWS\system32\dataexchange.dll
0x00007fffc4a90000 - 0x00007fffc4cf4000 	C:\WINDOWS\system32\d3d11.dll
0x00007fffc59e0000 - 0x00007fffc5bc5000 	C:\WINDOWS\system32\dcomp.dll
0x00007fffc75f0000 - 0x00007fffc76e3000 	C:\WINDOWS\system32\dxgi.dll

dbghelp: loaded successfully - version: 4.0.5 - missing functions: none
symbol engine: initialized successfully - sym options: 0x614 - pdb path: .;C:\Program Files\BlueJ;C:\WINDOWS\SYSTEM32;C:\Program Files\AVAST Software\Avast;C:\Program Files\BlueJ\jdk\bin\server;C:\Program Files\BlueJ\jdk\bin;C:\Program Files\BlueJ\lib\javafx\bin;C:\WINDOWS\System32\DriverStore\FileRepository\nvhdc.inf_amd64_1683e6c24d03a407;C:\WINDOWS\WinSxS\amd64_microsoft.windows.common-controls_6595b64144ccf1df_5.82.19041.488_none_4238de57f6b64d28;C:\WINDOWS\WinSxS\amd64_microsoft.windows.common-controls_6595b64144ccf1df_6.0.19041.488_none_ca04af081b815d21;C:\Program Files\Common Files\Microsoft Shared\Ink

VM Arguments:
jvm_args: -Djavafx.embed.singleThread=true 
java_command: <unknown>
java_class_path (initial): C:\Program Files\BlueJ\lib\bluej.jar;C:\Program Files\BlueJ\lib\javafx\lib\javafx.base.jar;C:\Program Files\BlueJ\lib\javafx\lib\javafx.controls.jar;C:\Program Files\BlueJ\lib\javafx\lib\javafx.fxml.jar;C:\Program Files\BlueJ\lib\javafx\lib\javafx.graphics.jar;C:\Program Files\BlueJ\lib\javafx\lib\javafx.media.jar;C:\Program Files\BlueJ\lib\javafx\lib\javafx.properties.jar;C:\Program Files\BlueJ\lib\javafx\lib\javafx.swing.jar;C:\Program Files\BlueJ\lib\javafx\lib\javafx.web.jar
Launcher Type: generic

[Global flags]
     intx CICompilerCount                          = 3                                         {product} {ergonomic}
     uint ConcGCThreads                            = 2                                         {product} {ergonomic}
     uint G1ConcRefinementThreads                  = 6                                         {product} {ergonomic}
   size_t G1HeapRegionSize                         = 1048576                                   {product} {ergonomic}
    uintx GCDrainStackTargetSize                   = 64                                        {product} {ergonomic}
   size_t InitialHeapSize                          = 201326592                                 {product} {ergonomic}
   size_t MarkStackSize                            = 4194304                                   {product} {ergonomic}
   size_t MaxHeapSize                              = 3196059648                                {product} {ergonomic}
   size_t MaxNewSize                               = 1916796928                                {product} {ergonomic}
   size_t MinHeapDeltaBytes                        = 1048576                                   {product} {ergonomic}
    uintx NonNMethodCodeHeapSize                   = 5830092                                {pd product} {ergonomic}
    uintx NonProfiledCodeHeapSize                  = 122914074                              {pd product} {ergonomic}
    uintx ProfiledCodeHeapSize                     = 122914074                              {pd product} {ergonomic}
    uintx ReservedCodeCacheSize                    = 251658240                              {pd product} {ergonomic}
     bool SegmentedCodeCache                       = true                                      {product} {ergonomic}
     bool UseCompressedClassPointers               = true                                 {lp64_product} {ergonomic}
     bool UseCompressedOops                        = true                                 {lp64_product} {ergonomic}
     bool UseG1GC                                  = true                                      {product} {ergonomic}
     bool UseLargePagesIndividualAllocation        = false                                  {pd product} {ergonomic}

Logging:
Log output configuration:
 #0: stdout all=warning uptime,level,tags
 #1: stderr all=off uptime,level,tags

Environment Variables:
JAVA_HOME=C:\Program Files\Java\jdk-11.0.8
PATH=C:\Program Files\Common Files\Oracle\Java\javapath;C:\Program Files (x86)\Common Files\Oracle\Java\javapath;C:\Program Files (x86)\Intel\Intel(R) Management Engine Components\iCLS\;C:\Program Files\Intel\Intel(R) Management Engine Components\iCLS\;C:\windows\system32;C:\windows;C:\windows\System32\Wbem;C:\windows\System32\WindowsPowerShell\v1.0\;C:\Program Files (x86)\Intel\Intel(R) Management Engine Components\DAL;C:\Program Files\Intel\Intel(R) Management Engine Components\DAL;C:\Program Files (x86)\Intel\Intel(R) Management Engine Components\IPT;C:\Program Files\Intel\Intel(R) Management Engine Components\IPT;C:\Program Files (x86)\NVIDIA Corporation\PhysX\Common;C:\WINDOWS\system32;C:\WINDOWS;C:\WINDOWS\System32\Wbem;C:\WINDOWS\System32\WindowsPowerShell\v1.0\;C:\WINDOWS\System32\OpenSSH\;C:\Program Files\NVIDIA Corporation\NVIDIA NvDLISR;C:\Program Files\Java\jdk-11.0.8\bin;;C:\WINDOWS\system32;C:\WINDOWS;C:\WINDOWS\System32\Wbem;C:\WINDOWS\System32\WindowsPowerShell\v1.0\;C:\WINDOWS\System32\OpenSSH\;C:\Users\kiara\AppData\Local\Microsoft\WindowsApps
USERNAME=kiara
OS=Windows_NT
PROCESSOR_IDENTIFIER=Intel64 Family 6 Model 158 Stepping 10, GenuineIntel



---------------  S Y S T E M  ---------------

OS: Windows 10 , 64 bit Build 19041 (10.0.19041.546)

CPU:total 6 (initial active 6) (6 cores per cpu, 1 threads per core) family 6 model 158 stepping 10, cmov, cx8, fxsr, mmx, sse, sse2, sse3, ssse3, sse4.1, sse4.2, popcnt, avx, avx2, aes, clmul, erms, 3dnowpref, lzcnt, tsc, tscinvbit, bmi1, bmi2, adx, fma

Memory: 4k page, system-wide physical 12191M (1373M free)
TotalPageFile size 49055M (AvailPageFile size 4M)
current process WorkingSet (physical memory assigned to process): 137M, peak: 137M
current process commit charge ("private bytes"): 337M, peak: 337M

vm_info: OpenJDK 64-Bit Server VM (11.0.2+9) for windows-amd64 JRE (11.0.2+9), built on Jan 18 2019 05:23:22 by "mach5one" with MS VC++ 15.5 (VS2017)

END.
